Using pre-set license
Built from '2022.3/staging' branch; Version is '2022.3.37f1 (340ba89e4c23) revision 3410856'; Using compiler version '192829333'; Build Type 'Release'
OS: 'Windows 10  (10.0.19045) 64bit Professional' Language: 'ko' Physical Memory: 31863 MB
BatchMode: 1, IsHumanControllingUs: 0, StartBugReporterOnCrash: 0, Is64bit: 1, IsPro: 1

COMMAND LINE ARGUMENTS:
C:\Program Files\Unity\Hub\Editor\2022.3.37f1\Editor\Unity.exe
-adb2
-batchMode
-noUpm
-name
AssetImportWorker1
-projectPath
C:/Users/Jonghow/ProjectLucky/ProjectLucky
-logFile
Logs/AssetImportWorker1.log
-srvPort
51952
Successfully changed project path to: C:/Users/Jonghow/ProjectLucky/ProjectLucky
C:/Users/Jonghow/ProjectLucky/ProjectLucky
[UnityMemory] Configuration Parameters - Can be set up in boot.config
    "memorysetup-bucket-allocator-granularity=16"
    "memorysetup-bucket-allocator-bucket-count=8"
    "memorysetup-bucket-allocator-block-size=33554432"
    "memorysetup-bucket-allocator-block-count=8"
    "memorysetup-main-allocator-block-size=16777216"
    "memorysetup-thread-allocator-block-size=16777216"
    "memorysetup-gfx-main-allocator-block-size=16777216"
    "memorysetup-gfx-thread-allocator-block-size=16777216"
    "memorysetup-cache-allocator-block-size=4194304"
    "memorysetup-typetree-allocator-block-size=2097152"
    "memorysetup-profiler-bucket-allocator-granularity=16"
    "memorysetup-profiler-bucket-allocator-bucket-count=8"
    "memorysetup-profiler-bucket-allocator-block-size=33554432"
    "memorysetup-profiler-bucket-allocator-block-count=8"
    "memorysetup-profiler-allocator-block-size=16777216"
    "memorysetup-profiler-editor-allocator-block-size=1048576"
    "memorysetup-temp-allocator-size-main=16777216"
    "memorysetup-job-temp-allocator-block-size=2097152"
    "memorysetup-job-temp-allocator-block-size-background=1048576"
    "memorysetup-job-temp-allocator-reduction-small-platforms=262144"
    "memorysetup-allocator-temp-initial-block-size-main=262144"
    "memorysetup-allocator-temp-initial-block-size-worker=262144"
    "memorysetup-temp-allocator-size-background-worker=32768"
    "memorysetup-temp-allocator-size-job-worker=262144"
    "memorysetup-temp-allocator-size-preload-manager=33554432"
    "memorysetup-temp-allocator-size-nav-mesh-worker=65536"
    "memorysetup-temp-allocator-size-audio-worker=65536"
    "memorysetup-temp-allocator-size-cloud-worker=32768"
    "memorysetup-temp-allocator-size-gi-baking-worker=262144"
    "memorysetup-temp-allocator-size-gfx=262144"
Player connection [36328] Host "[IP] 211.196.206.240 [Port] 0 [Flags] 2 [Guid] 2137956330 [EditorId] 2137956330 [Version] 1048832 [Id] WindowsEditor(7,DESKTOP-6NDVO19) [Debug] 1 [PackageName] WindowsEditor [ProjectName] Editor" joined multi-casting on [225.0.0.222:54997]...

Player connection [36328] Host "[IP] 211.196.206.240 [Port] 0 [Flags] 2 [Guid] 2137956330 [EditorId] 2137956330 [Version] 1048832 [Id] WindowsEditor(7,DESKTOP-6NDVO19) [Debug] 1 [PackageName] WindowsEditor [ProjectName] Editor" joined alternative multi-casting on [225.0.0.222:34997]...

[PhysX] Initialized MultithreadedTaskDispatcher with 16 workers.
Refreshing native plugins compatible for Editor in 1155.12 ms, found 4 plugins.
Preloading 0 native plugins for Editor in 0.00 ms.
Initialize engine version: 2022.3.37f1 (340ba89e4c23)
[Subsystems] Discovering subsystems at path C:/Program Files/Unity/Hub/Editor/2022.3.37f1/Editor/Data/Resources/UnitySubsystems
[Subsystems] Discovering subsystems at path C:/Users/Jonghow/ProjectLucky/ProjectLucky/Assets
GfxDevice: creating device client; threaded=0; jobified=0
Direct3D:
    Version:  Direct3D 11.0 [level 11.1]
    Renderer: NVIDIA GeForce RTX 4060 Ti (ID=0x2805)
    Vendor:   NVIDIA
    VRAM:     16109 MB
    Driver:   32.0.15.6094
Initialize mono
Mono path[0] = 'C:/Program Files/Unity/Hub/Editor/2022.3.37f1/Editor/Data/Managed'
Mono path[1] = 'C:/Program Files/Unity/Hub/Editor/2022.3.37f1/Editor/Data/MonoBleedingEdge/lib/mono/unityjit-win32'
Mono config path = 'C:/Program Files/Unity/Hub/Editor/2022.3.37f1/Editor/Data/MonoBleedingEdge/etc'
Using monoOptions --debugger-agent=transport=dt_socket,embedding=1,server=y,suspend=n,address=127.0.0.1:56856
Begin MonoManager ReloadAssembly
Registering precompiled unity dll's ...
Register platform support module: C:/Program Files/Unity/Hub/Editor/2022.3.37f1/Editor/Data/PlaybackEngines/WebGLSupport/UnityEditor.WebGL.Extensions.dll
Register platform support module: C:/Program Files/Unity/Hub/Editor/2022.3.37f1/Editor/Data/PlaybackEngines/AndroidPlayer/UnityEditor.Android.Extensions.dll
Register platform support module: C:/Program Files/Unity/Hub/Editor/2022.3.37f1/Editor/Data/PlaybackEngines/WindowsStandaloneSupport/UnityEditor.WindowsStandalone.Extensions.dll
Registered in 0.367243 seconds.
- Loaded All Assemblies, in  5.156 seconds
Native extension for WindowsStandalone target not found
Native extension for Android target not found
Android Extension - Scanning For ADB Devices 291 ms
Native extension for WebGL target not found
Mono: successfully reloaded assembly
- Finished resetting the current domain, in  0.585 seconds
Domain Reload Profiling: 5739ms
	BeginReloadAssembly (3455ms)
		ExecutionOrderSort (0ms)
		DisableScriptedObjects (0ms)
		BackupInstance (0ms)
		ReleaseScriptingObjects (0ms)
		CreateAndSetChildDomain (0ms)
	RebuildCommonClasses (297ms)
	RebuildNativeTypeToScriptingClass (6ms)
	initialDomainReloadingComplete (402ms)
	LoadAllAssembliesAndSetupDomain (994ms)
		LoadAssemblies (3453ms)
		RebuildTransferFunctionScriptingTraits (0ms)
		AnalyzeDomain (992ms)
			TypeCache.Refresh (991ms)
				TypeCache.ScanAssembly (785ms)
			ScanForSourceGeneratedMonoScriptInfo (0ms)
			ResolveRequiredComponents (0ms)
	FinalizeReload (585ms)
		ReleaseScriptCaches (0ms)
		RebuildScriptCaches (0ms)
		SetupLoadedEditorAssemblies (549ms)
			LogAssemblyErrors (0ms)
			InitializePlatformSupportModulesInManaged (440ms)
			SetLoadedEditorAssemblies (2ms)
			RefreshPlugins (0ms)
			BeforeProcessingInitializeOnLoad (1ms)
			ProcessInitializeOnLoadAttributes (67ms)
			ProcessInitializeOnLoadMethodAttributes (38ms)
			AfterProcessingInitializeOnLoad (0ms)
			EditorAssembliesLoaded (0ms)
		ExecutionOrderSort2 (0ms)
		AwakeInstancesAfterBackupRestoration (0ms)
========================================================================
Worker process is ready to serve import requests
Begin MonoManager ReloadAssembly
- Loaded All Assemblies, in  6.584 seconds
Refreshing native plugins compatible for Editor in 4.59 ms, found 4 plugins.
Native extension for WindowsStandalone target not found
Native extension for Android target not found
Native extension for WebGL target not found
Mono: successfully reloaded assembly
- Finished resetting the current domain, in  0.531 seconds
Domain Reload Profiling: 7111ms
	BeginReloadAssembly (108ms)
		ExecutionOrderSort (0ms)
		DisableScriptedObjects (3ms)
		BackupInstance (0ms)
		ReleaseScriptingObjects (0ms)
		CreateAndSetChildDomain (16ms)
	RebuildCommonClasses (24ms)
	RebuildNativeTypeToScriptingClass (11ms)
	initialDomainReloadingComplete (33ms)
	LoadAllAssembliesAndSetupDomain (6403ms)
		LoadAssemblies (6105ms)
		RebuildTransferFunctionScriptingTraits (0ms)
		AnalyzeDomain (367ms)
			TypeCache.Refresh (347ms)
				TypeCache.ScanAssembly (293ms)
			ScanForSourceGeneratedMonoScriptInfo (15ms)
			ResolveRequiredComponents (4ms)
	FinalizeReload (532ms)
		ReleaseScriptCaches (0ms)
		RebuildScriptCaches (0ms)
		SetupLoadedEditorAssemblies (435ms)
			LogAssemblyErrors (0ms)
			InitializePlatformSupportModulesInManaged (19ms)
			SetLoadedEditorAssemblies (4ms)
			RefreshPlugins (0ms)
			BeforeProcessingInitializeOnLoad (92ms)
			ProcessInitializeOnLoadAttributes (281ms)
			ProcessInitializeOnLoadMethodAttributes (31ms)
			AfterProcessingInitializeOnLoad (7ms)
			EditorAssembliesLoaded (0ms)
		ExecutionOrderSort2 (0ms)
		AwakeInstancesAfterBackupRestoration (8ms)
Launched and connected shader compiler UnityShaderCompiler.exe after 0.05 seconds
Refreshing native plugins compatible for Editor in 5.50 ms, found 4 plugins.
Preloading 0 native plugins for Editor in 0.00 ms.
Unloading 5008 Unused Serialized files (Serialized files now loaded: 0)
Unloading 80 unused Assets / (247.0 KB). Loaded Objects now: 5467.
Memory consumption went from 170.6 MB to 170.4 MB.
Total: 3.360300 ms (FindLiveObjects: 0.394600 ms CreateObjectMapping: 0.124600 ms MarkObjects: 2.651900 ms  DeleteObjects: 0.188600 ms)

AssetImportParameters requested are different than current active one (requested -> active):
  custom:container-demuxer-ogg: 62fdf1f143b41e24485cea50d1cbac27 -> 
  custom:video-decoder-ogg-theora: a1e56fd34408186e4bbccfd4996cb3dc -> 
  custom:framework-win-MediaFoundation: 216162199b28c13a410421893ffa2e32 -> 
  custom:CustomObjectIndexerAttribute: 9a22284fe3817be447336de3de66b15e -> 
  custom:container-demuxer-webm: 4f35f7cbe854078d1ac9338744f61a02 -> 
  custom:container-muxer-webm: aa71ff27fc2769a1b78a27578f13a17b -> 
  custom:video-decoder-webm-vp8: 9c59270c3fd7afecdb556c50c9e8de78 -> 
  custom:SearchIndexIgnoredProperties: e643bd26f0fe6173181afceb89e7c659 -> 
  custom:AudioImporter_EditorPlatform: d09bf68614088b80899f8185d706f6e7 -> 
  custom:video-encoder-webm-vp8: eb34c28f22e8b96e1ab97ce403110664 -> 
  custom:audio-decoder-ogg-vorbis: bf7c407c2cedff20999df2af8eb42d56 -> 
  custom:audio-encoder-webm-vorbis: bf7c407c2cedff20999df2af8eb42d56 -> 
========================================================================
Received Import Request.
  Time since last request: 459168.349454 seconds.
  path: Assets/Scenes/LuckyStageScene.unity
  artifactKey: Guid(99c9720ab356a0642a771bea13969a05) Importer(815301076,1909f56bfc062723c751e8b465ee728b)
Start importing Assets/Scenes/LuckyStageScene.unity using Guid(99c9720ab356a0642a771bea13969a05) Importer(815301076,1909f56bfc062723c751e8b465ee728b) [PhysX] Initialized MultithreadedTaskDispatcher with 16 workers.
 -> (artifact id: '4ae209f085fde609ec8c27fd0db420f6') in 0.001624 seconds
Number of updated asset objects reloaded before import = 0
Number of asset objects unloaded after import = 0
========================================================================
Received Import Request.
  Time since last request: 2.900113 seconds.
  path: Assets/ResourceData/51.UI/98.TempPackage/2.png
  artifactKey: Guid(645f5452612205e408de5aec99999509) Importer(815301076,1909f56bfc062723c751e8b465ee728b)
Start importing Assets/ResourceData/51.UI/98.TempPackage/2.png using Guid(645f5452612205e408de5aec99999509) Importer(815301076,1909f56bfc062723c751e8b465ee728b) [PhysX] Initialized MultithreadedTaskDispatcher with 16 workers.
[PhysX] Initialized MultithreadedTaskDispatcher with 16 workers.
 -> (artifact id: '2212ae78538f1771b60c95841de31983') in 0.060196 seconds
Number of updated asset objects reloaded before import = 0
Number of asset objects unloaded after import = 3
========================================================================
Received Import Request.
  Time since last request: 0.000014 seconds.
  path: Assets/ResourceData/51.UI/98.TempPackage/5.png
  artifactKey: Guid(13084b8dc2308a64b8100b3c2261d9de) Importer(815301076,1909f56bfc062723c751e8b465ee728b)
Start importing Assets/ResourceData/51.UI/98.TempPackage/5.png using Guid(13084b8dc2308a64b8100b3c2261d9de) Importer(815301076,1909f56bfc062723c751e8b465ee728b) [PhysX] Initialized MultithreadedTaskDispatcher with 16 workers.
[PhysX] Initialized MultithreadedTaskDispatcher with 16 workers.
 -> (artifact id: '8443d7b59fc1bbb736a6f774433f46e9') in 0.034359 seconds
Number of updated asset objects reloaded before import = 0
Number of asset objects unloaded after import = 3
========================================================================
Received Import Request.
  Time since last request: 0.000016 seconds.
  path: Assets/ResourceData/51.UI/98.TempPackage/1953.png
  artifactKey: Guid(ff7c8c8fa5b1a2b4c95a608786a7e004) Importer(815301076,1909f56bfc062723c751e8b465ee728b)
Start importing Assets/ResourceData/51.UI/98.TempPackage/1953.png using Guid(ff7c8c8fa5b1a2b4c95a608786a7e004) Importer(815301076,1909f56bfc062723c751e8b465ee728b) [PhysX] Initialized MultithreadedTaskDispatcher with 16 workers.
[PhysX] Initialized MultithreadedTaskDispatcher with 16 workers.
 -> (artifact id: 'd0e721d2c3401e1d4e2bf8170c2a64f0') in 0.011768 seconds
Number of updated asset objects reloaded before import = 0
Number of asset objects unloaded after import = 3
========================================================================
Received Import Request.
  Time since last request: 0.000012 seconds.
  path: Assets/ResourceData/51.UI/98.TempPackage/3.png
  artifactKey: Guid(7b85bb29a8372ef49aa9c0e0f80f58ce) Importer(815301076,1909f56bfc062723c751e8b465ee728b)
Start importing Assets/ResourceData/51.UI/98.TempPackage/3.png using Guid(7b85bb29a8372ef49aa9c0e0f80f58ce) Importer(815301076,1909f56bfc062723c751e8b465ee728b) [PhysX] Initialized MultithreadedTaskDispatcher with 16 workers.
[PhysX] Initialized MultithreadedTaskDispatcher with 16 workers.
 -> (artifact id: '26b1d148826ec8a1944f9eb51c402ddd') in 0.009361 seconds
Number of updated asset objects reloaded before import = 0
Number of asset objects unloaded after import = 3
========================================================================
Received Import Request.
  Time since last request: 0.000009 seconds.
  path: Assets/ResourceData/51.UI/98.TempPackage/10152.png
  artifactKey: Guid(a9d6793f313cf624485c6be41cae9cb4) Importer(815301076,1909f56bfc062723c751e8b465ee728b)
Start importing Assets/ResourceData/51.UI/98.TempPackage/10152.png using Guid(a9d6793f313cf624485c6be41cae9cb4) Importer(815301076,1909f56bfc062723c751e8b465ee728b) [PhysX] Initialized MultithreadedTaskDispatcher with 16 workers.
[PhysX] Initialized MultithreadedTaskDispatcher with 16 workers.
 -> (artifact id: '9e226abae908f105a0661c23f9abd4b2') in 0.009292 seconds
Number of updated asset objects reloaded before import = 0
Number of asset objects unloaded after import = 3
========================================================================
Received Import Request.
  Time since last request: 0.000009 seconds.
  path: Assets/ResourceData/51.UI/98.TempPackage/10641.png
  artifactKey: Guid(dd85a04889bf66b4f8e72aaee63e10ff) Importer(815301076,1909f56bfc062723c751e8b465ee728b)
Start importing Assets/ResourceData/51.UI/98.TempPackage/10641.png using Guid(dd85a04889bf66b4f8e72aaee63e10ff) Importer(815301076,1909f56bfc062723c751e8b465ee728b) [PhysX] Initialized MultithreadedTaskDispatcher with 16 workers.
[PhysX] Initialized MultithreadedTaskDispatcher with 16 workers.
 -> (artifact id: 'ba815f6e9b694f3b8c777e0f97bf5063') in 0.008746 seconds
Number of updated asset objects reloaded before import = 0
Number of asset objects unloaded after import = 3
========================================================================
Received Import Request.
  Time since last request: 0.000009 seconds.
  path: Assets/ResourceData/51.UI/98.TempPackage/44929.png
  artifactKey: Guid(7bd3b7cea9b4b1144b363ea3eaa26a2d) Importer(815301076,1909f56bfc062723c751e8b465ee728b)
Start importing Assets/ResourceData/51.UI/98.TempPackage/44929.png using Guid(7bd3b7cea9b4b1144b363ea3eaa26a2d) Importer(815301076,1909f56bfc062723c751e8b465ee728b) [PhysX] Initialized MultithreadedTaskDispatcher with 16 workers.
[PhysX] Initialized MultithreadedTaskDispatcher with 16 workers.
 -> (artifact id: '607e15b6b180a579fa49ad3c6995c47f') in 0.009339 seconds
Number of updated asset objects reloaded before import = 0
Number of asset objects unloaded after import = 3
========================================================================
Received Import Request.
  Time since last request: 0.000013 seconds.
  path: Assets/ResourceData/51.UI/98.TempPackage/44937.png
  artifactKey: Guid(baefca781607a414683efe3273377521) Importer(815301076,1909f56bfc062723c751e8b465ee728b)
Start importing Assets/ResourceData/51.UI/98.TempPackage/44937.png using Guid(baefca781607a414683efe3273377521) Importer(815301076,1909f56bfc062723c751e8b465ee728b) [PhysX] Initialized MultithreadedTaskDispatcher with 16 workers.
[PhysX] Initialized MultithreadedTaskDispatcher with 16 workers.
 -> (artifact id: '6795fbf029398646d5183131a28239c0') in 0.008274 seconds
Number of updated asset objects reloaded before import = 0
Number of asset objects unloaded after import = 3
========================================================================
Received Import Request.
  Time since last request: 0.000008 seconds.
  path: Assets/ResourceData/51.UI/98.TempPackage/44936.png
  artifactKey: Guid(53fc8c5346fa87946b89aadd91ae36ab) Importer(815301076,1909f56bfc062723c751e8b465ee728b)
Start importing Assets/ResourceData/51.UI/98.TempPackage/44936.png using Guid(53fc8c5346fa87946b89aadd91ae36ab) Importer(815301076,1909f56bfc062723c751e8b465ee728b) [PhysX] Initialized MultithreadedTaskDispatcher with 16 workers.
[PhysX] Initialized MultithreadedTaskDispatcher with 16 workers.
 -> (artifact id: 'a07bf1d9bb7a7340cf654eb7d4934dd8') in 0.009201 seconds
Number of updated asset objects reloaded before import = 0
Number of asset objects unloaded after import = 3
========================================================================
Received Import Request.
  Time since last request: 0.000007 seconds.
  path: Assets/ResourceData/51.UI/98.TempPackage/44641.png
  artifactKey: Guid(09f70e90eaf6632448898e3b3244e31b) Importer(815301076,1909f56bfc062723c751e8b465ee728b)
Start importing Assets/ResourceData/51.UI/98.TempPackage/44641.png using Guid(09f70e90eaf6632448898e3b3244e31b) Importer(815301076,1909f56bfc062723c751e8b465ee728b) [PhysX] Initialized MultithreadedTaskDispatcher with 16 workers.
[PhysX] Initialized MultithreadedTaskDispatcher with 16 workers.
 -> (artifact id: 'e308834fc864be0894699276e7180087') in 0.008900 seconds
Number of updated asset objects reloaded before import = 0
Number of asset objects unloaded after import = 3
========================================================================
Received Import Request.
  Time since last request: 0.000010 seconds.
  path: Assets/ResourceData/51.UI/98.TempPackage/10261.png
  artifactKey: Guid(4dd7d9765e62ac64b83a427b5689bb62) Importer(815301076,1909f56bfc062723c751e8b465ee728b)
Start importing Assets/ResourceData/51.UI/98.TempPackage/10261.png using Guid(4dd7d9765e62ac64b83a427b5689bb62) Importer(815301076,1909f56bfc062723c751e8b465ee728b) [PhysX] Initialized MultithreadedTaskDispatcher with 16 workers.
[PhysX] Initialized MultithreadedTaskDispatcher with 16 workers.
 -> (artifact id: '32575bd7c56409c233c5cecea6d72ee1') in 0.008669 seconds
Number of updated asset objects reloaded before import = 0
Number of asset objects unloaded after import = 3
========================================================================
Received Import Request.
  Time since last request: 0.000008 seconds.
  path: Assets/ResourceData/51.UI/98.TempPackage/10638.png
  artifactKey: Guid(3ab5999ef8e80794bb440f3da594833f) Importer(815301076,1909f56bfc062723c751e8b465ee728b)
Start importing Assets/ResourceData/51.UI/98.TempPackage/10638.png using Guid(3ab5999ef8e80794bb440f3da594833f) Importer(815301076,1909f56bfc062723c751e8b465ee728b) [PhysX] Initialized MultithreadedTaskDispatcher with 16 workers.
[PhysX] Initialized MultithreadedTaskDispatcher with 16 workers.
 -> (artifact id: '78cd99f7d3a01fb8154d1d29b2a132fe') in 0.009607 seconds
Number of updated asset objects reloaded before import = 0
Number of asset objects unloaded after import = 3
========================================================================
Received Import Request.
  Time since last request: 0.000008 seconds.
  path: Assets/ResourceData/51.UI/98.TempPackage/1150.png
  artifactKey: Guid(11e7ca923755532429084826c7f7aeac) Importer(815301076,1909f56bfc062723c751e8b465ee728b)
Start importing Assets/ResourceData/51.UI/98.TempPackage/1150.png using Guid(11e7ca923755532429084826c7f7aeac) Importer(815301076,1909f56bfc062723c751e8b465ee728b) [PhysX] Initialized MultithreadedTaskDispatcher with 16 workers.
[PhysX] Initialized MultithreadedTaskDispatcher with 16 workers.
 -> (artifact id: '6e2ed3dea28a654d5676491be3d13316') in 0.009709 seconds
Number of updated asset objects reloaded before import = 0
Number of asset objects unloaded after import = 3
========================================================================
Received Import Request.
  Time since last request: 0.000010 seconds.
  path: Assets/ResourceData/51.UI/98.TempPackage/44925.png
  artifactKey: Guid(1118c1791ff0f744cb681f6b3f4b0db8) Importer(815301076,1909f56bfc062723c751e8b465ee728b)
Start importing Assets/ResourceData/51.UI/98.TempPackage/44925.png using Guid(1118c1791ff0f744cb681f6b3f4b0db8) Importer(815301076,1909f56bfc062723c751e8b465ee728b) [PhysX] Initialized MultithreadedTaskDispatcher with 16 workers.
[PhysX] Initialized MultithreadedTaskDispatcher with 16 workers.
 -> (artifact id: '31271768f0a2e460d96e7691b04bf0b0') in 0.008062 seconds
Number of updated asset objects reloaded before import = 0
Number of asset objects unloaded after import = 3
========================================================================
Received Import Request.
  Time since last request: 0.000010 seconds.
  path: Assets/ResourceData/51.UI/98.TempPackage/44938.png
  artifactKey: Guid(965d05e25e13d104d9f789c4265a27be) Importer(815301076,1909f56bfc062723c751e8b465ee728b)
Start importing Assets/ResourceData/51.UI/98.TempPackage/44938.png using Guid(965d05e25e13d104d9f789c4265a27be) Importer(815301076,1909f56bfc062723c751e8b465ee728b) [PhysX] Initialized MultithreadedTaskDispatcher with 16 workers.
[PhysX] Initialized MultithreadedTaskDispatcher with 16 workers.
 -> (artifact id: '335ec2db7e3ddd5cb125d94b98fd3bfc') in 0.009034 seconds
Number of updated asset objects reloaded before import = 0
Number of asset objects unloaded after import = 3
========================================================================
Received Import Request.
  Time since last request: 0.000008 seconds.
  path: Assets/ResourceData/51.UI/98.TempPackage/icon_button_PU_S_2042/1346.png
  artifactKey: Guid(6e1f9c5389a453547b824066eacc3b4b) Importer(815301076,1909f56bfc062723c751e8b465ee728b)
Start importing Assets/ResourceData/51.UI/98.TempPackage/icon_button_PU_S_2042/1346.png using Guid(6e1f9c5389a453547b824066eacc3b4b) Importer(815301076,1909f56bfc062723c751e8b465ee728b) [PhysX] Initialized MultithreadedTaskDispatcher with 16 workers.
[PhysX] Initialized MultithreadedTaskDispatcher with 16 workers.
 -> (artifact id: '65f8f28a947a10d83d3bfb7cc88944dc') in 0.008319 seconds
Number of updated asset objects reloaded before import = 0
Number of asset objects unloaded after import = 3
========================================================================
Received Import Request.
  Time since last request: 0.000007 seconds.
  path: Assets/ResourceData/51.UI/98.TempPackage/6917.png
  artifactKey: Guid(227c64d103be84445b536e993a013a9a) Importer(815301076,1909f56bfc062723c751e8b465ee728b)
Start importing Assets/ResourceData/51.UI/98.TempPackage/6917.png using Guid(227c64d103be84445b536e993a013a9a) Importer(815301076,1909f56bfc062723c751e8b465ee728b) [PhysX] Initialized MultithreadedTaskDispatcher with 16 workers.
[PhysX] Initialized MultithreadedTaskDispatcher with 16 workers.
 -> (artifact id: '5adca28cdf1c45fc61234d4e79b261be') in 0.008242 seconds
Number of updated asset objects reloaded before import = 0
Number of asset objects unloaded after import = 3
========================================================================
Received Import Request.
  Time since last request: 0.000008 seconds.
  path: Assets/ResourceData/51.UI/98.TempPackage/41254.png
  artifactKey: Guid(71ee82898f04d8448a31ecccf536341d) Importer(815301076,1909f56bfc062723c751e8b465ee728b)
Start importing Assets/ResourceData/51.UI/98.TempPackage/41254.png using Guid(71ee82898f04d8448a31ecccf536341d) Importer(815301076,1909f56bfc062723c751e8b465ee728b) [PhysX] Initialized MultithreadedTaskDispatcher with 16 workers.
[PhysX] Initialized MultithreadedTaskDispatcher with 16 workers.
 -> (artifact id: 'f37df8e363c4f05bb27c0a602fcee0be') in 0.008770 seconds
Number of updated asset objects reloaded before import = 0
Number of asset objects unloaded after import = 3
========================================================================
Received Import Request.
  Time since last request: 0.000007 seconds.
  path: Assets/ResourceData/51.UI/98.TempPackage/44926.png
  artifactKey: Guid(da362a5e046fc1949bdef9ba77febd8a) Importer(815301076,1909f56bfc062723c751e8b465ee728b)
Start importing Assets/ResourceData/51.UI/98.TempPackage/44926.png using Guid(da362a5e046fc1949bdef9ba77febd8a) Importer(815301076,1909f56bfc062723c751e8b465ee728b) [PhysX] Initialized MultithreadedTaskDispatcher with 16 workers.
[PhysX] Initialized MultithreadedTaskDispatcher with 16 workers.
 -> (artifact id: '0eb956b2d9dfaa114f256d5aa345b54c') in 0.007970 seconds
Number of updated asset objects reloaded before import = 0
Number of asset objects unloaded after import = 3
========================================================================
Received Import Request.
  Time since last request: 0.000008 seconds.
  path: Assets/ResourceData/51.UI/98.TempPackage/44639.png
  artifactKey: Guid(3fc081aa8026a0a4488fd3e897edee12) Importer(815301076,1909f56bfc062723c751e8b465ee728b)
Start importing Assets/ResourceData/51.UI/98.TempPackage/44639.png using Guid(3fc081aa8026a0a4488fd3e897edee12) Importer(815301076,1909f56bfc062723c751e8b465ee728b) [PhysX] Initialized MultithreadedTaskDispatcher with 16 workers.
[PhysX] Initialized MultithreadedTaskDispatcher with 16 workers.
 -> (artifact id: '07e1399cff0c4f7b456649888c2f9293') in 0.008276 seconds
Number of updated asset objects reloaded before import = 0
Number of asset objects unloaded after import = 3
========================================================================
Received Import Request.
  Time since last request: 0.000007 seconds.
  path: Assets/ResourceData/51.UI/98.TempPackage/icon_button_PU_S_2042/1360.png
  artifactKey: Guid(0a3ccc055e1cf45479fd557771414b20) Importer(815301076,1909f56bfc062723c751e8b465ee728b)
Start importing Assets/ResourceData/51.UI/98.TempPackage/icon_button_PU_S_2042/1360.png using Guid(0a3ccc055e1cf45479fd557771414b20) Importer(815301076,1909f56bfc062723c751e8b465ee728b) [PhysX] Initialized MultithreadedTaskDispatcher with 16 workers.
[PhysX] Initialized MultithreadedTaskDispatcher with 16 workers.
 -> (artifact id: '4fc0a9fa90ee9cd10b9f3aba50740776') in 0.007500 seconds
Number of updated asset objects reloaded before import = 0
Number of asset objects unloaded after import = 3
========================================================================
Received Import Request.
  Time since last request: 0.000007 seconds.
  path: Assets/ResourceData/51.UI/98.TempPackage/icon_button_PU_S_2042/1348.png
  artifactKey: Guid(b8256ea4d27070c43a55c5ae9f2d44ef) Importer(815301076,1909f56bfc062723c751e8b465ee728b)
Start importing Assets/ResourceData/51.UI/98.TempPackage/icon_button_PU_S_2042/1348.png using Guid(b8256ea4d27070c43a55c5ae9f2d44ef) Importer(815301076,1909f56bfc062723c751e8b465ee728b) [PhysX] Initialized MultithreadedTaskDispatcher with 16 workers.
[PhysX] Initialized MultithreadedTaskDispatcher with 16 workers.
 -> (artifact id: '1c2d1047e4110b549f8445e3cb0ef34e') in 0.008378 seconds
Number of updated asset objects reloaded before import = 0
Number of asset objects unloaded after import = 3
========================================================================
Received Import Request.
  Time since last request: 0.000007 seconds.
  path: Assets/ResourceData/51.UI/98.TempPackage/44927.png
  artifactKey: Guid(d0903a3de2950af4e9b28ab9f2b41a57) Importer(815301076,1909f56bfc062723c751e8b465ee728b)
Start importing Assets/ResourceData/51.UI/98.TempPackage/44927.png using Guid(d0903a3de2950af4e9b28ab9f2b41a57) Importer(815301076,1909f56bfc062723c751e8b465ee728b) [PhysX] Initialized MultithreadedTaskDispatcher with 16 workers.
[PhysX] Initialized MultithreadedTaskDispatcher with 16 workers.
 -> (artifact id: '3ef302752f34277a0b32cfe7a1599c27') in 0.008537 seconds
Number of updated asset objects reloaded before import = 0
Number of asset objects unloaded after import = 3
========================================================================
Received Import Request.
  Time since last request: 0.000007 seconds.
  path: Assets/ResourceData/51.UI/98.TempPackage/44931.png
  artifactKey: Guid(4825efa219c6b0347887f3f5b9a80679) Importer(815301076,1909f56bfc062723c751e8b465ee728b)
Start importing Assets/ResourceData/51.UI/98.TempPackage/44931.png using Guid(4825efa219c6b0347887f3f5b9a80679) Importer(815301076,1909f56bfc062723c751e8b465ee728b) [PhysX] Initialized MultithreadedTaskDispatcher with 16 workers.
[PhysX] Initialized MultithreadedTaskDispatcher with 16 workers.
 -> (artifact id: '76da2b0e67095ebb344a856e8f1bf034') in 0.009470 seconds
Number of updated asset objects reloaded before import = 0
Number of asset objects unloaded after import = 3
========================================================================
Received Import Request.
  Time since last request: 0.000007 seconds.
  path: Assets/ResourceData/51.UI/98.TempPackage/44923.png
  artifactKey: Guid(53f2d5e9e0d2fbb4588cf2713601fe3d) Importer(815301076,1909f56bfc062723c751e8b465ee728b)
Start importing Assets/ResourceData/51.UI/98.TempPackage/44923.png using Guid(53f2d5e9e0d2fbb4588cf2713601fe3d) Importer(815301076,1909f56bfc062723c751e8b465ee728b) [PhysX] Initialized MultithreadedTaskDispatcher with 16 workers.
[PhysX] Initialized MultithreadedTaskDispatcher with 16 workers.
 -> (artifact id: '9fab57be2437f84a6f01ce4af4548c07') in 0.008858 seconds
Number of updated asset objects reloaded before import = 0
Number of asset objects unloaded after import = 3
========================================================================
Received Import Request.
  Time since last request: 0.000010 seconds.
  path: Assets/ResourceData/51.UI/98.TempPackage/icon_button_PU_S_2042/1392.png
  artifactKey: Guid(579d9cf58eb5ee64a9df3ef56a4efb25) Importer(815301076,1909f56bfc062723c751e8b465ee728b)
Start importing Assets/ResourceData/51.UI/98.TempPackage/icon_button_PU_S_2042/1392.png using Guid(579d9cf58eb5ee64a9df3ef56a4efb25) Importer(815301076,1909f56bfc062723c751e8b465ee728b) [PhysX] Initialized MultithreadedTaskDispatcher with 16 workers.
[PhysX] Initialized MultithreadedTaskDispatcher with 16 workers.
 -> (artifact id: '0c4a114f932069624f0a10ff0ec7a74a') in 0.008931 seconds
Number of updated asset objects reloaded before import = 0
Number of asset objects unloaded after import = 3
========================================================================
Received Import Request.
  Time since last request: 0.000015 seconds.
  path: Assets/ResourceData/51.UI/98.TempPackage/44916.png
  artifactKey: Guid(9034f75982500c1409769caddc552d03) Importer(815301076,1909f56bfc062723c751e8b465ee728b)
Start importing Assets/ResourceData/51.UI/98.TempPackage/44916.png using Guid(9034f75982500c1409769caddc552d03) Importer(815301076,1909f56bfc062723c751e8b465ee728b) [PhysX] Initialized MultithreadedTaskDispatcher with 16 workers.
[PhysX] Initialized MultithreadedTaskDispatcher with 16 workers.
 -> (artifact id: '04511b040f864bfd365f58896aea59ef') in 0.008682 seconds
Number of updated asset objects reloaded before import = 0
Number of asset objects unloaded after import = 3
========================================================================
Received Import Request.
  Time since last request: 0.000008 seconds.
  path: Assets/ResourceData/51.UI/98.TempPackage/icon_button_PU_S_2042/1345.png
  artifactKey: Guid(9f3ce4758c9b94e438ee51da52ad7f4d) Importer(815301076,1909f56bfc062723c751e8b465ee728b)
Start importing Assets/ResourceData/51.UI/98.TempPackage/icon_button_PU_S_2042/1345.png using Guid(9f3ce4758c9b94e438ee51da52ad7f4d) Importer(815301076,1909f56bfc062723c751e8b465ee728b) [PhysX] Initialized MultithreadedTaskDispatcher with 16 workers.
[PhysX] Initialized MultithreadedTaskDispatcher with 16 workers.
 -> (artifact id: '1a00636c60f849d181c06a347f4ca8eb') in 0.007943 seconds
Number of updated asset objects reloaded before import = 0
Number of asset objects unloaded after import = 3
========================================================================
Received Import Request.
  Time since last request: 0.000008 seconds.
  path: Assets/ResourceData/51.UI/98.TempPackage/5869.png
  artifactKey: Guid(731b50eb368839442a1970781a0c607d) Importer(815301076,1909f56bfc062723c751e8b465ee728b)
Start importing Assets/ResourceData/51.UI/98.TempPackage/5869.png using Guid(731b50eb368839442a1970781a0c607d) Importer(815301076,1909f56bfc062723c751e8b465ee728b) [PhysX] Initialized MultithreadedTaskDispatcher with 16 workers.
[PhysX] Initialized MultithreadedTaskDispatcher with 16 workers.
 -> (artifact id: '3b1b62724a8d4f5bd3a99162799dfbd4') in 0.009437 seconds
Number of updated asset objects reloaded before import = 0
Number of asset objects unloaded after import = 3
========================================================================
Received Import Request.
  Time since last request: 0.000009 seconds.
  path: Assets/ResourceData/51.UI/98.TempPackage/44939.png
  artifactKey: Guid(19e90bea0f224b5448564ae53dccd632) Importer(815301076,1909f56bfc062723c751e8b465ee728b)
Start importing Assets/ResourceData/51.UI/98.TempPackage/44939.png using Guid(19e90bea0f224b5448564ae53dccd632) Importer(815301076,1909f56bfc062723c751e8b465ee728b) [PhysX] Initialized MultithreadedTaskDispatcher with 16 workers.
[PhysX] Initialized MultithreadedTaskDispatcher with 16 workers.
 -> (artifact id: 'ae18d1d67dfd3a9e5807ba705a6121cd') in 0.008609 seconds
Number of updated asset objects reloaded before import = 0
Number of asset objects unloaded after import = 3
========================================================================
Received Import Request.
  Time since last request: 0.000007 seconds.
  path: Assets/ResourceData/51.UI/98.TempPackage/10215.png
  artifactKey: Guid(690c010c49eb29f4b96fb73328eef7a4) Importer(815301076,1909f56bfc062723c751e8b465ee728b)
Start importing Assets/ResourceData/51.UI/98.TempPackage/10215.png using Guid(690c010c49eb29f4b96fb73328eef7a4) Importer(815301076,1909f56bfc062723c751e8b465ee728b) [PhysX] Initialized MultithreadedTaskDispatcher with 16 workers.
[PhysX] Initialized MultithreadedTaskDispatcher with 16 workers.
 -> (artifact id: '00fa7d83f51840dd3567a74d4472a485') in 0.013361 seconds
Number of updated asset objects reloaded before import = 0
Number of asset objects unloaded after import = 3
========================================================================
Received Import Request.
  Time since last request: 0.000009 seconds.
  path: Assets/ResourceData/51.UI/98.TempPackage/10198.png
  artifactKey: Guid(e83146705b5b96843be3330432529e6b) Importer(815301076,1909f56bfc062723c751e8b465ee728b)
Start importing Assets/ResourceData/51.UI/98.TempPackage/10198.png using Guid(e83146705b5b96843be3330432529e6b) Importer(815301076,1909f56bfc062723c751e8b465ee728b) [PhysX] Initialized MultithreadedTaskDispatcher with 16 workers.
[PhysX] Initialized MultithreadedTaskDispatcher with 16 workers.
 -> (artifact id: 'ccd79ea942a7e316feddd3938df33d07') in 0.009083 seconds
Number of updated asset objects reloaded before import = 0
Number of asset objects unloaded after import = 3
========================================================================
Received Import Request.
  Time since last request: 0.000008 seconds.
  path: Assets/ResourceData/51.UI/98.TempPackage/44933.png
  artifactKey: Guid(43a14e79de71f1947ace250fb0c8f462) Importer(815301076,1909f56bfc062723c751e8b465ee728b)
Start importing Assets/ResourceData/51.UI/98.TempPackage/44933.png using Guid(43a14e79de71f1947ace250fb0c8f462) Importer(815301076,1909f56bfc062723c751e8b465ee728b) [PhysX] Initialized MultithreadedTaskDispatcher with 16 workers.
[PhysX] Initialized MultithreadedTaskDispatcher with 16 workers.
 -> (artifact id: '6511eca9eaaeb2c63b26efbec3e2dfb7') in 0.009001 seconds
Number of updated asset objects reloaded before import = 0
Number of asset objects unloaded after import = 3
========================================================================
Received Import Request.
  Time since last request: 0.000010 seconds.
  path: Assets/ResourceData/51.UI/98.TempPackage/41252.png
  artifactKey: Guid(550247acf738e7c45aada389e604a46e) Importer(815301076,1909f56bfc062723c751e8b465ee728b)
Start importing Assets/ResourceData/51.UI/98.TempPackage/41252.png using Guid(550247acf738e7c45aada389e604a46e) Importer(815301076,1909f56bfc062723c751e8b465ee728b) [PhysX] Initialized MultithreadedTaskDispatcher with 16 workers.
[PhysX] Initialized MultithreadedTaskDispatcher with 16 workers.
 -> (artifact id: 'ad6d107c7c6d1e7ba3afcc8dc37ffd3b') in 0.008259 seconds
Number of updated asset objects reloaded before import = 0
Number of asset objects unloaded after import = 3
========================================================================
Received Import Request.
  Time since last request: 0.000008 seconds.
  path: Assets/ResourceData/51.UI/98.TempPackage/10246.png
  artifactKey: Guid(cfa0af0a1594602498176a38508de6fa) Importer(815301076,1909f56bfc062723c751e8b465ee728b)
Start importing Assets/ResourceData/51.UI/98.TempPackage/10246.png using Guid(cfa0af0a1594602498176a38508de6fa) Importer(815301076,1909f56bfc062723c751e8b465ee728b) [PhysX] Initialized MultithreadedTaskDispatcher with 16 workers.
[PhysX] Initialized MultithreadedTaskDispatcher with 16 workers.
 -> (artifact id: 'abe54675fc11b4f34679fd5e4ba0f42a') in 0.009383 seconds
Number of updated asset objects reloaded before import = 0
Number of asset objects unloaded after import = 3
========================================================================
Received Import Request.
  Time since last request: 0.000008 seconds.
  path: Assets/ResourceData/51.UI/98.TempPackage/44640.png
  artifactKey: Guid(b57fa64fbd4347b4ab4de4d6f81e3db8) Importer(815301076,1909f56bfc062723c751e8b465ee728b)
Start importing Assets/ResourceData/51.UI/98.TempPackage/44640.png using Guid(b57fa64fbd4347b4ab4de4d6f81e3db8) Importer(815301076,1909f56bfc062723c751e8b465ee728b) [PhysX] Initialized MultithreadedTaskDispatcher with 16 workers.
[PhysX] Initialized MultithreadedTaskDispatcher with 16 workers.
 -> (artifact id: '5826ef5aa645243a06f96052c8cd60b6') in 0.008825 seconds
Number of updated asset objects reloaded before import = 0
Number of asset objects unloaded after import = 3
========================================================================
Received Import Request.
  Time since last request: 0.000010 seconds.
  path: Assets/ResourceData/51.UI/98.TempPackage/44921.png
  artifactKey: Guid(ea0050924b485084eaed58f4862d2645) Importer(815301076,1909f56bfc062723c751e8b465ee728b)
Start importing Assets/ResourceData/51.UI/98.TempPackage/44921.png using Guid(ea0050924b485084eaed58f4862d2645) Importer(815301076,1909f56bfc062723c751e8b465ee728b) [PhysX] Initialized MultithreadedTaskDispatcher with 16 workers.
[PhysX] Initialized MultithreadedTaskDispatcher with 16 workers.
 -> (artifact id: '9610122fa002e8582434397d1311bdee') in 0.008761 seconds
Number of updated asset objects reloaded before import = 0
Number of asset objects unloaded after import = 3
========================================================================
Received Import Request.
  Time since last request: 0.000009 seconds.
  path: Assets/ResourceData/51.UI/98.TempPackage/10222.png
  artifactKey: Guid(b1c1a7dca55ba234cb5c89cb47c29b25) Importer(815301076,1909f56bfc062723c751e8b465ee728b)
Start importing Assets/ResourceData/51.UI/98.TempPackage/10222.png using Guid(b1c1a7dca55ba234cb5c89cb47c29b25) Importer(815301076,1909f56bfc062723c751e8b465ee728b) [PhysX] Initialized MultithreadedTaskDispatcher with 16 workers.
[PhysX] Initialized MultithreadedTaskDispatcher with 16 workers.
 -> (artifact id: '93877172609154ab34232c37bd524f27') in 0.009839 seconds
Number of updated asset objects reloaded before import = 0
Number of asset objects unloaded after import = 3
========================================================================
Received Import Request.
  Time since last request: 0.000010 seconds.
  path: Assets/ResourceData/51.UI/98.TempPackage/10162.png
  artifactKey: Guid(dff0fa14ad3edca48b28bed42b7c217d) Importer(815301076,1909f56bfc062723c751e8b465ee728b)
Start importing Assets/ResourceData/51.UI/98.TempPackage/10162.png using Guid(dff0fa14ad3edca48b28bed42b7c217d) Importer(815301076,1909f56bfc062723c751e8b465ee728b) [PhysX] Initialized MultithreadedTaskDispatcher with 16 workers.
[PhysX] Initialized MultithreadedTaskDispatcher with 16 workers.
 -> (artifact id: '5cbc998c71218459e293172968dfaad4') in 0.009378 seconds
Number of updated asset objects reloaded before import = 0
Number of asset objects unloaded after import = 3
========================================================================
Received Import Request.
  Time since last request: 0.000009 seconds.
  path: Assets/ResourceData/51.UI/98.TempPackage/44919.png
  artifactKey: Guid(f6f668c52f2a88f4787c5f8e57759cdf) Importer(815301076,1909f56bfc062723c751e8b465ee728b)
Start importing Assets/ResourceData/51.UI/98.TempPackage/44919.png using Guid(f6f668c52f2a88f4787c5f8e57759cdf) Importer(815301076,1909f56bfc062723c751e8b465ee728b) [PhysX] Initialized MultithreadedTaskDispatcher with 16 workers.
[PhysX] Initialized MultithreadedTaskDispatcher with 16 workers.
 -> (artifact id: '82de1400ee56e0898cf0fd497079ee43') in 0.009288 seconds
Number of updated asset objects reloaded before import = 0
Number of asset objects unloaded after import = 3
========================================================================
Received Import Request.
  Time since last request: 0.000009 seconds.
  path: Assets/ResourceData/51.UI/98.TempPackage/10172.png
  artifactKey: Guid(dc6460c42d044b144abbe53f21aa35ad) Importer(815301076,1909f56bfc062723c751e8b465ee728b)
Start importing Assets/ResourceData/51.UI/98.TempPackage/10172.png using Guid(dc6460c42d044b144abbe53f21aa35ad) Importer(815301076,1909f56bfc062723c751e8b465ee728b) [PhysX] Initialized MultithreadedTaskDispatcher with 16 workers.
[PhysX] Initialized MultithreadedTaskDispatcher with 16 workers.
 -> (artifact id: '0927bf1f66cf73f3d34ba88f8cbb6c4d') in 0.010304 seconds
Number of updated asset objects reloaded before import = 0
Number of asset objects unloaded after import = 3
========================================================================
Received Import Request.
  Time since last request: 0.000009 seconds.
  path: Assets/ResourceData/51.UI/98.TempPackage/icon_button_PU_S_2042/1368.png
  artifactKey: Guid(08f4618e478b51a4389fdb5ac5d43661) Importer(815301076,1909f56bfc062723c751e8b465ee728b)
Start importing Assets/ResourceData/51.UI/98.TempPackage/icon_button_PU_S_2042/1368.png using Guid(08f4618e478b51a4389fdb5ac5d43661) Importer(815301076,1909f56bfc062723c751e8b465ee728b) [PhysX] Initialized MultithreadedTaskDispatcher with 16 workers.
[PhysX] Initialized MultithreadedTaskDispatcher with 16 workers.
 -> (artifact id: 'e9e5811f567737108c41b3a998b5b607') in 0.007872 seconds
Number of updated asset objects reloaded before import = 0
Number of asset objects unloaded after import = 3
========================================================================
Received Import Request.
  Time since last request: 0.000008 seconds.
  path: Assets/ResourceData/51.UI/98.TempPackage/10657.png
  artifactKey: Guid(fb02b58a6949c464bab0221505a7115a) Importer(815301076,1909f56bfc062723c751e8b465ee728b)
Start importing Assets/ResourceData/51.UI/98.TempPackage/10657.png using Guid(fb02b58a6949c464bab0221505a7115a) Importer(815301076,1909f56bfc062723c751e8b465ee728b) [PhysX] Initialized MultithreadedTaskDispatcher with 16 workers.
[PhysX] Initialized MultithreadedTaskDispatcher with 16 workers.
 -> (artifact id: 'dcf8cde0bb99533a706650ec664580a1') in 0.009281 seconds
Number of updated asset objects reloaded before import = 0
Number of asset objects unloaded after import = 3
========================================================================
Received Import Request.
  Time since last request: 3.296732 seconds.
  path: Assets/ResourceData/51.UI/98.TempPackage/44943.png
  artifactKey: Guid(95b4f519595e35a45a926289b298f6c7) Importer(815301076,1909f56bfc062723c751e8b465ee728b)
Start importing Assets/ResourceData/51.UI/98.TempPackage/44943.png using Guid(95b4f519595e35a45a926289b298f6c7) Importer(815301076,1909f56bfc062723c751e8b465ee728b) [PhysX] Initialized MultithreadedTaskDispatcher with 16 workers.
[PhysX] Initialized MultithreadedTaskDispatcher with 16 workers.
 -> (artifact id: 'e3e1d52972884107ce58fecccc8184e3') in 0.012920 seconds
Number of updated asset objects reloaded before import = 0
Number of asset objects unloaded after import = 3
========================================================================
Received Import Request.
  Time since last request: 0.000010 seconds.
  path: Assets/ResourceData/51.UI/98.TempPackage/45073.png
  artifactKey: Guid(d655d2100dad6314b9c4328108bb50d4) Importer(815301076,1909f56bfc062723c751e8b465ee728b)
Start importing Assets/ResourceData/51.UI/98.TempPackage/45073.png using Guid(d655d2100dad6314b9c4328108bb50d4) Importer(815301076,1909f56bfc062723c751e8b465ee728b) [PhysX] Initialized MultithreadedTaskDispatcher with 16 workers.
[PhysX] Initialized MultithreadedTaskDispatcher with 16 workers.
 -> (artifact id: 'c33e6fc7b9d4dc2896c5729f0451af4f') in 0.012910 seconds
Number of updated asset objects reloaded before import = 0
Number of asset objects unloaded after import = 3
========================================================================
Received Import Request.
  Time since last request: 0.000009 seconds.
  path: Assets/ResourceData/51.UI/98.TempPackage/44946.png
  artifactKey: Guid(f918755d8f668344c82f9c1cc8381cd3) Importer(815301076,1909f56bfc062723c751e8b465ee728b)
Start importing Assets/ResourceData/51.UI/98.TempPackage/44946.png using Guid(f918755d8f668344c82f9c1cc8381cd3) Importer(815301076,1909f56bfc062723c751e8b465ee728b) [PhysX] Initialized MultithreadedTaskDispatcher with 16 workers.
[PhysX] Initialized MultithreadedTaskDispatcher with 16 workers.
 -> (artifact id: 'e81b3950496f72b84def41b8924e9e86') in 0.017392 seconds
Number of updated asset objects reloaded before import = 0
Number of asset objects unloaded after import = 3
========================================================================
Received Import Request.
  Time since last request: 0.000009 seconds.
  path: Assets/ResourceData/51.UI/98.TempPackage/44947.png
  artifactKey: Guid(3acbc62b8485523458c45be9925d7454) Importer(815301076,1909f56bfc062723c751e8b465ee728b)
Start importing Assets/ResourceData/51.UI/98.TempPackage/44947.png using Guid(3acbc62b8485523458c45be9925d7454) Importer(815301076,1909f56bfc062723c751e8b465ee728b) [PhysX] Initialized MultithreadedTaskDispatcher with 16 workers.
[PhysX] Initialized MultithreadedTaskDispatcher with 16 workers.
 -> (artifact id: 'e5fdb1f228a3bf12e91cd31524edfec2') in 0.014363 seconds
Number of updated asset objects reloaded before import = 0
Number of asset objects unloaded after import = 3
========================================================================
Received Import Request.
  Time since last request: 0.033571 seconds.
  path: Assets/ResourceData/51.UI/98.TempPackage/45110.png
  artifactKey: Guid(5160b42bac9e4b5499a858e741d59ae1) Importer(815301076,1909f56bfc062723c751e8b465ee728b)
Start importing Assets/ResourceData/51.UI/98.TempPackage/45110.png using Guid(5160b42bac9e4b5499a858e741d59ae1) Importer(815301076,1909f56bfc062723c751e8b465ee728b) [PhysX] Initialized MultithreadedTaskDispatcher with 16 workers.
[PhysX] Initialized MultithreadedTaskDispatcher with 16 workers.
 -> (artifact id: '317a5e28af8513a00612e12c03968864') in 0.012823 seconds
Number of updated asset objects reloaded before import = 0
Number of asset objects unloaded after import = 3
========================================================================
Received Import Request.
  Time since last request: 0.000009 seconds.
  path: Assets/ResourceData/51.UI/98.TempPackage/45118.png
  artifactKey: Guid(18c8051bd44ff1a4a983c663ee7197d3) Importer(815301076,1909f56bfc062723c751e8b465ee728b)
Start importing Assets/ResourceData/51.UI/98.TempPackage/45118.png using Guid(18c8051bd44ff1a4a983c663ee7197d3) Importer(815301076,1909f56bfc062723c751e8b465ee728b) [PhysX] Initialized MultithreadedTaskDispatcher with 16 workers.
[PhysX] Initialized MultithreadedTaskDispatcher with 16 workers.
 -> (artifact id: '348685c08222f92f9dc1d7a01681d341') in 0.015119 seconds
Number of updated asset objects reloaded before import = 0
Number of asset objects unloaded after import = 3
========================================================================
Received Import Request.
  Time since last request: 0.000010 seconds.
  path: Assets/ResourceData/51.UI/98.TempPackage/45116.png
  artifactKey: Guid(48b82acfe1a276b45a77048c5b82c391) Importer(815301076,1909f56bfc062723c751e8b465ee728b)
Start importing Assets/ResourceData/51.UI/98.TempPackage/45116.png using Guid(48b82acfe1a276b45a77048c5b82c391) Importer(815301076,1909f56bfc062723c751e8b465ee728b) [PhysX] Initialized MultithreadedTaskDispatcher with 16 workers.
[PhysX] Initialized MultithreadedTaskDispatcher with 16 workers.
 -> (artifact id: '13e9705e2c94255f3863c2ebd30d98a8') in 0.015419 seconds
Number of updated asset objects reloaded before import = 0
Number of asset objects unloaded after import = 3
========================================================================
Received Import Request.
  Time since last request: 0.033245 seconds.
  path: Assets/ResourceData/51.UI/98.TempPackage/49935.png
  artifactKey: Guid(82819072ccf7484489815a9684a4cf9c) Importer(815301076,1909f56bfc062723c751e8b465ee728b)
Start importing Assets/ResourceData/51.UI/98.TempPackage/49935.png using Guid(82819072ccf7484489815a9684a4cf9c) Importer(815301076,1909f56bfc062723c751e8b465ee728b) [PhysX] Initialized MultithreadedTaskDispatcher with 16 workers.
[PhysX] Initialized MultithreadedTaskDispatcher with 16 workers.
 -> (artifact id: 'b878d84881cf63ede1224303102bbc78') in 0.016049 seconds
Number of updated asset objects reloaded before import = 0
Number of asset objects unloaded after import = 3
========================================================================
Received Import Request.
  Time since last request: 0.000011 seconds.
  path: Assets/ResourceData/51.UI/98.TempPackage/65191.png
  artifactKey: Guid(7951f5b3cf8309148842c88e9f36cfae) Importer(815301076,1909f56bfc062723c751e8b465ee728b)
Start importing Assets/ResourceData/51.UI/98.TempPackage/65191.png using Guid(7951f5b3cf8309148842c88e9f36cfae) Importer(815301076,1909f56bfc062723c751e8b465ee728b) [PhysX] Initialized MultithreadedTaskDispatcher with 16 workers.
[PhysX] Initialized MultithreadedTaskDispatcher with 16 workers.
 -> (artifact id: '9b29e9981aef42faa578692169f9612a') in 0.011007 seconds
Number of updated asset objects reloaded before import = 0
Number of asset objects unloaded after import = 3
========================================================================
Received Import Request.
  Time since last request: 0.000009 seconds.
  path: Assets/ResourceData/51.UI/98.TempPackage/54442.png
  artifactKey: Guid(e9ebfabfc04d123448a612711156da65) Importer(815301076,1909f56bfc062723c751e8b465ee728b)
Start importing Assets/ResourceData/51.UI/98.TempPackage/54442.png using Guid(e9ebfabfc04d123448a612711156da65) Importer(815301076,1909f56bfc062723c751e8b465ee728b) [PhysX] Initialized MultithreadedTaskDispatcher with 16 workers.
[PhysX] Initialized MultithreadedTaskDispatcher with 16 workers.
 -> (artifact id: 'e672152ad762081f31dd9663b696e755') in 0.010294 seconds
Number of updated asset objects reloaded before import = 0
Number of asset objects unloaded after import = 3
========================================================================
Received Import Request.
  Time since last request: 0.036071 seconds.
  path: Assets/ResourceData/51.UI/98.TempPackage/65506.png
  artifactKey: Guid(eb4d64efe4812a44c82a69ed1bb2d00b) Importer(815301076,1909f56bfc062723c751e8b465ee728b)
Start importing Assets/ResourceData/51.UI/98.TempPackage/65506.png using Guid(eb4d64efe4812a44c82a69ed1bb2d00b) Importer(815301076,1909f56bfc062723c751e8b465ee728b) [PhysX] Initialized MultithreadedTaskDispatcher with 16 workers.
[PhysX] Initialized MultithreadedTaskDispatcher with 16 workers.
 -> (artifact id: '9ba9779367c13879eeb6af662b478e79') in 0.012809 seconds
Number of updated asset objects reloaded before import = 0
Number of asset objects unloaded after import = 3
========================================================================
Received Import Request.
  Time since last request: 0.000010 seconds.
  path: Assets/ResourceData/51.UI/98.TempPackage/72566.png
  artifactKey: Guid(e89c53c3766a88f41848de106d971079) Importer(815301076,1909f56bfc062723c751e8b465ee728b)
Start importing Assets/ResourceData/51.UI/98.TempPackage/72566.png using Guid(e89c53c3766a88f41848de106d971079) Importer(815301076,1909f56bfc062723c751e8b465ee728b) [PhysX] Initialized MultithreadedTaskDispatcher with 16 workers.
[PhysX] Initialized MultithreadedTaskDispatcher with 16 workers.
 -> (artifact id: 'cfe253f068c38c17c3abf0e43545c471') in 0.011144 seconds
Number of updated asset objects reloaded before import = 0
Number of asset objects unloaded after import = 3
========================================================================
Received Import Request.
  Time since last request: 0.000009 seconds.
  path: Assets/ResourceData/51.UI/98.TempPackage/72563.png
  artifactKey: Guid(8dcb577ed907298409626560345b21f5) Importer(815301076,1909f56bfc062723c751e8b465ee728b)
Start importing Assets/ResourceData/51.UI/98.TempPackage/72563.png using Guid(8dcb577ed907298409626560345b21f5) Importer(815301076,1909f56bfc062723c751e8b465ee728b) [PhysX] Initialized MultithreadedTaskDispatcher with 16 workers.
[PhysX] Initialized MultithreadedTaskDispatcher with 16 workers.
 -> (artifact id: '49dad5614dc2ee9dbf5c6d093409e6ad') in 0.008270 seconds
Number of updated asset objects reloaded before import = 0
Number of asset objects unloaded after import = 3
========================================================================
Received Import Request.
  Time since last request: 0.277291 seconds.
  path: Assets/ResourceData/51.UI/98.TempPackage/72569.png
  artifactKey: Guid(3c8e09b103aa6d242b26a548b32b3d57) Importer(815301076,1909f56bfc062723c751e8b465ee728b)
Start importing Assets/ResourceData/51.UI/98.TempPackage/72569.png using Guid(3c8e09b103aa6d242b26a548b32b3d57) Importer(815301076,1909f56bfc062723c751e8b465ee728b) [PhysX] Initialized MultithreadedTaskDispatcher with 16 workers.
[PhysX] Initialized MultithreadedTaskDispatcher with 16 workers.
 -> (artifact id: '3dfc8f3d281592c64a5904ec1361b2f7') in 0.013147 seconds
Number of updated asset objects reloaded before import = 0
Number of asset objects unloaded after import = 3
========================================================================
Received Import Request.
  Time since last request: 0.000011 seconds.
  path: Assets/ResourceData/51.UI/98.TempPackage/72575.png
  artifactKey: Guid(63277f6600a09cb4883a7e769d4ae1a7) Importer(815301076,1909f56bfc062723c751e8b465ee728b)
Start importing Assets/ResourceData/51.UI/98.TempPackage/72575.png using Guid(63277f6600a09cb4883a7e769d4ae1a7) Importer(815301076,1909f56bfc062723c751e8b465ee728b) [PhysX] Initialized MultithreadedTaskDispatcher with 16 workers.
[PhysX] Initialized MultithreadedTaskDispatcher with 16 workers.
 -> (artifact id: 'a5e553609bdb2036a37b6e7df962c347') in 0.013286 seconds
Number of updated asset objects reloaded before import = 0
Number of asset objects unloaded after import = 3
========================================================================
Received Import Request.
  Time since last request: 0.000013 seconds.
  path: Assets/ResourceData/51.UI/98.TempPackage/72572.png
  artifactKey: Guid(d9906f20582360e4ea64755c2a867419) Importer(815301076,1909f56bfc062723c751e8b465ee728b)
Start importing Assets/ResourceData/51.UI/98.TempPackage/72572.png using Guid(d9906f20582360e4ea64755c2a867419) Importer(815301076,1909f56bfc062723c751e8b465ee728b) [PhysX] Initialized MultithreadedTaskDispatcher with 16 workers.
[PhysX] Initialized MultithreadedTaskDispatcher with 16 workers.
 -> (artifact id: 'a1f866c51fbbe78007ff259cd891a6f3') in 0.010140 seconds
Number of updated asset objects reloaded before import = 0
Number of asset objects unloaded after import = 3
========================================================================
Received Import Request.
  Time since last request: 0.009946 seconds.
  path: Assets/ResourceData/51.UI/98.TempPackage/72580.png
  artifactKey: Guid(244650897e603d54489407c531c8b831) Importer(815301076,1909f56bfc062723c751e8b465ee728b)
Start importing Assets/ResourceData/51.UI/98.TempPackage/72580.png using Guid(244650897e603d54489407c531c8b831) Importer(815301076,1909f56bfc062723c751e8b465ee728b) [PhysX] Initialized MultithreadedTaskDispatcher with 16 workers.
[PhysX] Initialized MultithreadedTaskDispatcher with 16 workers.
 -> (artifact id: 'd7f067b4dcee8691a0749d4d0281a4f6') in 0.012350 seconds
Number of updated asset objects reloaded before import = 0
Number of asset objects unloaded after import = 3
========================================================================
Received Import Request.
  Time since last request: 0.000010 seconds.
  path: Assets/ResourceData/51.UI/98.TempPackage/74018.png
  artifactKey: Guid(46f4398c23be91040a50d35e51188832) Importer(815301076,1909f56bfc062723c751e8b465ee728b)
Start importing Assets/ResourceData/51.UI/98.TempPackage/74018.png using Guid(46f4398c23be91040a50d35e51188832) Importer(815301076,1909f56bfc062723c751e8b465ee728b) [PhysX] Initialized MultithreadedTaskDispatcher with 16 workers.
[PhysX] Initialized MultithreadedTaskDispatcher with 16 workers.
 -> (artifact id: '40d4ffcffcaf0d0df63be2d7d577c316') in 0.009377 seconds
Number of updated asset objects reloaded before import = 0
Number of asset objects unloaded after import = 3
========================================================================
Received Import Request.
  Time since last request: 0.000010 seconds.
  path: Assets/ResourceData/51.UI/98.TempPackage/73994.png
  artifactKey: Guid(bd7616bae32c0964b903a6c04000aca8) Importer(815301076,1909f56bfc062723c751e8b465ee728b)
Start importing Assets/ResourceData/51.UI/98.TempPackage/73994.png using Guid(bd7616bae32c0964b903a6c04000aca8) Importer(815301076,1909f56bfc062723c751e8b465ee728b) [PhysX] Initialized MultithreadedTaskDispatcher with 16 workers.
[PhysX] Initialized MultithreadedTaskDispatcher with 16 workers.
 -> (artifact id: '681c57d0971562c38b7421d9fd75b09f') in 0.010389 seconds
Number of updated asset objects reloaded before import = 0
Number of asset objects unloaded after import = 3
========================================================================
Received Import Request.
  Time since last request: 0.004769 seconds.
  path: Assets/ResourceData/51.UI/98.TempPackage/80558.png
  artifactKey: Guid(d71c48e823d699949b2442a2d5af11d1) Importer(815301076,1909f56bfc062723c751e8b465ee728b)
Start importing Assets/ResourceData/51.UI/98.TempPackage/80558.png using Guid(d71c48e823d699949b2442a2d5af11d1) Importer(815301076,1909f56bfc062723c751e8b465ee728b) [PhysX] Initialized MultithreadedTaskDispatcher with 16 workers.
[PhysX] Initialized MultithreadedTaskDispatcher with 16 workers.
 -> (artifact id: 'bb92e6703b20bb617c95d3f6b250bd37') in 0.013037 seconds
Number of updated asset objects reloaded before import = 0
Number of asset objects unloaded after import = 3
========================================================================
Received Import Request.
  Time since last request: 0.000009 seconds.
  path: Assets/ResourceData/51.UI/98.TempPackage/87237.png
  artifactKey: Guid(bf3131062683f4c429bbfec02d80165e) Importer(815301076,1909f56bfc062723c751e8b465ee728b)
Start importing Assets/ResourceData/51.UI/98.TempPackage/87237.png using Guid(bf3131062683f4c429bbfec02d80165e) Importer(815301076,1909f56bfc062723c751e8b465ee728b) [PhysX] Initialized MultithreadedTaskDispatcher with 16 workers.
[PhysX] Initialized MultithreadedTaskDispatcher with 16 workers.
 -> (artifact id: '516eb5d1fc94cb8e9b803773af1d2721') in 0.012118 seconds
Number of updated asset objects reloaded before import = 0
Number of asset objects unloaded after import = 3
========================================================================
Received Import Request.
  Time since last request: 0.000009 seconds.
  path: Assets/ResourceData/51.UI/98.TempPackage/87238.png
  artifactKey: Guid(992df08b2ba04024aab0ec5efe391895) Importer(815301076,1909f56bfc062723c751e8b465ee728b)
Start importing Assets/ResourceData/51.UI/98.TempPackage/87238.png using Guid(992df08b2ba04024aab0ec5efe391895) Importer(815301076,1909f56bfc062723c751e8b465ee728b) [PhysX] Initialized MultithreadedTaskDispatcher with 16 workers.
[PhysX] Initialized MultithreadedTaskDispatcher with 16 workers.
 -> (artifact id: '678e19c6be059cab269546d659c65c7e') in 0.014020 seconds
Number of updated asset objects reloaded before import = 0
Number of asset objects unloaded after import = 3
========================================================================
Received Import Request.
  Time since last request: 0.001756 seconds.
  path: Assets/ResourceData/51.UI/11.HUD/BattleHUD_StatValueBack.png
  artifactKey: Guid(8d83f2dda5be70c478bf2431cbd9de12) Importer(815301076,1909f56bfc062723c751e8b465ee728b)
Start importing Assets/ResourceData/51.UI/11.HUD/BattleHUD_StatValueBack.png using Guid(8d83f2dda5be70c478bf2431cbd9de12) Importer(815301076,1909f56bfc062723c751e8b465ee728b) [PhysX] Initialized MultithreadedTaskDispatcher with 16 workers.
[PhysX] Initialized MultithreadedTaskDispatcher with 16 workers.
 -> (artifact id: '5b274762ad709f436f28dfab53c54210') in 0.014522 seconds
Number of updated asset objects reloaded before import = 0
Number of asset objects unloaded after import = 3
========================================================================
Received Import Request.
  Time since last request: 0.000012 seconds.
  path: Assets/ResourceData/50.WOResource/Character/Character_05.png
  artifactKey: Guid(47f6c4bdee0d45c4b896f9642d3ec726) Importer(815301076,1909f56bfc062723c751e8b465ee728b)
Start importing Assets/ResourceData/50.WOResource/Character/Character_05.png using Guid(47f6c4bdee0d45c4b896f9642d3ec726) Importer(815301076,1909f56bfc062723c751e8b465ee728b) [PhysX] Initialized MultithreadedTaskDispatcher with 16 workers.
[PhysX] Initialized MultithreadedTaskDispatcher with 16 workers.
 -> (artifact id: '87cd74fb09039b5fe5e4db467546a520') in 0.009016 seconds
Number of updated asset objects reloaded before import = 0
Number of asset objects unloaded after import = 3
========================================================================
Received Import Request.
  Time since last request: 0.000009 seconds.
  path: Assets/ResourceData/02.Navigation/BuildGrid.png
  artifactKey: Guid(a53f75df15232804396efcbd1990bd55) Importer(815301076,1909f56bfc062723c751e8b465ee728b)
Start importing Assets/ResourceData/02.Navigation/BuildGrid.png using Guid(a53f75df15232804396efcbd1990bd55) Importer(815301076,1909f56bfc062723c751e8b465ee728b) [PhysX] Initialized MultithreadedTaskDispatcher with 16 workers.
[PhysX] Initialized MultithreadedTaskDispatcher with 16 workers.
 -> (artifact id: 'ec09d913d3ab19551f56c587f0ef1319') in 0.011848 seconds
Number of updated asset objects reloaded before import = 0
Number of asset objects unloaded after import = 3
========================================================================
Received Import Request.
  Time since last request: 0.018367 seconds.
  path: Assets/ResourceData/50.WOResource/Character/Character_09.png
  artifactKey: Guid(fcc8f5cb772ccd44bad50839d31a6c03) Importer(815301076,1909f56bfc062723c751e8b465ee728b)
Start importing Assets/ResourceData/50.WOResource/Character/Character_09.png using Guid(fcc8f5cb772ccd44bad50839d31a6c03) Importer(815301076,1909f56bfc062723c751e8b465ee728b) [PhysX] Initialized MultithreadedTaskDispatcher with 16 workers.
[PhysX] Initialized MultithreadedTaskDispatcher with 16 workers.
 -> (artifact id: '30b740adc5833d443826747d6b3accb4') in 0.010451 seconds
Number of updated asset objects reloaded before import = 0
Number of asset objects unloaded after import = 3
========================================================================
Received Import Request.
  Time since last request: 0.000011 seconds.
  path: Assets/ResourceData/51.UI/12.Portrait/CharacterPortrait_02.png
  artifactKey: Guid(d7ea268e7668a284c9d29d0e1da7477c) Importer(815301076,1909f56bfc062723c751e8b465ee728b)
Start importing Assets/ResourceData/51.UI/12.Portrait/CharacterPortrait_02.png using Guid(d7ea268e7668a284c9d29d0e1da7477c) Importer(815301076,1909f56bfc062723c751e8b465ee728b) [PhysX] Initialized MultithreadedTaskDispatcher with 16 workers.
[PhysX] Initialized MultithreadedTaskDispatcher with 16 workers.
 -> (artifact id: '7e118c243b0c50929838ca63dda20765') in 0.013038 seconds
Number of updated asset objects reloaded before import = 0
Number of asset objects unloaded after import = 3
========================================================================
Received Import Request.
  Time since last request: 0.000011 seconds.
  path: Assets/ResourceData/50.WOResource/Character/Character_17.png
  artifactKey: Guid(a7c47a6f6f36aee41ac929bbc8981d94) Importer(815301076,1909f56bfc062723c751e8b465ee728b)
Start importing Assets/ResourceData/50.WOResource/Character/Character_17.png using Guid(a7c47a6f6f36aee41ac929bbc8981d94) Importer(815301076,1909f56bfc062723c751e8b465ee728b) [PhysX] Initialized MultithreadedTaskDispatcher with 16 workers.
[PhysX] Initialized MultithreadedTaskDispatcher with 16 workers.
 -> (artifact id: '83fb33ca4fd4296a87b15941f03072c3') in 0.010189 seconds
Number of updated asset objects reloaded before import = 0
Number of asset objects unloaded after import = 3
========================================================================
Received Import Request.
  Time since last request: 0.059004 seconds.
  path: Assets/ResourceData/51.UI/12.Portrait/CharacterPortrait_09.png
  artifactKey: Guid(ca025a29678101a45bebf4aa7ef4d115) Importer(815301076,1909f56bfc062723c751e8b465ee728b)
Start importing Assets/ResourceData/51.UI/12.Portrait/CharacterPortrait_09.png using Guid(ca025a29678101a45bebf4aa7ef4d115) Importer(815301076,1909f56bfc062723c751e8b465ee728b) [PhysX] Initialized MultithreadedTaskDispatcher with 16 workers.
[PhysX] Initialized MultithreadedTaskDispatcher with 16 workers.
 -> (artifact id: '8da1eccf00a38f4bde752a47fbe5f966') in 0.011172 seconds
Number of updated asset objects reloaded before import = 0
Number of asset objects unloaded after import = 3
========================================================================
Received Import Request.
  Time since last request: 0.000010 seconds.
  path: Assets/ResourceData/50.WOResource/Character/CharacterResource_01.png
  artifactKey: Guid(cceb099937b774b4faabeced690745fb) Importer(815301076,1909f56bfc062723c751e8b465ee728b)
Start importing Assets/ResourceData/50.WOResource/Character/CharacterResource_01.png using Guid(cceb099937b774b4faabeced690745fb) Importer(815301076,1909f56bfc062723c751e8b465ee728b) [PhysX] Initialized MultithreadedTaskDispatcher with 16 workers.
[PhysX] Initialized MultithreadedTaskDispatcher with 16 workers.
 -> (artifact id: '88239f2a922ec0102832945a4c646ec6') in 0.009144 seconds
Number of updated asset objects reloaded before import = 0
Number of asset objects unloaded after import = 3
========================================================================
Received Import Request.
  Time since last request: 0.000012 seconds.
  path: Assets/ResourceData/50.WOResource/Character/Character02_AnimFrame/Attack_L/CharacterResource_02_Attack_L_00.png
  artifactKey: Guid(e918ba21ef3883746b437232a437d8fa) Importer(815301076,1909f56bfc062723c751e8b465ee728b)
Start importing Assets/ResourceData/50.WOResource/Character/Character02_AnimFrame/Attack_L/CharacterResource_02_Attack_L_00.png using Guid(e918ba21ef3883746b437232a437d8fa) Importer(815301076,1909f56bfc062723c751e8b465ee728b) [PhysX] Initialized MultithreadedTaskDispatcher with 16 workers.
[PhysX] Initialized MultithreadedTaskDispatcher with 16 workers.
 -> (artifact id: 'f081c61266cf0ea02a547217348b9d66') in 0.014733 seconds
Number of updated asset objects reloaded before import = 0
Number of asset objects unloaded after import = 3
========================================================================
Received Import Request.
  Time since last request: 0.299668 seconds.
  path: Assets/ResourceData/50.WOResource/Character/Character02_AnimFrame/Attack_L/CharacterResource_02_Attack_L_03.png
  artifactKey: Guid(8c431c4ca5ee08a43976f0086e612829) Importer(815301076,1909f56bfc062723c751e8b465ee728b)
Start importing Assets/ResourceData/50.WOResource/Character/Character02_AnimFrame/Attack_L/CharacterResource_02_Attack_L_03.png using Guid(8c431c4ca5ee08a43976f0086e612829) Importer(815301076,1909f56bfc062723c751e8b465ee728b) [PhysX] Initialized MultithreadedTaskDispatcher with 16 workers.
[PhysX] Initialized MultithreadedTaskDispatcher with 16 workers.
 -> (artifact id: 'cc12fc280a16220824d7e74308dfa645') in 0.013440 seconds
Number of updated asset objects reloaded before import = 0
Number of asset objects unloaded after import = 3
========================================================================
Received Import Request.
  Time since last request: 0.000013 seconds.
  path: Assets/ResourceData/50.WOResource/Character/CharacterResource_04.png
  artifactKey: Guid(cce8f47debc3dae4a9086d30faa491da) Importer(815301076,1909f56bfc062723c751e8b465ee728b)
Start importing Assets/ResourceData/50.WOResource/Character/CharacterResource_04.png using Guid(cce8f47debc3dae4a9086d30faa491da) Importer(815301076,1909f56bfc062723c751e8b465ee728b) [PhysX] Initialized MultithreadedTaskDispatcher with 16 workers.
[PhysX] Initialized MultithreadedTaskDispatcher with 16 workers.
 -> (artifact id: '7148547bc0fef526638a2c29fb16784a') in 0.013987 seconds
Number of updated asset objects reloaded before import = 0
Number of asset objects unloaded after import = 3
========================================================================
Received Import Request.
  Time since last request: 0.000016 seconds.
  path: Assets/ResourceData/50.WOResource/Character/Character02_AnimFrame/Attack_R/CharacterResource_02_Attack_R_04-export.png
  artifactKey: Guid(1730f7a62cab97b45b49c01f7c12d411) Importer(815301076,1909f56bfc062723c751e8b465ee728b)
Start importing Assets/ResourceData/50.WOResource/Character/Character02_AnimFrame/Attack_R/CharacterResource_02_Attack_R_04-export.png using Guid(1730f7a62cab97b45b49c01f7c12d411) Importer(815301076,1909f56bfc062723c751e8b465ee728b) [PhysX] Initialized MultithreadedTaskDispatcher with 16 workers.
[PhysX] Initialized MultithreadedTaskDispatcher with 16 workers.
 -> (artifact id: '72d76716c7c6a9436b3a788e419c349d') in 0.008224 seconds
Number of updated asset objects reloaded before import = 0
Number of asset objects unloaded after import = 3
========================================================================
Received Import Request.
  Time since last request: 0.011645 seconds.
  path: Assets/ResourceData/50.WOResource/Character/CharacterResource_13.png
  artifactKey: Guid(ac90e524b456d364abca3067d7ac440e) Importer(815301076,1909f56bfc062723c751e8b465ee728b)
Start importing Assets/ResourceData/50.WOResource/Character/CharacterResource_13.png using Guid(ac90e524b456d364abca3067d7ac440e) Importer(815301076,1909f56bfc062723c751e8b465ee728b) [PhysX] Initialized MultithreadedTaskDispatcher with 16 workers.
[PhysX] Initialized MultithreadedTaskDispatcher with 16 workers.
 -> (artifact id: 'bc4d6857d9345e9d62879b74cb190453') in 0.013301 seconds
Number of updated asset objects reloaded before import = 0
Number of asset objects unloaded after import = 3
========================================================================
Received Import Request.
  Time since last request: 0.000010 seconds.
  path: Assets/ResourceData/50.WOResource/Character/CharacterResource_16.png
  artifactKey: Guid(c0f586f0a10079e43bc58c9d7fbf5c37) Importer(815301076,1909f56bfc062723c751e8b465ee728b)
Start importing Assets/ResourceData/50.WOResource/Character/CharacterResource_16.png using Guid(c0f586f0a10079e43bc58c9d7fbf5c37) Importer(815301076,1909f56bfc062723c751e8b465ee728b) [PhysX] Initialized MultithreadedTaskDispatcher with 16 workers.
[PhysX] Initialized MultithreadedTaskDispatcher with 16 workers.
 -> (artifact id: '9ae5364c45868c3a1d767b78321ffa83') in 0.008533 seconds
Number of updated asset objects reloaded before import = 0
Number of asset objects unloaded after import = 3
========================================================================
Received Import Request.
  Time since last request: 0.000008 seconds.
  path: Assets/ResourceData/51.UI/06.Credit/CreditButton_Close.png
  artifactKey: Guid(4fa0a8b6fdee14c4fa2e7f78adb2c5d6) Importer(815301076,1909f56bfc062723c751e8b465ee728b)
Start importing Assets/ResourceData/51.UI/06.Credit/CreditButton_Close.png using Guid(4fa0a8b6fdee14c4fa2e7f78adb2c5d6) Importer(815301076,1909f56bfc062723c751e8b465ee728b) [PhysX] Initialized MultithreadedTaskDispatcher with 16 workers.
[PhysX] Initialized MultithreadedTaskDispatcher with 16 workers.
 -> (artifact id: '21b8f3ca43a9532e20e8a37165025fd0') in 0.011204 seconds
Number of updated asset objects reloaded before import = 0
Number of asset objects unloaded after import = 3
========================================================================
Received Import Request.
  Time since last request: 0.000619 seconds.
  path: Assets/ResourceData/51.UI/11.HUD/HP_Inner.png
  artifactKey: Guid(d3103259b0e9daa4ba31a42a16da27fa) Importer(815301076,1909f56bfc062723c751e8b465ee728b)
Start importing Assets/ResourceData/51.UI/11.HUD/HP_Inner.png using Guid(d3103259b0e9daa4ba31a42a16da27fa) Importer(815301076,1909f56bfc062723c751e8b465ee728b) [PhysX] Initialized MultithreadedTaskDispatcher with 16 workers.
[PhysX] Initialized MultithreadedTaskDispatcher with 16 workers.
 -> (artifact id: '606a73047f145d20e19559e00cb82343') in 0.012502 seconds
Number of updated asset objects reloaded before import = 0
Number of asset objects unloaded after import = 3
========================================================================
Received Import Request.
  Time since last request: 0.000009 seconds.
  path: Assets/ResourceData/51.UI/51.Icon/Icon_CriticalRate.png
  artifactKey: Guid(38743154a71434a4fa76d72752253624) Importer(815301076,1909f56bfc062723c751e8b465ee728b)
Start importing Assets/ResourceData/51.UI/51.Icon/Icon_CriticalRate.png using Guid(38743154a71434a4fa76d72752253624) Importer(815301076,1909f56bfc062723c751e8b465ee728b) [PhysX] Initialized MultithreadedTaskDispatcher with 16 workers.
[PhysX] Initialized MultithreadedTaskDispatcher with 16 workers.
 -> (artifact id: '79752293de98bd620cd20fd12fad6f2d') in 0.007989 seconds
Number of updated asset objects reloaded before import = 0
Number of asset objects unloaded after import = 3
========================================================================
Received Import Request.
  Time since last request: 0.000011 seconds.
  path: Assets/ResourceData/51.UI/11.HUD/HP_Outer_Mask.png
  artifactKey: Guid(66cbe4766a7c12d4a8eb032af0ea68a3) Importer(815301076,1909f56bfc062723c751e8b465ee728b)
Start importing Assets/ResourceData/51.UI/11.HUD/HP_Outer_Mask.png using Guid(66cbe4766a7c12d4a8eb032af0ea68a3) Importer(815301076,1909f56bfc062723c751e8b465ee728b) [PhysX] Initialized MultithreadedTaskDispatcher with 16 workers.
[PhysX] Initialized MultithreadedTaskDispatcher with 16 workers.
 -> (artifact id: '2f3c06e92c2a35f24da7391cc21cd643') in 0.007791 seconds
Number of updated asset objects reloaded before import = 0
Number of asset objects unloaded after import = 3
========================================================================
Received Import Request.
  Time since last request: 0.000009 seconds.
  path: Assets/ResourceData/51.UI/51.Icon/Icon_Recipe.png
  artifactKey: Guid(9681e80109ece6d41b86aac4b6a3781b) Importer(815301076,1909f56bfc062723c751e8b465ee728b)
Start importing Assets/ResourceData/51.UI/51.Icon/Icon_Recipe.png using Guid(9681e80109ece6d41b86aac4b6a3781b) Importer(815301076,1909f56bfc062723c751e8b465ee728b) [PhysX] Initialized MultithreadedTaskDispatcher with 16 workers.
[PhysX] Initialized MultithreadedTaskDispatcher with 16 workers.
 -> (artifact id: '0a6f527d29d2ae73d5f8ee42accec8bc') in 0.014161 seconds
Number of updated asset objects reloaded before import = 0
Number of asset objects unloaded after import = 3
========================================================================
Received Import Request.
  Time since last request: 0.000011 seconds.
  path: Assets/ResourceData/51.UI/51.Icon/Icon_HP.png
  artifactKey: Guid(30e9c1012ac745744a6b23e9c37aeeaf) Importer(815301076,1909f56bfc062723c751e8b465ee728b)
Start importing Assets/ResourceData/51.UI/51.Icon/Icon_HP.png using Guid(30e9c1012ac745744a6b23e9c37aeeaf) Importer(815301076,1909f56bfc062723c751e8b465ee728b) [PhysX] Initialized MultithreadedTaskDispatcher with 16 workers.
[PhysX] Initialized MultithreadedTaskDispatcher with 16 workers.
 -> (artifact id: '962e397e4b532d2378c3038c08d37b74') in 0.010113 seconds
Number of updated asset objects reloaded before import = 0
Number of asset objects unloaded after import = 3
========================================================================
Received Import Request.
  Time since last request: 0.000010 seconds.
  path: Assets/ResourceData/50.WOResource/Item/Item01.png
  artifactKey: Guid(650343db481d87d45a6438b645f6e3e8) Importer(815301076,1909f56bfc062723c751e8b465ee728b)
Start importing Assets/ResourceData/50.WOResource/Item/Item01.png using Guid(650343db481d87d45a6438b645f6e3e8) Importer(815301076,1909f56bfc062723c751e8b465ee728b) [PhysX] Initialized MultithreadedTaskDispatcher with 16 workers.
[PhysX] Initialized MultithreadedTaskDispatcher with 16 workers.
 -> (artifact id: '6809d68be0fb90a4008c6797c75724e6') in 0.009362 seconds
Number of updated asset objects reloaded before import = 0
Number of asset objects unloaded after import = 3
========================================================================
Received Import Request.
  Time since last request: 0.000010 seconds.
  path: Assets/ResourceData/50.WOResource/MealFactory/MealFactory00.png
  artifactKey: Guid(aeec10a2a50424743b28d7df57e624c4) Importer(815301076,1909f56bfc062723c751e8b465ee728b)
Start importing Assets/ResourceData/50.WOResource/MealFactory/MealFactory00.png using Guid(aeec10a2a50424743b28d7df57e624c4) Importer(815301076,1909f56bfc062723c751e8b465ee728b) [PhysX] Initialized MultithreadedTaskDispatcher with 16 workers.
[PhysX] Initialized MultithreadedTaskDispatcher with 16 workers.
 -> (artifact id: '38b386720be8771be04f4235d06015ab') in 0.013238 seconds
Number of updated asset objects reloaded before import = 0
Number of asset objects unloaded after import = 3
========================================================================
Received Import Request.
  Time since last request: 0.000009 seconds.
  path: Assets/ResourceData/51.UI/98.TempPackage/popup_reward_cell_exp.png
  artifactKey: Guid(09dde922c29c4ec41b08ea4418fd1b22) Importer(815301076,1909f56bfc062723c751e8b465ee728b)
Start importing Assets/ResourceData/51.UI/98.TempPackage/popup_reward_cell_exp.png using Guid(09dde922c29c4ec41b08ea4418fd1b22) Importer(815301076,1909f56bfc062723c751e8b465ee728b) [PhysX] Initialized MultithreadedTaskDispatcher with 16 workers.
[PhysX] Initialized MultithreadedTaskDispatcher with 16 workers.
 -> (artifact id: 'b2cf4145fa10e2ee1f5441278a309e64') in 0.018693 seconds
Number of updated asset objects reloaded before import = 0
Number of asset objects unloaded after import = 3
========================================================================
Received Import Request.
  Time since last request: 0.000009 seconds.
  path: Assets/ResourceData/51.UI/98.TempPackage/popup_upgrade_cell_gem.png
  artifactKey: Guid(3a4840532f9b86143810028e58ccb91f) Importer(815301076,1909f56bfc062723c751e8b465ee728b)
Start importing Assets/ResourceData/51.UI/98.TempPackage/popup_upgrade_cell_gem.png using Guid(3a4840532f9b86143810028e58ccb91f) Importer(815301076,1909f56bfc062723c751e8b465ee728b) [PhysX] Initialized MultithreadedTaskDispatcher with 16 workers.
[PhysX] Initialized MultithreadedTaskDispatcher with 16 workers.
 -> (artifact id: '246c8dee014fe02190469692e9007a95') in 0.009145 seconds
Number of updated asset objects reloaded before import = 0
Number of asset objects unloaded after import = 3
========================================================================
Received Import Request.
  Time since last request: 0.000008 seconds.
  path: Assets/ResourceData/51.UI/98.TempPackage/popup_upgrade_cell_gold.png
  artifactKey: Guid(e413ae33c012b10499afbbb445996c3e) Importer(815301076,1909f56bfc062723c751e8b465ee728b)
Start importing Assets/ResourceData/51.UI/98.TempPackage/popup_upgrade_cell_gold.png using Guid(e413ae33c012b10499afbbb445996c3e) Importer(815301076,1909f56bfc062723c751e8b465ee728b) [PhysX] Initialized MultithreadedTaskDispatcher with 16 workers.
[PhysX] Initialized MultithreadedTaskDispatcher with 16 workers.
 -> (artifact id: 'a48c3e15d3cc5a7401c80fd2d1edede3') in 0.007995 seconds
Number of updated asset objects reloaded before import = 0
Number of asset objects unloaded after import = 3
========================================================================
Received Import Request.
  Time since last request: 0.000011 seconds.
  path: Assets/ResourceData/51.UI/98.TempPackage/popup_upgrade_cell_pet2.png
  artifactKey: Guid(afc378c9ef5af2042b6fc45793529e8e) Importer(815301076,1909f56bfc062723c751e8b465ee728b)
Start importing Assets/ResourceData/51.UI/98.TempPackage/popup_upgrade_cell_pet2.png using Guid(afc378c9ef5af2042b6fc45793529e8e) Importer(815301076,1909f56bfc062723c751e8b465ee728b) [PhysX] Initialized MultithreadedTaskDispatcher with 16 workers.
[PhysX] Initialized MultithreadedTaskDispatcher with 16 workers.
 -> (artifact id: 'bc5aaebaaf87cd6860cf6ddb6d608ccd') in 0.009866 seconds
Number of updated asset objects reloaded before import = 0
Number of asset objects unloaded after import = 3
========================================================================
Received Import Request.
  Time since last request: 0.375207 seconds.
  path: Assets/ResourceData/51.UI/99.Common/WhiteBackGround.png
  artifactKey: Guid(9dc82b07fd32a034f828a712cc931f02) Importer(815301076,1909f56bfc062723c751e8b465ee728b)
Start importing Assets/ResourceData/51.UI/99.Common/WhiteBackGround.png using Guid(9dc82b07fd32a034f828a712cc931f02) Importer(815301076,1909f56bfc062723c751e8b465ee728b) [PhysX] Initialized MultithreadedTaskDispatcher with 16 workers.
[PhysX] Initialized MultithreadedTaskDispatcher with 16 workers.
 -> (artifact id: '3821ff3ace4023bfce07b9052165dc19') in 0.010580 seconds
Number of updated asset objects reloaded before import = 0
Number of asset objects unloaded after import = 3
========================================================================
Received Import Request.
  Time since last request: 0.000010 seconds.
  path: Assets/ResourceData/50.WOResource/Projectile/WO_FireBall.png
  artifactKey: Guid(af6c0115695bcef4f8e34f1f39668f14) Importer(815301076,1909f56bfc062723c751e8b465ee728b)
Start importing Assets/ResourceData/50.WOResource/Projectile/WO_FireBall.png using Guid(af6c0115695bcef4f8e34f1f39668f14) Importer(815301076,1909f56bfc062723c751e8b465ee728b) [PhysX] Initialized MultithreadedTaskDispatcher with 16 workers.
[PhysX] Initialized MultithreadedTaskDispatcher with 16 workers.
 -> (artifact id: '9ad75521df278426707a21eb2520a06d') in 0.009640 seconds
Number of updated asset objects reloaded before import = 0
Number of asset objects unloaded after import = 3
========================================================================
Received Import Request.
  Time since last request: 0.000009 seconds.
  path: Assets/ResourceData/50.WOResource/MovePoint/WO_MovePoint.png
  artifactKey: Guid(94ac36f27fccd3341b9ede3539831c3c) Importer(815301076,1909f56bfc062723c751e8b465ee728b)
Start importing Assets/ResourceData/50.WOResource/MovePoint/WO_MovePoint.png using Guid(94ac36f27fccd3341b9ede3539831c3c) Importer(815301076,1909f56bfc062723c751e8b465ee728b) [PhysX] Initialized MultithreadedTaskDispatcher with 16 workers.
[PhysX] Initialized MultithreadedTaskDispatcher with 16 workers.
 -> (artifact id: 'b0730caa82018242f1372f5c0b283f45') in 0.008184 seconds
Number of updated asset objects reloaded before import = 0
Number of asset objects unloaded after import = 3
========================================================================
Received Import Request.
  Time since last request: 21.190101 seconds.
  path: Assets/Cainos/Pixel Art Top Down - Basic/Texture/TX Shadow.png
  artifactKey: Guid(ed7554aeefd5da44a9fe1ee9b93afe77) Importer(815301076,1909f56bfc062723c751e8b465ee728b)
Start importing Assets/Cainos/Pixel Art Top Down - Basic/Texture/TX Shadow.png using Guid(ed7554aeefd5da44a9fe1ee9b93afe77) Importer(815301076,1909f56bfc062723c751e8b465ee728b) [PhysX] Initialized MultithreadedTaskDispatcher with 16 workers.
[PhysX] Initialized MultithreadedTaskDispatcher with 16 workers.
 -> (artifact id: '433b1b347b16aac3877cc52a521fff0b') in 0.198058 seconds
Number of updated asset objects reloaded before import = 0
Number of asset objects unloaded after import = 45
Editor requested this worker to shutdown with reason: Scaling down because of idle timeout
TcpMessagingSession - receive error: operation aborted. errorcode: 995, details:        I/O  .
AssetImportWorker is now disconnected from the server
Process exiting
Exiting without the bug reporter. Application will terminate with return code 0