Using pre-set license
Built from '2022.3/staging' branch; Version is '2022.3.37f1 (340ba89e4c23) revision 3410856'; Using compiler version '192829333'; Build Type 'Release'
OS: 'Windows 10  (10.0.19045) 64bit Professional' Language: 'ko' Physical Memory: 31863 MB
BatchMode: 1, IsHumanControllingUs: 0, StartBugReporterOnCrash: 0, Is64bit: 1, IsPro: 1

COMMAND LINE ARGUMENTS:
C:\Program Files\Unity\Hub\Editor\2022.3.37f1\Editor\Unity.exe
-adb2
-batchMode
-noUpm
-name
AssetImportWorker3
-projectPath
C:/Users/Jonghow/ProjectLucky/ProjectLucky
-logFile
Logs/AssetImportWorker3.log
-srvPort
51952
Successfully changed project path to: C:/Users/Jonghow/ProjectLucky/ProjectLucky
C:/Users/Jonghow/ProjectLucky/ProjectLucky
[UnityMemory] Configuration Parameters - Can be set up in boot.config
    "memorysetup-bucket-allocator-granularity=16"
    "memorysetup-bucket-allocator-bucket-count=8"
    "memorysetup-bucket-allocator-block-size=33554432"
    "memorysetup-bucket-allocator-block-count=8"
    "memorysetup-main-allocator-block-size=16777216"
    "memorysetup-thread-allocator-block-size=16777216"
    "memorysetup-gfx-main-allocator-block-size=16777216"
    "memorysetup-gfx-thread-allocator-block-size=16777216"
    "memorysetup-cache-allocator-block-size=4194304"
    "memorysetup-typetree-allocator-block-size=2097152"
    "memorysetup-profiler-bucket-allocator-granularity=16"
    "memorysetup-profiler-bucket-allocator-bucket-count=8"
    "memorysetup-profiler-bucket-allocator-block-size=33554432"
    "memorysetup-profiler-bucket-allocator-block-count=8"
    "memorysetup-profiler-allocator-block-size=16777216"
    "memorysetup-profiler-editor-allocator-block-size=1048576"
    "memorysetup-temp-allocator-size-main=16777216"
    "memorysetup-job-temp-allocator-block-size=2097152"
    "memorysetup-job-temp-allocator-block-size-background=1048576"
    "memorysetup-job-temp-allocator-reduction-small-platforms=262144"
    "memorysetup-allocator-temp-initial-block-size-main=262144"
    "memorysetup-allocator-temp-initial-block-size-worker=262144"
    "memorysetup-temp-allocator-size-background-worker=32768"
    "memorysetup-temp-allocator-size-job-worker=262144"
    "memorysetup-temp-allocator-size-preload-manager=33554432"
    "memorysetup-temp-allocator-size-nav-mesh-worker=65536"
    "memorysetup-temp-allocator-size-audio-worker=65536"
    "memorysetup-temp-allocator-size-cloud-worker=32768"
    "memorysetup-temp-allocator-size-gi-baking-worker=262144"
    "memorysetup-temp-allocator-size-gfx=262144"
Player connection [1820] Host "[IP] 211.196.206.240 [Port] 0 [Flags] 2 [Guid] 1880694249 [EditorId] 1880694249 [Version] 1048832 [Id] WindowsEditor(7,DESKTOP-6NDVO19) [Debug] 1 [PackageName] WindowsEditor [ProjectName] Editor" joined multi-casting on [225.0.0.222:54997]...

Player connection [1820] Host "[IP] 211.196.206.240 [Port] 0 [Flags] 2 [Guid] 1880694249 [EditorId] 1880694249 [Version] 1048832 [Id] WindowsEditor(7,DESKTOP-6NDVO19) [Debug] 1 [PackageName] WindowsEditor [ProjectName] Editor" joined alternative multi-casting on [225.0.0.222:34997]...

[PhysX] Initialized MultithreadedTaskDispatcher with 16 workers.
Refreshing native plugins compatible for Editor in 11.97 ms, found 4 plugins.
Preloading 0 native plugins for Editor in 0.00 ms.
Initialize engine version: 2022.3.37f1 (340ba89e4c23)
[Subsystems] Discovering subsystems at path C:/Program Files/Unity/Hub/Editor/2022.3.37f1/Editor/Data/Resources/UnitySubsystems
[Subsystems] Discovering subsystems at path C:/Users/Jonghow/ProjectLucky/ProjectLucky/Assets
GfxDevice: creating device client; threaded=0; jobified=0
Direct3D:
    Version:  Direct3D 11.0 [level 11.1]
    Renderer: NVIDIA GeForce RTX 4060 Ti (ID=0x2805)
    Vendor:   NVIDIA
    VRAM:     16109 MB
    Driver:   32.0.15.6094
Initialize mono
Mono path[0] = 'C:/Program Files/Unity/Hub/Editor/2022.3.37f1/Editor/Data/Managed'
Mono path[1] = 'C:/Program Files/Unity/Hub/Editor/2022.3.37f1/Editor/Data/MonoBleedingEdge/lib/mono/unityjit-win32'
Mono config path = 'C:/Program Files/Unity/Hub/Editor/2022.3.37f1/Editor/Data/MonoBleedingEdge/etc'
Using monoOptions --debugger-agent=transport=dt_socket,embedding=1,server=y,suspend=n,address=127.0.0.1:56168
Begin MonoManager ReloadAssembly
Registering precompiled unity dll's ...
Register platform support module: C:/Program Files/Unity/Hub/Editor/2022.3.37f1/Editor/Data/PlaybackEngines/WebGLSupport/UnityEditor.WebGL.Extensions.dll
Register platform support module: C:/Program Files/Unity/Hub/Editor/2022.3.37f1/Editor/Data/PlaybackEngines/AndroidPlayer/UnityEditor.Android.Extensions.dll
Register platform support module: C:/Program Files/Unity/Hub/Editor/2022.3.37f1/Editor/Data/PlaybackEngines/WindowsStandaloneSupport/UnityEditor.WindowsStandalone.Extensions.dll
Registered in 0.012001 seconds.
- Loaded All Assemblies, in  0.263 seconds
Native extension for WindowsStandalone target not found
Native extension for Android target not found
Android Extension - Scanning For ADB Devices 260 ms
Native extension for WebGL target not found
Mono: successfully reloaded assembly
- Finished resetting the current domain, in  0.468 seconds
Domain Reload Profiling: 729ms
	BeginReloadAssembly (87ms)
		ExecutionOrderSort (0ms)
		DisableScriptedObjects (0ms)
		BackupInstance (0ms)
		ReleaseScriptingObjects (0ms)
		CreateAndSetChildDomain (0ms)
	RebuildCommonClasses (25ms)
	RebuildNativeTypeToScriptingClass (8ms)
	initialDomainReloadingComplete (48ms)
	LoadAllAssembliesAndSetupDomain (92ms)
		LoadAssemblies (87ms)
		RebuildTransferFunctionScriptingTraits (0ms)
		AnalyzeDomain (89ms)
			TypeCache.Refresh (88ms)
				TypeCache.ScanAssembly (80ms)
			ScanForSourceGeneratedMonoScriptInfo (0ms)
			ResolveRequiredComponents (0ms)
	FinalizeReload (468ms)
		ReleaseScriptCaches (0ms)
		RebuildScriptCaches (0ms)
		SetupLoadedEditorAssemblies (433ms)
			LogAssemblyErrors (0ms)
			InitializePlatformSupportModulesInManaged (330ms)
			SetLoadedEditorAssemblies (2ms)
			RefreshPlugins (0ms)
			BeforeProcessingInitializeOnLoad (1ms)
			ProcessInitializeOnLoadAttributes (69ms)
			ProcessInitializeOnLoadMethodAttributes (30ms)
			AfterProcessingInitializeOnLoad (0ms)
			EditorAssembliesLoaded (0ms)
		ExecutionOrderSort2 (0ms)
		AwakeInstancesAfterBackupRestoration (0ms)
========================================================================
Worker process is ready to serve import requests
Begin MonoManager ReloadAssembly
- Loaded All Assemblies, in  0.530 seconds
Refreshing native plugins compatible for Editor in 6.07 ms, found 4 plugins.
Native extension for WindowsStandalone target not found
Native extension for Android target not found
Native extension for WebGL target not found
Mono: successfully reloaded assembly
- Finished resetting the current domain, in  0.491 seconds
Domain Reload Profiling: 1017ms
	BeginReloadAssembly (108ms)
		ExecutionOrderSort (0ms)
		DisableScriptedObjects (3ms)
		BackupInstance (0ms)
		ReleaseScriptingObjects (0ms)
		CreateAndSetChildDomain (16ms)
	RebuildCommonClasses (20ms)
	RebuildNativeTypeToScriptingClass (6ms)
	initialDomainReloadingComplete (31ms)
	LoadAllAssembliesAndSetupDomain (360ms)
		LoadAssemblies (286ms)
		RebuildTransferFunctionScriptingTraits (0ms)
		AnalyzeDomain (140ms)
			TypeCache.Refresh (115ms)
				TypeCache.ScanAssembly (103ms)
			ScanForSourceGeneratedMonoScriptInfo (17ms)
			ResolveRequiredComponents (7ms)
	FinalizeReload (492ms)
		ReleaseScriptCaches (0ms)
		RebuildScriptCaches (0ms)
		SetupLoadedEditorAssemblies (389ms)
			LogAssemblyErrors (0ms)
			InitializePlatformSupportModulesInManaged (19ms)
			SetLoadedEditorAssemblies (3ms)
			RefreshPlugins (0ms)
			BeforeProcessingInitializeOnLoad (83ms)
			ProcessInitializeOnLoadAttributes (245ms)
			ProcessInitializeOnLoadMethodAttributes (30ms)
			AfterProcessingInitializeOnLoad (9ms)
			EditorAssembliesLoaded (0ms)
		ExecutionOrderSort2 (0ms)
		AwakeInstancesAfterBackupRestoration (9ms)
Launched and connected shader compiler UnityShaderCompiler.exe after 0.05 seconds
Refreshing native plugins compatible for Editor in 6.42 ms, found 4 plugins.
Preloading 0 native plugins for Editor in 0.00 ms.
Unloading 5008 Unused Serialized files (Serialized files now loaded: 0)
Unloading 80 unused Assets / (246.9 KB). Loaded Objects now: 5468.
Memory consumption went from 170.6 MB to 170.4 MB.
Total: 2.687300 ms (FindLiveObjects: 0.258900 ms CreateObjectMapping: 0.099800 ms MarkObjects: 2.145300 ms  DeleteObjects: 0.182900 ms)

AssetImportParameters requested are different than current active one (requested -> active):
  custom:container-demuxer-ogg: 62fdf1f143b41e24485cea50d1cbac27 -> 
  custom:video-decoder-ogg-theora: a1e56fd34408186e4bbccfd4996cb3dc -> 
  custom:framework-win-MediaFoundation: 216162199b28c13a410421893ffa2e32 -> 
  custom:CustomObjectIndexerAttribute: 9a22284fe3817be447336de3de66b15e -> 
  custom:container-demuxer-webm: 4f35f7cbe854078d1ac9338744f61a02 -> 
  custom:container-muxer-webm: aa71ff27fc2769a1b78a27578f13a17b -> 
  custom:video-decoder-webm-vp8: 9c59270c3fd7afecdb556c50c9e8de78 -> 
  custom:SearchIndexIgnoredProperties: e643bd26f0fe6173181afceb89e7c659 -> 
  custom:AudioImporter_EditorPlatform: d09bf68614088b80899f8185d706f6e7 -> 
  custom:video-encoder-webm-vp8: eb34c28f22e8b96e1ab97ce403110664 -> 
  custom:audio-decoder-ogg-vorbis: bf7c407c2cedff20999df2af8eb42d56 -> 
  custom:audio-encoder-webm-vorbis: bf7c407c2cedff20999df2af8eb42d56 -> 
========================================================================
Received Import Request.
  Time since last request: 459175.039355 seconds.
  path: Assets/ResourceData/51.UI/98.TempPackage/44944.png
  artifactKey: Guid(01ce106c935fdae4286623ebc5c52e37) Importer(815301076,1909f56bfc062723c751e8b465ee728b)
Start importing Assets/ResourceData/51.UI/98.TempPackage/44944.png using Guid(01ce106c935fdae4286623ebc5c52e37) Importer(815301076,1909f56bfc062723c751e8b465ee728b) [PhysX] Initialized MultithreadedTaskDispatcher with 16 workers.
[PhysX] Initialized MultithreadedTaskDispatcher with 16 workers.
 -> (artifact id: '1314fe34cfc2a55d12ff86a173163f8f') in 0.060559 seconds
Number of updated asset objects reloaded before import = 0
Number of asset objects unloaded after import = 3
========================================================================
Received Import Request.
  Time since last request: 0.030432 seconds.
  path: Assets/ResourceData/51.UI/98.TempPackage/45111.png
  artifactKey: Guid(6ad0f70e64f7b1444b3d6bb45cb3f3d8) Importer(815301076,1909f56bfc062723c751e8b465ee728b)
Start importing Assets/ResourceData/51.UI/98.TempPackage/45111.png using Guid(6ad0f70e64f7b1444b3d6bb45cb3f3d8) Importer(815301076,1909f56bfc062723c751e8b465ee728b) [PhysX] Initialized MultithreadedTaskDispatcher with 16 workers.
[PhysX] Initialized MultithreadedTaskDispatcher with 16 workers.
 -> (artifact id: 'b8a1f64522620652594816b3f1491ac3') in 0.017287 seconds
Number of updated asset objects reloaded before import = 0
Number of asset objects unloaded after import = 3
========================================================================
Received Import Request.
  Time since last request: 0.000011 seconds.
  path: Assets/ResourceData/51.UI/98.TempPackage/45113.png
  artifactKey: Guid(10eb37265375b4c47b99d69ee020bfb5) Importer(815301076,1909f56bfc062723c751e8b465ee728b)
Start importing Assets/ResourceData/51.UI/98.TempPackage/45113.png using Guid(10eb37265375b4c47b99d69ee020bfb5) Importer(815301076,1909f56bfc062723c751e8b465ee728b) [PhysX] Initialized MultithreadedTaskDispatcher with 16 workers.
[PhysX] Initialized MultithreadedTaskDispatcher with 16 workers.
 -> (artifact id: '735d8df5eec26877b5f7bdcb315a717f') in 0.012196 seconds
Number of updated asset objects reloaded before import = 0
Number of asset objects unloaded after import = 3
========================================================================
Received Import Request.
  Time since last request: 0.047274 seconds.
  path: Assets/ResourceData/51.UI/98.TempPackage/54440.png
  artifactKey: Guid(64afd2908559cc149aa8d1e7f491e93a) Importer(815301076,1909f56bfc062723c751e8b465ee728b)
Start importing Assets/ResourceData/51.UI/98.TempPackage/54440.png using Guid(64afd2908559cc149aa8d1e7f491e93a) Importer(815301076,1909f56bfc062723c751e8b465ee728b) [PhysX] Initialized MultithreadedTaskDispatcher with 16 workers.
[PhysX] Initialized MultithreadedTaskDispatcher with 16 workers.
 -> (artifact id: 'eff2e8e1d5d42fd1087fec3bb0382d8a') in 0.015665 seconds
Number of updated asset objects reloaded before import = 0
Number of asset objects unloaded after import = 3
========================================================================
Received Import Request.
  Time since last request: 0.000012 seconds.
  path: Assets/ResourceData/51.UI/98.TempPackage/54443.png
  artifactKey: Guid(b6ee80bacc6545145b43e46634ab30b3) Importer(815301076,1909f56bfc062723c751e8b465ee728b)
Start importing Assets/ResourceData/51.UI/98.TempPackage/54443.png using Guid(b6ee80bacc6545145b43e46634ab30b3) Importer(815301076,1909f56bfc062723c751e8b465ee728b) [PhysX] Initialized MultithreadedTaskDispatcher with 16 workers.
[PhysX] Initialized MultithreadedTaskDispatcher with 16 workers.
 -> (artifact id: '8ebcddfc87b48637be8b3db0f02bfd9f') in 0.012569 seconds
Number of updated asset objects reloaded before import = 0
Number of asset objects unloaded after import = 3
========================================================================
Received Import Request.
  Time since last request: 0.000010 seconds.
  path: Assets/ResourceData/51.UI/98.TempPackage/65490.png
  artifactKey: Guid(a1253de6ebf532048af14bcc1957d6d5) Importer(815301076,1909f56bfc062723c751e8b465ee728b)
Start importing Assets/ResourceData/51.UI/98.TempPackage/65490.png using Guid(a1253de6ebf532048af14bcc1957d6d5) Importer(815301076,1909f56bfc062723c751e8b465ee728b) [PhysX] Initialized MultithreadedTaskDispatcher with 16 workers.
[PhysX] Initialized MultithreadedTaskDispatcher with 16 workers.
 -> (artifact id: 'de61303c02d8aa87865a93c32cf19e13') in 0.012312 seconds
Number of updated asset objects reloaded before import = 0
Number of asset objects unloaded after import = 3
========================================================================
Received Import Request.
  Time since last request: 0.032834 seconds.
  path: Assets/ResourceData/51.UI/98.TempPackage/65508.png
  artifactKey: Guid(04a87080a82d88c43a25a623c0a60c63) Importer(815301076,1909f56bfc062723c751e8b465ee728b)
Start importing Assets/ResourceData/51.UI/98.TempPackage/65508.png using Guid(04a87080a82d88c43a25a623c0a60c63) Importer(815301076,1909f56bfc062723c751e8b465ee728b) [PhysX] Initialized MultithreadedTaskDispatcher with 16 workers.
[PhysX] Initialized MultithreadedTaskDispatcher with 16 workers.
 -> (artifact id: 'ecc42cd2220879485b227065d35de337') in 0.012283 seconds
Number of updated asset objects reloaded before import = 0
Number of asset objects unloaded after import = 3
========================================================================
Received Import Request.
  Time since last request: 0.000009 seconds.
  path: Assets/ResourceData/51.UI/98.TempPackage/72564.png
  artifactKey: Guid(b92348b4928b64a4a9728406cbb2a1df) Importer(815301076,1909f56bfc062723c751e8b465ee728b)
Start importing Assets/ResourceData/51.UI/98.TempPackage/72564.png using Guid(b92348b4928b64a4a9728406cbb2a1df) Importer(815301076,1909f56bfc062723c751e8b465ee728b) [PhysX] Initialized MultithreadedTaskDispatcher with 16 workers.
[PhysX] Initialized MultithreadedTaskDispatcher with 16 workers.
 -> (artifact id: '7cec72edbf7fba950f378f5a512475d4') in 0.015454 seconds
Number of updated asset objects reloaded before import = 0
Number of asset objects unloaded after import = 3
========================================================================
Received Import Request.
  Time since last request: 0.282697 seconds.
  path: Assets/ResourceData/51.UI/98.TempPackage/72570.png
  artifactKey: Guid(af7b9a6bb2f11c842af515612972047c) Importer(815301076,1909f56bfc062723c751e8b465ee728b)
Start importing Assets/ResourceData/51.UI/98.TempPackage/72570.png using Guid(af7b9a6bb2f11c842af515612972047c) Importer(815301076,1909f56bfc062723c751e8b465ee728b) [PhysX] Initialized MultithreadedTaskDispatcher with 16 workers.
[PhysX] Initialized MultithreadedTaskDispatcher with 16 workers.
 -> (artifact id: 'cc6554b6cd29fc47ea27f5ef061961a0') in 0.013109 seconds
Number of updated asset objects reloaded before import = 0
Number of asset objects unloaded after import = 3
========================================================================
Received Import Request.
  Time since last request: 0.000012 seconds.
  path: Assets/ResourceData/51.UI/98.TempPackage/72577.png
  artifactKey: Guid(460fc2621ed7b224d8ac255b61acdb6e) Importer(815301076,1909f56bfc062723c751e8b465ee728b)
Start importing Assets/ResourceData/51.UI/98.TempPackage/72577.png using Guid(460fc2621ed7b224d8ac255b61acdb6e) Importer(815301076,1909f56bfc062723c751e8b465ee728b) [PhysX] Initialized MultithreadedTaskDispatcher with 16 workers.
[PhysX] Initialized MultithreadedTaskDispatcher with 16 workers.
 -> (artifact id: '19c8e135a53247ca108dc90b484137cc') in 0.016491 seconds
Number of updated asset objects reloaded before import = 0
Number of asset objects unloaded after import = 3
========================================================================
Received Import Request.
  Time since last request: 0.017290 seconds.
  path: Assets/ResourceData/51.UI/98.TempPackage/72581.png
  artifactKey: Guid(5474bb882bc7dc04898b34584c5f597e) Importer(815301076,1909f56bfc062723c751e8b465ee728b)
Start importing Assets/ResourceData/51.UI/98.TempPackage/72581.png using Guid(5474bb882bc7dc04898b34584c5f597e) Importer(815301076,1909f56bfc062723c751e8b465ee728b) [PhysX] Initialized MultithreadedTaskDispatcher with 16 workers.
[PhysX] Initialized MultithreadedTaskDispatcher with 16 workers.
 -> (artifact id: 'decd5ccc0e5b20aa0dd90783e2ba3385') in 0.013697 seconds
Number of updated asset objects reloaded before import = 0
Number of asset objects unloaded after import = 3
========================================================================
Received Import Request.
  Time since last request: 0.000012 seconds.
  path: Assets/ResourceData/51.UI/98.TempPackage/72583.png
  artifactKey: Guid(73ce6879f8f02df4f8f855d03994c22c) Importer(815301076,1909f56bfc062723c751e8b465ee728b)
Start importing Assets/ResourceData/51.UI/98.TempPackage/72583.png using Guid(73ce6879f8f02df4f8f855d03994c22c) Importer(815301076,1909f56bfc062723c751e8b465ee728b) [PhysX] Initialized MultithreadedTaskDispatcher with 16 workers.
[PhysX] Initialized MultithreadedTaskDispatcher with 16 workers.
 -> (artifact id: '769e3c1f92fd930949d8cc4c53906767') in 0.009962 seconds
Number of updated asset objects reloaded before import = 0
Number of asset objects unloaded after import = 3
========================================================================
Received Import Request.
  Time since last request: 0.000011 seconds.
  path: Assets/ResourceData/51.UI/98.TempPackage/74114.png
  artifactKey: Guid(0dadcaec19abb7147a8a4b94b8966818) Importer(815301076,1909f56bfc062723c751e8b465ee728b)
Start importing Assets/ResourceData/51.UI/98.TempPackage/74114.png using Guid(0dadcaec19abb7147a8a4b94b8966818) Importer(815301076,1909f56bfc062723c751e8b465ee728b) [PhysX] Initialized MultithreadedTaskDispatcher with 16 workers.
[PhysX] Initialized MultithreadedTaskDispatcher with 16 workers.
 -> (artifact id: 'b5d4b2e51b7278bcf9ad4432fd1f903f') in 0.010445 seconds
Number of updated asset objects reloaded before import = 0
Number of asset objects unloaded after import = 3
========================================================================
Received Import Request.
  Time since last request: 0.002574 seconds.
  path: Assets/ResourceData/51.UI/98.TempPackage/80559.png
  artifactKey: Guid(669de4e2ac260534880a102f555c0fd4) Importer(815301076,1909f56bfc062723c751e8b465ee728b)
Start importing Assets/ResourceData/51.UI/98.TempPackage/80559.png using Guid(669de4e2ac260534880a102f555c0fd4) Importer(815301076,1909f56bfc062723c751e8b465ee728b) [PhysX] Initialized MultithreadedTaskDispatcher with 16 workers.
[PhysX] Initialized MultithreadedTaskDispatcher with 16 workers.
 -> (artifact id: '13647b17f185f8ce20560e0f27f7f172') in 0.025520 seconds
Number of updated asset objects reloaded before import = 0
Number of asset objects unloaded after import = 3
========================================================================
Received Import Request.
  Time since last request: 0.000011 seconds.
  path: Assets/ResourceData/51.UI/11.HUD/BattleHUD_Portrait_Back.png
  artifactKey: Guid(ba59b17f0abd69145b93921d28f09d42) Importer(815301076,1909f56bfc062723c751e8b465ee728b)
Start importing Assets/ResourceData/51.UI/11.HUD/BattleHUD_Portrait_Back.png using Guid(ba59b17f0abd69145b93921d28f09d42) Importer(815301076,1909f56bfc062723c751e8b465ee728b) [PhysX] Initialized MultithreadedTaskDispatcher with 16 workers.
[PhysX] Initialized MultithreadedTaskDispatcher with 16 workers.
 -> (artifact id: 'aaad8ebfb53501dafd627a192b0d3eca') in 0.014670 seconds
Number of updated asset objects reloaded before import = 0
Number of asset objects unloaded after import = 3
========================================================================
Received Import Request.
  Time since last request: 0.001237 seconds.
  path: Assets/ResourceData/51.UI/11.HUD/BattleHUD_StructureIconBack.png
  artifactKey: Guid(4b0366ab2bfb7ca468030721a1a86909) Importer(815301076,1909f56bfc062723c751e8b465ee728b)
Start importing Assets/ResourceData/51.UI/11.HUD/BattleHUD_StructureIconBack.png using Guid(4b0366ab2bfb7ca468030721a1a86909) Importer(815301076,1909f56bfc062723c751e8b465ee728b) [PhysX] Initialized MultithreadedTaskDispatcher with 16 workers.
[PhysX] Initialized MultithreadedTaskDispatcher with 16 workers.
 -> (artifact id: '2511f3a764495884c50760002420d7ff') in 0.010157 seconds
Number of updated asset objects reloaded before import = 0
Number of asset objects unloaded after import = 3
========================================================================
Received Import Request.
  Time since last request: 0.000011 seconds.
  path: Assets/ResourceData/51.UI/98.TempPackage/cell_lock.png
  artifactKey: Guid(8475374181470fe408088b161efbdbbf) Importer(815301076,1909f56bfc062723c751e8b465ee728b)
Start importing Assets/ResourceData/51.UI/98.TempPackage/cell_lock.png using Guid(8475374181470fe408088b161efbdbbf) Importer(815301076,1909f56bfc062723c751e8b465ee728b) [PhysX] Initialized MultithreadedTaskDispatcher with 16 workers.
[PhysX] Initialized MultithreadedTaskDispatcher with 16 workers.
 -> (artifact id: '62c987027f78dd3d4b7183b565e94cc7') in 0.011380 seconds
Number of updated asset objects reloaded before import = 0
Number of asset objects unloaded after import = 3
========================================================================
Received Import Request.
  Time since last request: 0.000018 seconds.
  path: Assets/ResourceData/51.UI/11.HUD/BattleHUD_StructureInfo_Background.png
  artifactKey: Guid(057f355df8aab43449f03f5f1d72c352) Importer(815301076,1909f56bfc062723c751e8b465ee728b)
Start importing Assets/ResourceData/51.UI/11.HUD/BattleHUD_StructureInfo_Background.png using Guid(057f355df8aab43449f03f5f1d72c352) Importer(815301076,1909f56bfc062723c751e8b465ee728b) [PhysX] Initialized MultithreadedTaskDispatcher with 16 workers.
[PhysX] Initialized MultithreadedTaskDispatcher with 16 workers.
 -> (artifact id: '6efee33d684dbeb4fd83916cda1f17ab') in 0.013034 seconds
Number of updated asset objects reloaded before import = 0
Number of asset objects unloaded after import = 3
========================================================================
Received Import Request.
  Time since last request: 0.018964 seconds.
  path: Assets/ResourceData/50.WOResource/Character/Character_10.png
  artifactKey: Guid(8277785e523a1fa488d7208c9a5b439c) Importer(815301076,1909f56bfc062723c751e8b465ee728b)
Start importing Assets/ResourceData/50.WOResource/Character/Character_10.png using Guid(8277785e523a1fa488d7208c9a5b439c) Importer(815301076,1909f56bfc062723c751e8b465ee728b) [PhysX] Initialized MultithreadedTaskDispatcher with 16 workers.
[PhysX] Initialized MultithreadedTaskDispatcher with 16 workers.
 -> (artifact id: '593f064ad3723f49749ca5a9b99b7204') in 0.014051 seconds
Number of updated asset objects reloaded before import = 0
Number of asset objects unloaded after import = 3
========================================================================
Received Import Request.
  Time since last request: 0.000011 seconds.
  path: Assets/ResourceData/51.UI/12.Portrait/CharacterPortrait_03.png
  artifactKey: Guid(f8015de2ce2a6c646a8891c0b06edb31) Importer(815301076,1909f56bfc062723c751e8b465ee728b)
Start importing Assets/ResourceData/51.UI/12.Portrait/CharacterPortrait_03.png using Guid(f8015de2ce2a6c646a8891c0b06edb31) Importer(815301076,1909f56bfc062723c751e8b465ee728b) [PhysX] Initialized MultithreadedTaskDispatcher with 16 workers.
[PhysX] Initialized MultithreadedTaskDispatcher with 16 workers.
 -> (artifact id: '6c7abff7146a94559643ad7f15af013c') in 0.013752 seconds
Number of updated asset objects reloaded before import = 0
Number of asset objects unloaded after import = 3
========================================================================
Received Import Request.
  Time since last request: 0.065711 seconds.
  path: Assets/ResourceData/51.UI/12.Portrait/CharacterPortrait_14.png
  artifactKey: Guid(ca25eaa2f13ff324083aaedd34a8bccd) Importer(815301076,1909f56bfc062723c751e8b465ee728b)
Start importing Assets/ResourceData/51.UI/12.Portrait/CharacterPortrait_14.png using Guid(ca25eaa2f13ff324083aaedd34a8bccd) Importer(815301076,1909f56bfc062723c751e8b465ee728b) [PhysX] Initialized MultithreadedTaskDispatcher with 16 workers.
[PhysX] Initialized MultithreadedTaskDispatcher with 16 workers.
 -> (artifact id: '4a03ee7d57cbaf25adb247744873f300') in 0.013454 seconds
Number of updated asset objects reloaded before import = 0
Number of asset objects unloaded after import = 3
========================================================================
Received Import Request.
  Time since last request: 0.000012 seconds.
  path: Assets/ResourceData/51.UI/12.Portrait/CharacterPortrait_20.png
  artifactKey: Guid(8437152398694c94ba5ec2b6b5297159) Importer(815301076,1909f56bfc062723c751e8b465ee728b)
Start importing Assets/ResourceData/51.UI/12.Portrait/CharacterPortrait_20.png using Guid(8437152398694c94ba5ec2b6b5297159) Importer(815301076,1909f56bfc062723c751e8b465ee728b) [PhysX] Initialized MultithreadedTaskDispatcher with 16 workers.
[PhysX] Initialized MultithreadedTaskDispatcher with 16 workers.
 -> (artifact id: 'e4b3e88766a1d651021926175b76fe5d') in 0.016471 seconds
Number of updated asset objects reloaded before import = 0
Number of asset objects unloaded after import = 3
========================================================================
Received Import Request.
  Time since last request: 0.304903 seconds.
  path: Assets/ResourceData/50.WOResource/Character/Character02_AnimFrame/Attack_L/CharacterResource_02_Attack_L_04.png
  artifactKey: Guid(57066b958201aa04c9dc84bc9d30d02d) Importer(815301076,1909f56bfc062723c751e8b465ee728b)
Start importing Assets/ResourceData/50.WOResource/Character/Character02_AnimFrame/Attack_L/CharacterResource_02_Attack_L_04.png using Guid(57066b958201aa04c9dc84bc9d30d02d) Importer(815301076,1909f56bfc062723c751e8b465ee728b) [PhysX] Initialized MultithreadedTaskDispatcher with 16 workers.
[PhysX] Initialized MultithreadedTaskDispatcher with 16 workers.
 -> (artifact id: '7d6abb5ea5c0ae00097ebb8b84e908c1') in 0.013176 seconds
Number of updated asset objects reloaded before import = 0
Number of asset objects unloaded after import = 3
========================================================================
Received Import Request.
  Time since last request: 0.000010 seconds.
  path: Assets/ResourceData/50.WOResource/Character/Character02_AnimFrame/Attack_R/CharacterResource_02_Attack_R_01-export.png
  artifactKey: Guid(ae3f09d4ba01c5647a8b62ba22d2887a) Importer(815301076,1909f56bfc062723c751e8b465ee728b)
Start importing Assets/ResourceData/50.WOResource/Character/Character02_AnimFrame/Attack_R/CharacterResource_02_Attack_R_01-export.png using Guid(ae3f09d4ba01c5647a8b62ba22d2887a) Importer(815301076,1909f56bfc062723c751e8b465ee728b) [PhysX] Initialized MultithreadedTaskDispatcher with 16 workers.
[PhysX] Initialized MultithreadedTaskDispatcher with 16 workers.
 -> (artifact id: 'dab016cc1021911af32fd5290b8de71e') in 0.013885 seconds
Number of updated asset objects reloaded before import = 0
Number of asset objects unloaded after import = 3
========================================================================
Received Import Request.
  Time since last request: 0.000009 seconds.
  path: Assets/ResourceData/50.WOResource/Character/CharacterResource_03.png
  artifactKey: Guid(4f05d693176ad7a4d9fc3465043a1f76) Importer(815301076,1909f56bfc062723c751e8b465ee728b)
Start importing Assets/ResourceData/50.WOResource/Character/CharacterResource_03.png using Guid(4f05d693176ad7a4d9fc3465043a1f76) Importer(815301076,1909f56bfc062723c751e8b465ee728b) [PhysX] Initialized MultithreadedTaskDispatcher with 16 workers.
[PhysX] Initialized MultithreadedTaskDispatcher with 16 workers.
 -> (artifact id: '8c4b3b0c5ca27db16994af255e907b7f') in 0.008122 seconds
Number of updated asset objects reloaded before import = 0
Number of asset objects unloaded after import = 3
========================================================================
Received Import Request.
  Time since last request: 0.011837 seconds.
  path: Assets/ResourceData/50.WOResource/Character/CharacterResource_14.png
  artifactKey: Guid(0644a3eb50983f543bfcf50b9966ef54) Importer(815301076,1909f56bfc062723c751e8b465ee728b)
Start importing Assets/ResourceData/50.WOResource/Character/CharacterResource_14.png using Guid(0644a3eb50983f543bfcf50b9966ef54) Importer(815301076,1909f56bfc062723c751e8b465ee728b) [PhysX] Initialized MultithreadedTaskDispatcher with 16 workers.
[PhysX] Initialized MultithreadedTaskDispatcher with 16 workers.
 -> (artifact id: 'f4f0500827c3ef7375d432f184afbb3a') in 0.016216 seconds
Number of updated asset objects reloaded before import = 0
Number of asset objects unloaded after import = 3
========================================================================
Received Import Request.
  Time since last request: 0.000010 seconds.
  path: Assets/ResourceData/50.WOResource/MealFactory/CookFrame00.png
  artifactKey: Guid(63b07f941ebeb7c43a773e5bfb2a5258) Importer(815301076,1909f56bfc062723c751e8b465ee728b)
Start importing Assets/ResourceData/50.WOResource/MealFactory/CookFrame00.png using Guid(63b07f941ebeb7c43a773e5bfb2a5258) Importer(815301076,1909f56bfc062723c751e8b465ee728b) [PhysX] Initialized MultithreadedTaskDispatcher with 16 workers.
[PhysX] Initialized MultithreadedTaskDispatcher with 16 workers.
 -> (artifact id: '4b4cbbf160d3b44895ee26f640c6dc6a') in 0.014091 seconds
Number of updated asset objects reloaded before import = 0
Number of asset objects unloaded after import = 3
========================================================================
Received Import Request.
  Time since last request: 0.002545 seconds.
  path: Assets/ResourceData/51.UI/06.Credit/CreditCharacter_00.png
  artifactKey: Guid(bac72547484bf1847b8928370d451684) Importer(815301076,1909f56bfc062723c751e8b465ee728b)
Start importing Assets/ResourceData/51.UI/06.Credit/CreditCharacter_00.png using Guid(bac72547484bf1847b8928370d451684) Importer(815301076,1909f56bfc062723c751e8b465ee728b) [PhysX] Initialized MultithreadedTaskDispatcher with 16 workers.
[PhysX] Initialized MultithreadedTaskDispatcher with 16 workers.
 -> (artifact id: 'd48c1f4d7141f8ceb4027bfd437ab6cd') in 0.012779 seconds
Number of updated asset objects reloaded before import = 0
Number of asset objects unloaded after import = 3
========================================================================
Received Import Request.
  Time since last request: 0.000009 seconds.
  path: Assets/ResourceData/51.UI/98.TempPackage/icon_2nd.png
  artifactKey: Guid(c97bb58f7749cd34a9e87c9e04743ed3) Importer(815301076,1909f56bfc062723c751e8b465ee728b)
Start importing Assets/ResourceData/51.UI/98.TempPackage/icon_2nd.png using Guid(c97bb58f7749cd34a9e87c9e04743ed3) Importer(815301076,1909f56bfc062723c751e8b465ee728b) [PhysX] Initialized MultithreadedTaskDispatcher with 16 workers.
[PhysX] Initialized MultithreadedTaskDispatcher with 16 workers.
 -> (artifact id: '16fd15724e8cb5ca86b09eeb1befae33') in 0.009955 seconds
Number of updated asset objects reloaded before import = 0
Number of asset objects unloaded after import = 3
========================================================================
Received Import Request.
  Time since last request: 0.000009 seconds.
  path: Assets/ResourceData/51.UI/51.Icon/Icon_MoveSpeed.png
  artifactKey: Guid(b65a1173b84d9ee49b44742108048aed) Importer(815301076,1909f56bfc062723c751e8b465ee728b)
Start importing Assets/ResourceData/51.UI/51.Icon/Icon_MoveSpeed.png using Guid(b65a1173b84d9ee49b44742108048aed) Importer(815301076,1909f56bfc062723c751e8b465ee728b) [PhysX] Initialized MultithreadedTaskDispatcher with 16 workers.
[PhysX] Initialized MultithreadedTaskDispatcher with 16 workers.
 -> (artifact id: '8fb02984d2e6ef4204c7cbd924d0a253') in 0.008403 seconds
Number of updated asset objects reloaded before import = 0
Number of asset objects unloaded after import = 3
========================================================================
Received Import Request.
  Time since last request: 0.000008 seconds.
  path: Assets/ResourceData/50.WOResource/Item/Item00.png
  artifactKey: Guid(66402c03d8145a748b70540fc1f976e1) Importer(815301076,1909f56bfc062723c751e8b465ee728b)
Start importing Assets/ResourceData/50.WOResource/Item/Item00.png using Guid(66402c03d8145a748b70540fc1f976e1) Importer(815301076,1909f56bfc062723c751e8b465ee728b) [PhysX] Initialized MultithreadedTaskDispatcher with 16 workers.
[PhysX] Initialized MultithreadedTaskDispatcher with 16 workers.
 -> (artifact id: 'a8e531f5a7181e53227b33fae4272c07') in 0.014395 seconds
Number of updated asset objects reloaded before import = 0
Number of asset objects unloaded after import = 3
========================================================================
Received Import Request.
  Time since last request: 0.000009 seconds.
  path: Assets/ResourceData/51.UI/51.Icon/Icon_AttackRange.png
  artifactKey: Guid(46193633d17488a44ac26df22c68e876) Importer(815301076,1909f56bfc062723c751e8b465ee728b)
Start importing Assets/ResourceData/51.UI/51.Icon/Icon_AttackRange.png using Guid(46193633d17488a44ac26df22c68e876) Importer(815301076,1909f56bfc062723c751e8b465ee728b) [PhysX] Initialized MultithreadedTaskDispatcher with 16 workers.
[PhysX] Initialized MultithreadedTaskDispatcher with 16 workers.
 -> (artifact id: 'b6e05300d50ae9e5aff625e281c28922') in 0.011447 seconds
Number of updated asset objects reloaded before import = 0
Number of asset objects unloaded after import = 3
========================================================================
Received Import Request.
  Time since last request: 0.000010 seconds.
  path: Assets/ResourceData/51.UI/98.TempPackage/icon_3rd.png
  artifactKey: Guid(b01e6424d2d0cf548843a357789b9257) Importer(815301076,1909f56bfc062723c751e8b465ee728b)
Start importing Assets/ResourceData/51.UI/98.TempPackage/icon_3rd.png using Guid(b01e6424d2d0cf548843a357789b9257) Importer(815301076,1909f56bfc062723c751e8b465ee728b) [PhysX] Initialized MultithreadedTaskDispatcher with 16 workers.
[PhysX] Initialized MultithreadedTaskDispatcher with 16 workers.
 -> (artifact id: 'bd807d160c4df53baa6f2614b9ec0dc8') in 0.010933 seconds
Number of updated asset objects reloaded before import = 0
Number of asset objects unloaded after import = 3
========================================================================
Received Import Request.
  Time since last request: 0.000008 seconds.
  path: Assets/ResourceData/51.UI/98.TempPackage/popup_reward_cell_hp.png
  artifactKey: Guid(83a10677f0bc9034b87d83042470e3f8) Importer(815301076,1909f56bfc062723c751e8b465ee728b)
Start importing Assets/ResourceData/51.UI/98.TempPackage/popup_reward_cell_hp.png using Guid(83a10677f0bc9034b87d83042470e3f8) Importer(815301076,1909f56bfc062723c751e8b465ee728b) [PhysX] Initialized MultithreadedTaskDispatcher with 16 workers.
[PhysX] Initialized MultithreadedTaskDispatcher with 16 workers.
 -> (artifact id: '393cb0797b0656fbb518e9292818c775') in 0.010600 seconds
Number of updated asset objects reloaded before import = 0
Number of asset objects unloaded after import = 3
========================================================================
Received Import Request.
  Time since last request: 0.000010 seconds.
  path: Assets/ResourceData/50.WOResource/MealFactory/MealFactory02.png
  artifactKey: Guid(c4add44ab830a544aa0376a88db39fc5) Importer(815301076,1909f56bfc062723c751e8b465ee728b)
Start importing Assets/ResourceData/50.WOResource/MealFactory/MealFactory02.png using Guid(c4add44ab830a544aa0376a88db39fc5) Importer(815301076,1909f56bfc062723c751e8b465ee728b) [PhysX] Initialized MultithreadedTaskDispatcher with 16 workers.
[PhysX] Initialized MultithreadedTaskDispatcher with 16 workers.
 -> (artifact id: '2c835a81a134e4e8d41d2a43ea8eb4af') in 0.016907 seconds
Number of updated asset objects reloaded before import = 0
Number of asset objects unloaded after import = 3
========================================================================
Received Import Request.
  Time since last request: 0.000015 seconds.
  path: Assets/ResourceData/51.UI/98.TempPackage/popup_upgrade_cell_pet1.png
  artifactKey: Guid(2ee3b60efc765f24b815ab64f530f021) Importer(815301076,1909f56bfc062723c751e8b465ee728b)
Start importing Assets/ResourceData/51.UI/98.TempPackage/popup_upgrade_cell_pet1.png using Guid(2ee3b60efc765f24b815ab64f530f021) Importer(815301076,1909f56bfc062723c751e8b465ee728b) [PhysX] Initialized MultithreadedTaskDispatcher with 16 workers.
[PhysX] Initialized MultithreadedTaskDispatcher with 16 workers.
 -> (artifact id: '0bb5677c2681b5214baba5b1088192c4') in 0.008679 seconds
Number of updated asset objects reloaded before import = 0
Number of asset objects unloaded after import = 3
========================================================================
Received Import Request.
  Time since last request: 0.000008 seconds.
  path: Assets/ResourceData/51.UI/98.TempPackage/popup_upgrade_cell_pet7.png
  artifactKey: Guid(07cd1a6e136eeb04fb6d2526e53eac3b) Importer(815301076,1909f56bfc062723c751e8b465ee728b)
Start importing Assets/ResourceData/51.UI/98.TempPackage/popup_upgrade_cell_pet7.png using Guid(07cd1a6e136eeb04fb6d2526e53eac3b) Importer(815301076,1909f56bfc062723c751e8b465ee728b) [PhysX] Initialized MultithreadedTaskDispatcher with 16 workers.
[PhysX] Initialized MultithreadedTaskDispatcher with 16 workers.
 -> (artifact id: '89617f212e66a3246ce51060f98047be') in 0.008600 seconds
Number of updated asset objects reloaded before import = 0
Number of asset objects unloaded after import = 3
========================================================================
Received Import Request.
  Time since last request: 0.000008 seconds.
  path: Assets/ResourceData/51.UI/98.TempPackage/popup_upgrade_cell_pet3.png
  artifactKey: Guid(db52f9ec1785b494ea625e29aec874c7) Importer(815301076,1909f56bfc062723c751e8b465ee728b)
Start importing Assets/ResourceData/51.UI/98.TempPackage/popup_upgrade_cell_pet3.png using Guid(db52f9ec1785b494ea625e29aec874c7) Importer(815301076,1909f56bfc062723c751e8b465ee728b) [PhysX] Initialized MultithreadedTaskDispatcher with 16 workers.
[PhysX] Initialized MultithreadedTaskDispatcher with 16 workers.
 -> (artifact id: 'd6c20b8a407fc3155092928358e0d43c') in 0.009166 seconds
Number of updated asset objects reloaded before import = 0
Number of asset objects unloaded after import = 3
========================================================================
Received Import Request.
  Time since last request: 0.376102 seconds.
  path: Assets/ResourceData/51.UI/99.Common/WhiteBackGround_100.png
  artifactKey: Guid(71e92566032657e459a4607251614ee3) Importer(815301076,1909f56bfc062723c751e8b465ee728b)
Start importing Assets/ResourceData/51.UI/99.Common/WhiteBackGround_100.png using Guid(71e92566032657e459a4607251614ee3) Importer(815301076,1909f56bfc062723c751e8b465ee728b) [PhysX] Initialized MultithreadedTaskDispatcher with 16 workers.
[PhysX] Initialized MultithreadedTaskDispatcher with 16 workers.
 -> (artifact id: '99a4020ea0f8f828b89defaf0c415eca') in 0.010004 seconds
Number of updated asset objects reloaded before import = 0
Number of asset objects unloaded after import = 3
========================================================================
Received Import Request.
  Time since last request: 0.000011 seconds.
  path: Assets/ResourceData/50.WOResource/Projectile/WO_Arrow.png
  artifactKey: Guid(921c2bc62a5dad143b980ee75247847c) Importer(815301076,1909f56bfc062723c751e8b465ee728b)
Start importing Assets/ResourceData/50.WOResource/Projectile/WO_Arrow.png using Guid(921c2bc62a5dad143b980ee75247847c) Importer(815301076,1909f56bfc062723c751e8b465ee728b) [PhysX] Initialized MultithreadedTaskDispatcher with 16 workers.
[PhysX] Initialized MultithreadedTaskDispatcher with 16 workers.
 -> (artifact id: '2be697454cd3d48e4296ce617d401348') in 0.010141 seconds
Number of updated asset objects reloaded before import = 0
Number of asset objects unloaded after import = 3
========================================================================
Received Import Request.
  Time since last request: 21.199139 seconds.
  path: Assets/Cainos/Pixel Art Top Down - Basic/Texture/TX Shadow Plant.png
  artifactKey: Guid(8501e10b1eafde34586080ba342fdc0e) Importer(815301076,1909f56bfc062723c751e8b465ee728b)
Start importing Assets/Cainos/Pixel Art Top Down - Basic/Texture/TX Shadow Plant.png using Guid(8501e10b1eafde34586080ba342fdc0e) Importer(815301076,1909f56bfc062723c751e8b465ee728b) [PhysX] Initialized MultithreadedTaskDispatcher with 16 workers.
[PhysX] Initialized MultithreadedTaskDispatcher with 16 workers.
 -> (artifact id: 'd15b293e465c04a81ede544233d93ba3') in 0.061453 seconds
Number of updated asset objects reloaded before import = 0
Number of asset objects unloaded after import = 11
========================================================================
Received Import Request.
  Time since last request: 0.000010 seconds.
  path: Assets/Cainos/Pixel Art Top Down - Basic/Texture/TX Tileset Grass.png
  artifactKey: Guid(1c9ed9d1200c29d4cbfd2071028c1cd5) Importer(815301076,1909f56bfc062723c751e8b465ee728b)
Start importing Assets/Cainos/Pixel Art Top Down - Basic/Texture/TX Tileset Grass.png using Guid(1c9ed9d1200c29d4cbfd2071028c1cd5) Importer(815301076,1909f56bfc062723c751e8b465ee728b) [PhysX] Initialized MultithreadedTaskDispatcher with 16 workers.
[PhysX] Initialized MultithreadedTaskDispatcher with 16 workers.
 -> (artifact id: 'ddb9796f50716bf14610d80364a22bfb') in 0.160943 seconds
Number of updated asset objects reloaded before import = 0
Number of asset objects unloaded after import = 66
========================================================================
Received Prepare
Begin MonoManager ReloadAssembly
- Loaded All Assemblies, in  0.422 seconds
Refreshing native plugins compatible for Editor in 4.88 ms, found 4 plugins.
Native extension for WindowsStandalone target not found
Native extension for Android target not found
Native extension for WebGL target not found
Mono: successfully reloaded assembly
- Finished resetting the current domain, in  0.971 seconds
Domain Reload Profiling: 1389ms
	BeginReloadAssembly (137ms)
		ExecutionOrderSort (0ms)
		DisableScriptedObjects (7ms)
		BackupInstance (0ms)
		ReleaseScriptingObjects (0ms)
		CreateAndSetChildDomain (32ms)
	RebuildCommonClasses (24ms)
	RebuildNativeTypeToScriptingClass (8ms)
	initialDomainReloadingComplete (28ms)
	LoadAllAssembliesAndSetupDomain (220ms)
		LoadAssemblies (269ms)
		RebuildTransferFunctionScriptingTraits (0ms)
		AnalyzeDomain (19ms)
			TypeCache.Refresh (7ms)
				TypeCache.ScanAssembly (1ms)
			ScanForSourceGeneratedMonoScriptInfo (6ms)
			ResolveRequiredComponents (5ms)
	FinalizeReload (972ms)
		ReleaseScriptCaches (0ms)
		RebuildScriptCaches (0ms)
		SetupLoadedEditorAssemblies (351ms)
			LogAssemblyErrors (0ms)
			InitializePlatformSupportModulesInManaged (20ms)
			SetLoadedEditorAssemblies (4ms)
			RefreshPlugins (0ms)
			BeforeProcessingInitializeOnLoad (83ms)
			ProcessInitializeOnLoadAttributes (205ms)
			ProcessInitializeOnLoadMethodAttributes (33ms)
			AfterProcessingInitializeOnLoad (7ms)
			EditorAssembliesLoaded (0ms)
		ExecutionOrderSort2 (0ms)
		AwakeInstancesAfterBackupRestoration (12ms)
Refreshing native plugins compatible for Editor in 5.53 ms, found 4 plugins.
Preloading 0 native plugins for Editor in 0.00 ms.
Unloading 4972 Unused Serialized files (Serialized files now loaded: 0)
Unloading 58 unused Assets / (225.5 KB). Loaded Objects now: 5512.
Memory consumption went from 164.4 MB to 164.2 MB.
Total: 2.773500 ms (FindLiveObjects: 0.272400 ms CreateObjectMapping: 0.096500 ms MarkObjects: 2.283900 ms  DeleteObjects: 0.120300 ms)

Prepare: number of updated asset objects reloaded= 0
AssetImportParameters requested are different than current active one (requested -> active):
  custom:container-demuxer-ogg: 62fdf1f143b41e24485cea50d1cbac27 -> 
  custom:video-decoder-ogg-theora: a1e56fd34408186e4bbccfd4996cb3dc -> 
  custom:framework-win-MediaFoundation: 216162199b28c13a410421893ffa2e32 -> 
  custom:CustomObjectIndexerAttribute: 9a22284fe3817be447336de3de66b15e -> 
  custom:container-demuxer-webm: 4f35f7cbe854078d1ac9338744f61a02 -> 
  custom:container-muxer-webm: aa71ff27fc2769a1b78a27578f13a17b -> 
  custom:video-decoder-webm-vp8: 9c59270c3fd7afecdb556c50c9e8de78 -> 
  custom:SearchIndexIgnoredProperties: e643bd26f0fe6173181afceb89e7c659 -> 
  custom:AudioImporter_EditorPlatform: d09bf68614088b80899f8185d706f6e7 -> 
  custom:video-encoder-webm-vp8: eb34c28f22e8b96e1ab97ce403110664 -> 
  custom:audio-decoder-ogg-vorbis: bf7c407c2cedff20999df2af8eb42d56 -> 
  custom:audio-encoder-webm-vorbis: bf7c407c2cedff20999df2af8eb42d56 -> 
