Using pre-set license
Built from '2022.3/staging' branch; Version is '2022.3.37f1 (340ba89e4c23) revision 3410856'; Using compiler version '192829333'; Build Type 'Release'
OS: 'Windows 10  (10.0.19045) 64bit Professional' Language: 'ko' Physical Memory: 31863 MB
BatchMode: 1, IsHumanControllingUs: 0, StartBugReporterOnCrash: 0, Is64bit: 1, IsPro: 1

COMMAND LINE ARGUMENTS:
C:\Program Files\Unity\Hub\Editor\2022.3.37f1\Editor\Unity.exe
-adb2
-batchMode
-noUpm
-name
AssetImportWorker0
-projectPath
C:/Users/Jonghow/ProjectLucky/ProjectLucky
-logFile
Logs/AssetImportWorker0.log
-srvPort
51952
Successfully changed project path to: C:/Users/Jonghow/ProjectLucky/ProjectLucky
C:/Users/Jonghow/ProjectLucky/ProjectLucky
[UnityMemory] Configuration Parameters - Can be set up in boot.config
    "memorysetup-bucket-allocator-granularity=16"
    "memorysetup-bucket-allocator-bucket-count=8"
    "memorysetup-bucket-allocator-block-size=33554432"
    "memorysetup-bucket-allocator-block-count=8"
    "memorysetup-main-allocator-block-size=16777216"
    "memorysetup-thread-allocator-block-size=16777216"
    "memorysetup-gfx-main-allocator-block-size=16777216"
    "memorysetup-gfx-thread-allocator-block-size=16777216"
    "memorysetup-cache-allocator-block-size=4194304"
    "memorysetup-typetree-allocator-block-size=2097152"
    "memorysetup-profiler-bucket-allocator-granularity=16"
    "memorysetup-profiler-bucket-allocator-bucket-count=8"
    "memorysetup-profiler-bucket-allocator-block-size=33554432"
    "memorysetup-profiler-bucket-allocator-block-count=8"
    "memorysetup-profiler-allocator-block-size=16777216"
    "memorysetup-profiler-editor-allocator-block-size=1048576"
    "memorysetup-temp-allocator-size-main=16777216"
    "memorysetup-job-temp-allocator-block-size=2097152"
    "memorysetup-job-temp-allocator-block-size-background=1048576"
    "memorysetup-job-temp-allocator-reduction-small-platforms=262144"
    "memorysetup-allocator-temp-initial-block-size-main=262144"
    "memorysetup-allocator-temp-initial-block-size-worker=262144"
    "memorysetup-temp-allocator-size-background-worker=32768"
    "memorysetup-temp-allocator-size-job-worker=262144"
    "memorysetup-temp-allocator-size-preload-manager=33554432"
    "memorysetup-temp-allocator-size-nav-mesh-worker=65536"
    "memorysetup-temp-allocator-size-audio-worker=65536"
    "memorysetup-temp-allocator-size-cloud-worker=32768"
    "memorysetup-temp-allocator-size-gi-baking-worker=262144"
    "memorysetup-temp-allocator-size-gfx=262144"
Player connection [8112] Host "[IP] 211.196.206.240 [Port] 0 [Flags] 2 [Guid] 1104729785 [EditorId] 1104729785 [Version] 1048832 [Id] WindowsEditor(7,DESKTOP-6NDVO19) [Debug] 1 [PackageName] WindowsEditor [ProjectName] Editor" joined multi-casting on [225.0.0.222:54997]...

Player connection [8112] Host "[IP] 211.196.206.240 [Port] 0 [Flags] 2 [Guid] 1104729785 [EditorId] 1104729785 [Version] 1048832 [Id] WindowsEditor(7,DESKTOP-6NDVO19) [Debug] 1 [PackageName] WindowsEditor [ProjectName] Editor" joined alternative multi-casting on [225.0.0.222:34997]...

[PhysX] Initialized MultithreadedTaskDispatcher with 16 workers.
Refreshing native plugins compatible for Editor in 1158.58 ms, found 4 plugins.
Preloading 0 native plugins for Editor in 0.00 ms.
Initialize engine version: 2022.3.37f1 (340ba89e4c23)
[Subsystems] Discovering subsystems at path C:/Program Files/Unity/Hub/Editor/2022.3.37f1/Editor/Data/Resources/UnitySubsystems
[Subsystems] Discovering subsystems at path C:/Users/Jonghow/ProjectLucky/ProjectLucky/Assets
GfxDevice: creating device client; threaded=0; jobified=0
Direct3D:
    Version:  Direct3D 11.0 [level 11.1]
    Renderer: NVIDIA GeForce RTX 4060 Ti (ID=0x2805)
    Vendor:   NVIDIA
    VRAM:     16109 MB
    Driver:   32.0.15.6094
Initialize mono
Mono path[0] = 'C:/Program Files/Unity/Hub/Editor/2022.3.37f1/Editor/Data/Managed'
Mono path[1] = 'C:/Program Files/Unity/Hub/Editor/2022.3.37f1/Editor/Data/MonoBleedingEdge/lib/mono/unityjit-win32'
Mono config path = 'C:/Program Files/Unity/Hub/Editor/2022.3.37f1/Editor/Data/MonoBleedingEdge/etc'
Using monoOptions --debugger-agent=transport=dt_socket,embedding=1,server=y,suspend=n,address=127.0.0.1:56260
Begin MonoManager ReloadAssembly
Registering precompiled unity dll's ...
Register platform support module: C:/Program Files/Unity/Hub/Editor/2022.3.37f1/Editor/Data/PlaybackEngines/WebGLSupport/UnityEditor.WebGL.Extensions.dll
Register platform support module: C:/Program Files/Unity/Hub/Editor/2022.3.37f1/Editor/Data/PlaybackEngines/AndroidPlayer/UnityEditor.Android.Extensions.dll
Register platform support module: C:/Program Files/Unity/Hub/Editor/2022.3.37f1/Editor/Data/PlaybackEngines/WindowsStandaloneSupport/UnityEditor.WindowsStandalone.Extensions.dll
Registered in 0.367569 seconds.
- Loaded All Assemblies, in  5.155 seconds
Native extension for WindowsStandalone target not found
Native extension for Android target not found
Android Extension - Scanning For ADB Devices 290 ms
Native extension for WebGL target not found
Mono: successfully reloaded assembly
- Finished resetting the current domain, in  0.587 seconds
Domain Reload Profiling: 5739ms
	BeginReloadAssembly (3457ms)
		ExecutionOrderSort (0ms)
		DisableScriptedObjects (0ms)
		BackupInstance (0ms)
		ReleaseScriptingObjects (0ms)
		CreateAndSetChildDomain (0ms)
	RebuildCommonClasses (295ms)
	RebuildNativeTypeToScriptingClass (7ms)
	initialDomainReloadingComplete (407ms)
	LoadAllAssembliesAndSetupDomain (987ms)
		LoadAssemblies (3455ms)
		RebuildTransferFunctionScriptingTraits (0ms)
		AnalyzeDomain (985ms)
			TypeCache.Refresh (984ms)
				TypeCache.ScanAssembly (779ms)
			ScanForSourceGeneratedMonoScriptInfo (0ms)
			ResolveRequiredComponents (0ms)
	FinalizeReload (587ms)
		ReleaseScriptCaches (0ms)
		RebuildScriptCaches (0ms)
		SetupLoadedEditorAssemblies (553ms)
			LogAssemblyErrors (0ms)
			InitializePlatformSupportModulesInManaged (444ms)
			SetLoadedEditorAssemblies (3ms)
			RefreshPlugins (0ms)
			BeforeProcessingInitializeOnLoad (1ms)
			ProcessInitializeOnLoadAttributes (67ms)
			ProcessInitializeOnLoadMethodAttributes (37ms)
			AfterProcessingInitializeOnLoad (0ms)
			EditorAssembliesLoaded (0ms)
		ExecutionOrderSort2 (0ms)
		AwakeInstancesAfterBackupRestoration (0ms)
========================================================================
Worker process is ready to serve import requests
Begin MonoManager ReloadAssembly
- Loaded All Assemblies, in  6.598 seconds
Refreshing native plugins compatible for Editor in 5.29 ms, found 4 plugins.
Native extension for WindowsStandalone target not found
Native extension for Android target not found
Native extension for WebGL target not found
Mono: successfully reloaded assembly
- Finished resetting the current domain, in  0.536 seconds
Domain Reload Profiling: 7130ms
	BeginReloadAssembly (113ms)
		ExecutionOrderSort (0ms)
		DisableScriptedObjects (3ms)
		BackupInstance (0ms)
		ReleaseScriptingObjects (0ms)
		CreateAndSetChildDomain (16ms)
	RebuildCommonClasses (22ms)
	RebuildNativeTypeToScriptingClass (6ms)
	initialDomainReloadingComplete (29ms)
	LoadAllAssembliesAndSetupDomain (6424ms)
		LoadAssemblies (6116ms)
		RebuildTransferFunctionScriptingTraits (0ms)
		AnalyzeDomain (379ms)
			TypeCache.Refresh (350ms)
				TypeCache.ScanAssembly (314ms)
			ScanForSourceGeneratedMonoScriptInfo (23ms)
			ResolveRequiredComponents (6ms)
	FinalizeReload (536ms)
		ReleaseScriptCaches (0ms)
		RebuildScriptCaches (0ms)
		SetupLoadedEditorAssemblies (408ms)
			LogAssemblyErrors (0ms)
			InitializePlatformSupportModulesInManaged (20ms)
			SetLoadedEditorAssemblies (3ms)
			RefreshPlugins (0ms)
			BeforeProcessingInitializeOnLoad (96ms)
			ProcessInitializeOnLoadAttributes (248ms)
			ProcessInitializeOnLoadMethodAttributes (32ms)
			AfterProcessingInitializeOnLoad (9ms)
			EditorAssembliesLoaded (0ms)
		ExecutionOrderSort2 (0ms)
		AwakeInstancesAfterBackupRestoration (12ms)
Launched and connected shader compiler UnityShaderCompiler.exe after 0.04 seconds
Refreshing native plugins compatible for Editor in 5.34 ms, found 4 plugins.
Preloading 0 native plugins for Editor in 0.00 ms.
Unloading 5008 Unused Serialized files (Serialized files now loaded: 0)
Unloading 80 unused Assets / (247.5 KB). Loaded Objects now: 5467.
Memory consumption went from 170.6 MB to 170.4 MB.
Total: 2.829100 ms (FindLiveObjects: 0.282800 ms CreateObjectMapping: 0.095100 ms MarkObjects: 2.286200 ms  DeleteObjects: 0.164400 ms)

AssetImportParameters requested are different than current active one (requested -> active):
  custom:container-demuxer-ogg: 62fdf1f143b41e24485cea50d1cbac27 -> 
  custom:video-decoder-ogg-theora: a1e56fd34408186e4bbccfd4996cb3dc -> 
  custom:framework-win-MediaFoundation: 216162199b28c13a410421893ffa2e32 -> 
  custom:CustomObjectIndexerAttribute: 9a22284fe3817be447336de3de66b15e -> 
  custom:container-demuxer-webm: 4f35f7cbe854078d1ac9338744f61a02 -> 
  custom:container-muxer-webm: aa71ff27fc2769a1b78a27578f13a17b -> 
  custom:video-decoder-webm-vp8: 9c59270c3fd7afecdb556c50c9e8de78 -> 
  custom:SearchIndexIgnoredProperties: e643bd26f0fe6173181afceb89e7c659 -> 
  custom:AudioImporter_EditorPlatform: d09bf68614088b80899f8185d706f6e7 -> 
  custom:video-encoder-webm-vp8: eb34c28f22e8b96e1ab97ce403110664 -> 
  custom:audio-decoder-ogg-vorbis: bf7c407c2cedff20999df2af8eb42d56 -> 
  custom:audio-encoder-webm-vorbis: bf7c407c2cedff20999df2af8eb42d56 -> 
========================================================================
Received Import Request.
  Time since last request: 459171.251731 seconds.
  path: Assets/ResourceData/51.UI/98.TempPackage/1.png
  artifactKey: Guid(c3302f9e51520774e9e4c178ec0dc420) Importer(815301076,1909f56bfc062723c751e8b465ee728b)
Start importing Assets/ResourceData/51.UI/98.TempPackage/1.png using Guid(c3302f9e51520774e9e4c178ec0dc420) Importer(815301076,1909f56bfc062723c751e8b465ee728b) [PhysX] Initialized MultithreadedTaskDispatcher with 16 workers.
[PhysX] Initialized MultithreadedTaskDispatcher with 16 workers.
 -> (artifact id: '4d002863d9a16ae21bb830fae8c2559c') in 0.058023 seconds
Number of updated asset objects reloaded before import = 0
Number of asset objects unloaded after import = 3
========================================================================
Received Import Request.
  Time since last request: 0.000013 seconds.
  path: Assets/ResourceData/51.UI/98.TempPackage/6277.png
  artifactKey: Guid(7ad6bcfe3d1053a4aa2f632b9b274a14) Importer(815301076,1909f56bfc062723c751e8b465ee728b)
Start importing Assets/ResourceData/51.UI/98.TempPackage/6277.png using Guid(7ad6bcfe3d1053a4aa2f632b9b274a14) Importer(815301076,1909f56bfc062723c751e8b465ee728b) [PhysX] Initialized MultithreadedTaskDispatcher with 16 workers.
[PhysX] Initialized MultithreadedTaskDispatcher with 16 workers.
 -> (artifact id: 'cf83eb659f94aa92bb89e4cbb5ee6d35') in 0.026413 seconds
Number of updated asset objects reloaded before import = 0
Number of asset objects unloaded after import = 3
========================================================================
Received Import Request.
  Time since last request: 0.000016 seconds.
  path: Assets/ResourceData/51.UI/98.TempPackage/icon_button_PU_S_2042/1391.png
  artifactKey: Guid(b8bbfebd342af0e43af4ffc386f01f8b) Importer(815301076,1909f56bfc062723c751e8b465ee728b)
Start importing Assets/ResourceData/51.UI/98.TempPackage/icon_button_PU_S_2042/1391.png using Guid(b8bbfebd342af0e43af4ffc386f01f8b) Importer(815301076,1909f56bfc062723c751e8b465ee728b) [PhysX] Initialized MultithreadedTaskDispatcher with 16 workers.
[PhysX] Initialized MultithreadedTaskDispatcher with 16 workers.
 -> (artifact id: '2bd3262885756d8c2552fb7f51b4bfb8') in 0.009712 seconds
Number of updated asset objects reloaded before import = 0
Number of asset objects unloaded after import = 3
========================================================================
Received Import Request.
  Time since last request: 0.000011 seconds.
  path: Assets/ResourceData/51.UI/98.TempPackage/44930.png
  artifactKey: Guid(75e0cb6493bcfdb4cbd18705d91b63e3) Importer(815301076,1909f56bfc062723c751e8b465ee728b)
Start importing Assets/ResourceData/51.UI/98.TempPackage/44930.png using Guid(75e0cb6493bcfdb4cbd18705d91b63e3) Importer(815301076,1909f56bfc062723c751e8b465ee728b) [PhysX] Initialized MultithreadedTaskDispatcher with 16 workers.
[PhysX] Initialized MultithreadedTaskDispatcher with 16 workers.
 -> (artifact id: '616c461fc9e37fc11147439923d24f01') in 0.011148 seconds
Number of updated asset objects reloaded before import = 0
Number of asset objects unloaded after import = 3
========================================================================
Received Import Request.
  Time since last request: 0.000011 seconds.
  path: Assets/ResourceData/51.UI/98.TempPackage/44932.png
  artifactKey: Guid(ee5cfa9677e0139448c5452807cc4c29) Importer(815301076,1909f56bfc062723c751e8b465ee728b)
Start importing Assets/ResourceData/51.UI/98.TempPackage/44932.png using Guid(ee5cfa9677e0139448c5452807cc4c29) Importer(815301076,1909f56bfc062723c751e8b465ee728b) [PhysX] Initialized MultithreadedTaskDispatcher with 16 workers.
[PhysX] Initialized MultithreadedTaskDispatcher with 16 workers.
 -> (artifact id: 'b1ec0543e039e26f95ecaf788138ccd5') in 0.008586 seconds
Number of updated asset objects reloaded before import = 0
Number of asset objects unloaded after import = 3
========================================================================
Received Import Request.
  Time since last request: 0.000008 seconds.
  path: Assets/ResourceData/51.UI/98.TempPackage/4365.png
  artifactKey: Guid(3d38291bedb73c540b5021127db2560b) Importer(815301076,1909f56bfc062723c751e8b465ee728b)
Start importing Assets/ResourceData/51.UI/98.TempPackage/4365.png using Guid(3d38291bedb73c540b5021127db2560b) Importer(815301076,1909f56bfc062723c751e8b465ee728b) [PhysX] Initialized MultithreadedTaskDispatcher with 16 workers.
[PhysX] Initialized MultithreadedTaskDispatcher with 16 workers.
 -> (artifact id: '85924dd6261c56f17d3e4121b594ccec') in 0.009847 seconds
Number of updated asset objects reloaded before import = 0
Number of asset objects unloaded after import = 3
========================================================================
Received Import Request.
  Time since last request: 0.000010 seconds.
  path: Assets/ResourceData/51.UI/98.TempPackage/44638.png
  artifactKey: Guid(6d628a0488aee0d41bc441a186e76be4) Importer(815301076,1909f56bfc062723c751e8b465ee728b)
Start importing Assets/ResourceData/51.UI/98.TempPackage/44638.png using Guid(6d628a0488aee0d41bc441a186e76be4) Importer(815301076,1909f56bfc062723c751e8b465ee728b) [PhysX] Initialized MultithreadedTaskDispatcher with 16 workers.
[PhysX] Initialized MultithreadedTaskDispatcher with 16 workers.
 -> (artifact id: 'c9e7056aec93b2eccacfd04c5ea4b7d7') in 0.009064 seconds
Number of updated asset objects reloaded before import = 0
Number of asset objects unloaded after import = 3
========================================================================
Received Import Request.
  Time since last request: 0.000009 seconds.
  path: Assets/ResourceData/51.UI/98.TempPackage/40589.png
  artifactKey: Guid(f84eb09c1d36e1d4cb5dc5b58c8df894) Importer(815301076,1909f56bfc062723c751e8b465ee728b)
Start importing Assets/ResourceData/51.UI/98.TempPackage/40589.png using Guid(f84eb09c1d36e1d4cb5dc5b58c8df894) Importer(815301076,1909f56bfc062723c751e8b465ee728b) [PhysX] Initialized MultithreadedTaskDispatcher with 16 workers.
[PhysX] Initialized MultithreadedTaskDispatcher with 16 workers.
 -> (artifact id: 'f82574c5d99d622d78f6195d73be126b') in 0.010331 seconds
Number of updated asset objects reloaded before import = 0
Number of asset objects unloaded after import = 3
========================================================================
Received Import Request.
  Time since last request: 0.000009 seconds.
  path: Assets/ResourceData/51.UI/98.TempPackage/4.png
  artifactKey: Guid(4ad99b401a821d24e8c0e61dcb0c5efe) Importer(815301076,1909f56bfc062723c751e8b465ee728b)
Start importing Assets/ResourceData/51.UI/98.TempPackage/4.png using Guid(4ad99b401a821d24e8c0e61dcb0c5efe) Importer(815301076,1909f56bfc062723c751e8b465ee728b) [PhysX] Initialized MultithreadedTaskDispatcher with 16 workers.
[PhysX] Initialized MultithreadedTaskDispatcher with 16 workers.
 -> (artifact id: 'bf86ca63936bfc81673725780d477df7') in 0.008448 seconds
Number of updated asset objects reloaded before import = 0
Number of asset objects unloaded after import = 3
========================================================================
Received Import Request.
  Time since last request: 0.000008 seconds.
  path: Assets/ResourceData/51.UI/98.TempPackage/39241.png
  artifactKey: Guid(815180535d5a94444ba64470d4e840a5) Importer(815301076,1909f56bfc062723c751e8b465ee728b)
Start importing Assets/ResourceData/51.UI/98.TempPackage/39241.png using Guid(815180535d5a94444ba64470d4e840a5) Importer(815301076,1909f56bfc062723c751e8b465ee728b) [PhysX] Initialized MultithreadedTaskDispatcher with 16 workers.
[PhysX] Initialized MultithreadedTaskDispatcher with 16 workers.
 -> (artifact id: '49d21571c4a0dd7c1744c74074204cb0') in 0.010690 seconds
Number of updated asset objects reloaded before import = 0
Number of asset objects unloaded after import = 3
========================================================================
Received Import Request.
  Time since last request: 0.000008 seconds.
  path: Assets/ResourceData/51.UI/98.TempPackage/44940.png
  artifactKey: Guid(6013d244f42f3b8418f8904b7dc88a98) Importer(815301076,1909f56bfc062723c751e8b465ee728b)
Start importing Assets/ResourceData/51.UI/98.TempPackage/44940.png using Guid(6013d244f42f3b8418f8904b7dc88a98) Importer(815301076,1909f56bfc062723c751e8b465ee728b) [PhysX] Initialized MultithreadedTaskDispatcher with 16 workers.
[PhysX] Initialized MultithreadedTaskDispatcher with 16 workers.
 -> (artifact id: '4c6fc909e6891a5d27898d3aca7d7ebb') in 0.008021 seconds
Number of updated asset objects reloaded before import = 0
Number of asset objects unloaded after import = 3
========================================================================
Received Import Request.
  Time since last request: 0.000013 seconds.
  path: Assets/ResourceData/51.UI/98.TempPackage/44935.png
  artifactKey: Guid(55205a18d9ed038418b858714516d33c) Importer(815301076,1909f56bfc062723c751e8b465ee728b)
Start importing Assets/ResourceData/51.UI/98.TempPackage/44935.png using Guid(55205a18d9ed038418b858714516d33c) Importer(815301076,1909f56bfc062723c751e8b465ee728b) [PhysX] Initialized MultithreadedTaskDispatcher with 16 workers.
[PhysX] Initialized MultithreadedTaskDispatcher with 16 workers.
 -> (artifact id: '835a9c369afd2e60b0e8274486e28fc0') in 0.008475 seconds
Number of updated asset objects reloaded before import = 0
Number of asset objects unloaded after import = 3
========================================================================
Received Import Request.
  Time since last request: 0.000028 seconds.
  path: Assets/ResourceData/51.UI/98.TempPackage/44934.png
  artifactKey: Guid(988b0f6c4df758443994da5a5d55d914) Importer(815301076,1909f56bfc062723c751e8b465ee728b)
Start importing Assets/ResourceData/51.UI/98.TempPackage/44934.png using Guid(988b0f6c4df758443994da5a5d55d914) Importer(815301076,1909f56bfc062723c751e8b465ee728b) [PhysX] Initialized MultithreadedTaskDispatcher with 16 workers.
[PhysX] Initialized MultithreadedTaskDispatcher with 16 workers.
 -> (artifact id: 'df808e9e35d3aae607b15706d3129377') in 0.008299 seconds
Number of updated asset objects reloaded before import = 0
Number of asset objects unloaded after import = 3
========================================================================
Received Import Request.
  Time since last request: 0.000008 seconds.
  path: Assets/ResourceData/51.UI/98.TempPackage/10182.png
  artifactKey: Guid(2e526365914fc5c4db225b3aded31bde) Importer(815301076,1909f56bfc062723c751e8b465ee728b)
Start importing Assets/ResourceData/51.UI/98.TempPackage/10182.png using Guid(2e526365914fc5c4db225b3aded31bde) Importer(815301076,1909f56bfc062723c751e8b465ee728b) [PhysX] Initialized MultithreadedTaskDispatcher with 16 workers.
[PhysX] Initialized MultithreadedTaskDispatcher with 16 workers.
 -> (artifact id: '259102ab5ffd23ab3fe133e88d4ca4b2') in 0.010171 seconds
Number of updated asset objects reloaded before import = 0
Number of asset objects unloaded after import = 3
========================================================================
Received Import Request.
  Time since last request: 0.000009 seconds.
  path: Assets/ResourceData/51.UI/98.TempPackage/icon_button_PU_S_2042/1395.png
  artifactKey: Guid(bf45ac2246b59074b824eaf9b5232570) Importer(815301076,1909f56bfc062723c751e8b465ee728b)
Start importing Assets/ResourceData/51.UI/98.TempPackage/icon_button_PU_S_2042/1395.png using Guid(bf45ac2246b59074b824eaf9b5232570) Importer(815301076,1909f56bfc062723c751e8b465ee728b) [PhysX] Initialized MultithreadedTaskDispatcher with 16 workers.
[PhysX] Initialized MultithreadedTaskDispatcher with 16 workers.
 -> (artifact id: '94bab20bcd4b8ea4210b298dce043728') in 0.008483 seconds
Number of updated asset objects reloaded before import = 0
Number of asset objects unloaded after import = 3
========================================================================
Received Import Request.
  Time since last request: 0.000010 seconds.
  path: Assets/ResourceData/51.UI/98.TempPackage/33115.png
  artifactKey: Guid(6d91faee547e5044ab6495b029e09209) Importer(815301076,1909f56bfc062723c751e8b465ee728b)
Start importing Assets/ResourceData/51.UI/98.TempPackage/33115.png using Guid(6d91faee547e5044ab6495b029e09209) Importer(815301076,1909f56bfc062723c751e8b465ee728b) [PhysX] Initialized MultithreadedTaskDispatcher with 16 workers.
[PhysX] Initialized MultithreadedTaskDispatcher with 16 workers.
 -> (artifact id: '701ad24b2e05e1ec1ce4758046407522') in 0.009710 seconds
Number of updated asset objects reloaded before import = 0
Number of asset objects unloaded after import = 3
========================================================================
Received Import Request.
  Time since last request: 0.000009 seconds.
  path: Assets/ResourceData/51.UI/98.TempPackage/icon_button_PU_S_2042/1370.png
  artifactKey: Guid(b0e9950bb8c4b414f94d253f18df4172) Importer(815301076,1909f56bfc062723c751e8b465ee728b)
Start importing Assets/ResourceData/51.UI/98.TempPackage/icon_button_PU_S_2042/1370.png using Guid(b0e9950bb8c4b414f94d253f18df4172) Importer(815301076,1909f56bfc062723c751e8b465ee728b) [PhysX] Initialized MultithreadedTaskDispatcher with 16 workers.
[PhysX] Initialized MultithreadedTaskDispatcher with 16 workers.
 -> (artifact id: 'ddc55bf0a2fbffe4cdf06c7ff5352cae') in 0.008918 seconds
Number of updated asset objects reloaded before import = 0
Number of asset objects unloaded after import = 3
========================================================================
Received Import Request.
  Time since last request: 0.000009 seconds.
  path: Assets/ResourceData/51.UI/98.TempPackage/44928.png
  artifactKey: Guid(c407e4293962a644697fe1bfcd916e3f) Importer(815301076,1909f56bfc062723c751e8b465ee728b)
Start importing Assets/ResourceData/51.UI/98.TempPackage/44928.png using Guid(c407e4293962a644697fe1bfcd916e3f) Importer(815301076,1909f56bfc062723c751e8b465ee728b) [PhysX] Initialized MultithreadedTaskDispatcher with 16 workers.
[PhysX] Initialized MultithreadedTaskDispatcher with 16 workers.
 -> (artifact id: 'd0b6a6facf740c627eaa794ede6e0d4b') in 0.008798 seconds
Number of updated asset objects reloaded before import = 0
Number of asset objects unloaded after import = 3
========================================================================
Received Import Request.
  Time since last request: 0.000008 seconds.
  path: Assets/ResourceData/51.UI/98.TempPackage/41253.png
  artifactKey: Guid(9db72db88e45609479159831d9812a15) Importer(815301076,1909f56bfc062723c751e8b465ee728b)
Start importing Assets/ResourceData/51.UI/98.TempPackage/41253.png using Guid(9db72db88e45609479159831d9812a15) Importer(815301076,1909f56bfc062723c751e8b465ee728b) [PhysX] Initialized MultithreadedTaskDispatcher with 16 workers.
[PhysX] Initialized MultithreadedTaskDispatcher with 16 workers.
 -> (artifact id: '1cc70cb4c63210422a0d682bdd65b4b0') in 0.010126 seconds
Number of updated asset objects reloaded before import = 0
Number of asset objects unloaded after import = 3
========================================================================
Received Import Request.
  Time since last request: 0.000009 seconds.
  path: Assets/ResourceData/51.UI/98.TempPackage/icon_button_PU_S_2042/1353.png
  artifactKey: Guid(3454ba46b4bbc4d47aef66f5abcb6ff2) Importer(815301076,1909f56bfc062723c751e8b465ee728b)
Start importing Assets/ResourceData/51.UI/98.TempPackage/icon_button_PU_S_2042/1353.png using Guid(3454ba46b4bbc4d47aef66f5abcb6ff2) Importer(815301076,1909f56bfc062723c751e8b465ee728b) [PhysX] Initialized MultithreadedTaskDispatcher with 16 workers.
[PhysX] Initialized MultithreadedTaskDispatcher with 16 workers.
 -> (artifact id: '10ecf16b120c5498e410954b1b56e04f') in 0.007887 seconds
Number of updated asset objects reloaded before import = 0
Number of asset objects unloaded after import = 3
========================================================================
Received Import Request.
  Time since last request: 0.000008 seconds.
  path: Assets/ResourceData/51.UI/98.TempPackage/icon_button_PU_S_2042/1359.png
  artifactKey: Guid(93ea002f7763a0e4db658dca1720df12) Importer(815301076,1909f56bfc062723c751e8b465ee728b)
Start importing Assets/ResourceData/51.UI/98.TempPackage/icon_button_PU_S_2042/1359.png using Guid(93ea002f7763a0e4db658dca1720df12) Importer(815301076,1909f56bfc062723c751e8b465ee728b) [PhysX] Initialized MultithreadedTaskDispatcher with 16 workers.
[PhysX] Initialized MultithreadedTaskDispatcher with 16 workers.
 -> (artifact id: 'aca0d419095d7f978b05d5abcb02a512') in 0.007000 seconds
Number of updated asset objects reloaded before import = 0
Number of asset objects unloaded after import = 3
========================================================================
Received Import Request.
  Time since last request: 0.000008 seconds.
  path: Assets/ResourceData/51.UI/98.TempPackage/44918.png
  artifactKey: Guid(69129a842803dc24a8c3a56d2b153815) Importer(815301076,1909f56bfc062723c751e8b465ee728b)
Start importing Assets/ResourceData/51.UI/98.TempPackage/44918.png using Guid(69129a842803dc24a8c3a56d2b153815) Importer(815301076,1909f56bfc062723c751e8b465ee728b) [PhysX] Initialized MultithreadedTaskDispatcher with 16 workers.
[PhysX] Initialized MultithreadedTaskDispatcher with 16 workers.
 -> (artifact id: '0a82ad65b57a770f0c906f985211cfad') in 0.007853 seconds
Number of updated asset objects reloaded before import = 0
Number of asset objects unloaded after import = 3
========================================================================
Received Import Request.
  Time since last request: 0.000007 seconds.
  path: Assets/ResourceData/51.UI/98.TempPackage/44924.png
  artifactKey: Guid(0c88cd36a4c739745922494b9be69537) Importer(815301076,1909f56bfc062723c751e8b465ee728b)
Start importing Assets/ResourceData/51.UI/98.TempPackage/44924.png using Guid(0c88cd36a4c739745922494b9be69537) Importer(815301076,1909f56bfc062723c751e8b465ee728b) [PhysX] Initialized MultithreadedTaskDispatcher with 16 workers.
[PhysX] Initialized MultithreadedTaskDispatcher with 16 workers.
 -> (artifact id: '2fbe5b90b884f236b5fc00344fb2681d') in 0.007810 seconds
Number of updated asset objects reloaded before import = 0
Number of asset objects unloaded after import = 3
========================================================================
Received Import Request.
  Time since last request: 0.000009 seconds.
  path: Assets/ResourceData/51.UI/98.TempPackage/icon_button_PU_S_2042/1371.png
  artifactKey: Guid(dec76f8d54e2ec740801679575aba0f3) Importer(815301076,1909f56bfc062723c751e8b465ee728b)
Start importing Assets/ResourceData/51.UI/98.TempPackage/icon_button_PU_S_2042/1371.png using Guid(dec76f8d54e2ec740801679575aba0f3) Importer(815301076,1909f56bfc062723c751e8b465ee728b) [PhysX] Initialized MultithreadedTaskDispatcher with 16 workers.
[PhysX] Initialized MultithreadedTaskDispatcher with 16 workers.
 -> (artifact id: '20ac73cdffa045ef9848fb8d24a8febe') in 0.008399 seconds
Number of updated asset objects reloaded before import = 0
Number of asset objects unloaded after import = 3
========================================================================
Received Import Request.
  Time since last request: 0.000012 seconds.
  path: Assets/ResourceData/51.UI/98.TempPackage/10253.png
  artifactKey: Guid(0cbb53279bb68c144b1331c80c98793a) Importer(815301076,1909f56bfc062723c751e8b465ee728b)
Start importing Assets/ResourceData/51.UI/98.TempPackage/10253.png using Guid(0cbb53279bb68c144b1331c80c98793a) Importer(815301076,1909f56bfc062723c751e8b465ee728b) [PhysX] Initialized MultithreadedTaskDispatcher with 16 workers.
[PhysX] Initialized MultithreadedTaskDispatcher with 16 workers.
 -> (artifact id: '19c3c6a0f6d5b3ce9a57b94375f5f2f1') in 0.008903 seconds
Number of updated asset objects reloaded before import = 0
Number of asset objects unloaded after import = 3
========================================================================
Received Import Request.
  Time since last request: 0.000015 seconds.
  path: Assets/ResourceData/51.UI/98.TempPackage/icon_button_PU_S_2042/1354.png
  artifactKey: Guid(89bd559ebc9a04b4483d685bf6340499) Importer(815301076,1909f56bfc062723c751e8b465ee728b)
Start importing Assets/ResourceData/51.UI/98.TempPackage/icon_button_PU_S_2042/1354.png using Guid(89bd559ebc9a04b4483d685bf6340499) Importer(815301076,1909f56bfc062723c751e8b465ee728b) [PhysX] Initialized MultithreadedTaskDispatcher with 16 workers.
[PhysX] Initialized MultithreadedTaskDispatcher with 16 workers.
 -> (artifact id: 'a2f21141c68a6d491f6175d3b20b65a5') in 0.008488 seconds
Number of updated asset objects reloaded before import = 0
Number of asset objects unloaded after import = 3
========================================================================
Received Import Request.
  Time since last request: 0.000009 seconds.
  path: Assets/ResourceData/51.UI/98.TempPackage/41256.png
  artifactKey: Guid(fdc8dcb125cb0804ea64c696ef94ccbf) Importer(815301076,1909f56bfc062723c751e8b465ee728b)
Start importing Assets/ResourceData/51.UI/98.TempPackage/41256.png using Guid(fdc8dcb125cb0804ea64c696ef94ccbf) Importer(815301076,1909f56bfc062723c751e8b465ee728b) [PhysX] Initialized MultithreadedTaskDispatcher with 16 workers.
[PhysX] Initialized MultithreadedTaskDispatcher with 16 workers.
 -> (artifact id: '2393359a6d8a741291a3893d91439b84') in 0.007886 seconds
Number of updated asset objects reloaded before import = 0
Number of asset objects unloaded after import = 3
========================================================================
Received Import Request.
  Time since last request: 0.000010 seconds.
  path: Assets/ResourceData/51.UI/98.TempPackage/44917.png
  artifactKey: Guid(73884d2026d81d24992de91ed045a163) Importer(815301076,1909f56bfc062723c751e8b465ee728b)
Start importing Assets/ResourceData/51.UI/98.TempPackage/44917.png using Guid(73884d2026d81d24992de91ed045a163) Importer(815301076,1909f56bfc062723c751e8b465ee728b) [PhysX] Initialized MultithreadedTaskDispatcher with 16 workers.
[PhysX] Initialized MultithreadedTaskDispatcher with 16 workers.
 -> (artifact id: '74aa00817225486f1ca6f984648d2e33') in 0.008253 seconds
Number of updated asset objects reloaded before import = 0
Number of asset objects unloaded after import = 3
========================================================================
Received Import Request.
  Time since last request: 0.000009 seconds.
  path: Assets/ResourceData/51.UI/98.TempPackage/10208.png
  artifactKey: Guid(ab2d838ef3d4b4b46980be460e8cef27) Importer(815301076,1909f56bfc062723c751e8b465ee728b)
Start importing Assets/ResourceData/51.UI/98.TempPackage/10208.png using Guid(ab2d838ef3d4b4b46980be460e8cef27) Importer(815301076,1909f56bfc062723c751e8b465ee728b) [PhysX] Initialized MultithreadedTaskDispatcher with 16 workers.
[PhysX] Initialized MultithreadedTaskDispatcher with 16 workers.
 -> (artifact id: '5ddec2b6eb6f9b3b4042912799826380') in 0.009335 seconds
Number of updated asset objects reloaded before import = 0
Number of asset objects unloaded after import = 3
========================================================================
Received Import Request.
  Time since last request: 0.000008 seconds.
  path: Assets/ResourceData/51.UI/98.TempPackage/10634.png
  artifactKey: Guid(44f064fd5929de2448c581df4584ad00) Importer(815301076,1909f56bfc062723c751e8b465ee728b)
Start importing Assets/ResourceData/51.UI/98.TempPackage/10634.png using Guid(44f064fd5929de2448c581df4584ad00) Importer(815301076,1909f56bfc062723c751e8b465ee728b) [PhysX] Initialized MultithreadedTaskDispatcher with 16 workers.
[PhysX] Initialized MultithreadedTaskDispatcher with 16 workers.
 -> (artifact id: '0fc0eb6a59049dd6e0b4f49f74454c85') in 0.009011 seconds
Number of updated asset objects reloaded before import = 0
Number of asset objects unloaded after import = 3
========================================================================
Received Import Request.
  Time since last request: 0.000008 seconds.
  path: Assets/ResourceData/51.UI/98.TempPackage/3132.png
  artifactKey: Guid(433c83df716e5744894a17dbbc192001) Importer(815301076,1909f56bfc062723c751e8b465ee728b)
Start importing Assets/ResourceData/51.UI/98.TempPackage/3132.png using Guid(433c83df716e5744894a17dbbc192001) Importer(815301076,1909f56bfc062723c751e8b465ee728b) [PhysX] Initialized MultithreadedTaskDispatcher with 16 workers.
[PhysX] Initialized MultithreadedTaskDispatcher with 16 workers.
 -> (artifact id: '2e14b9ab35df1796211a683036a57a15') in 0.009001 seconds
Number of updated asset objects reloaded before import = 0
Number of asset objects unloaded after import = 3
========================================================================
Received Import Request.
  Time since last request: 0.000008 seconds.
  path: Assets/ResourceData/51.UI/98.TempPackage/10191.png
  artifactKey: Guid(aea963993a8dba244bd791d9f734c7d6) Importer(815301076,1909f56bfc062723c751e8b465ee728b)
Start importing Assets/ResourceData/51.UI/98.TempPackage/10191.png using Guid(aea963993a8dba244bd791d9f734c7d6) Importer(815301076,1909f56bfc062723c751e8b465ee728b) [PhysX] Initialized MultithreadedTaskDispatcher with 16 workers.
[PhysX] Initialized MultithreadedTaskDispatcher with 16 workers.
 -> (artifact id: 'f5fea2ec3cefa7a4c7f44eb1f6fb127b') in 0.011734 seconds
Number of updated asset objects reloaded before import = 0
Number of asset objects unloaded after import = 3
========================================================================
Received Import Request.
  Time since last request: 0.000011 seconds.
  path: Assets/ResourceData/51.UI/98.TempPackage/10649.png
  artifactKey: Guid(997f468b863735d45819b8f275ebaaaf) Importer(815301076,1909f56bfc062723c751e8b465ee728b)
Start importing Assets/ResourceData/51.UI/98.TempPackage/10649.png using Guid(997f468b863735d45819b8f275ebaaaf) Importer(815301076,1909f56bfc062723c751e8b465ee728b) [PhysX] Initialized MultithreadedTaskDispatcher with 16 workers.
[PhysX] Initialized MultithreadedTaskDispatcher with 16 workers.
 -> (artifact id: '223c50ae8c7ffe396fbf9b8608aa073f') in 0.009643 seconds
Number of updated asset objects reloaded before import = 0
Number of asset objects unloaded after import = 3
========================================================================
Received Import Request.
  Time since last request: 0.000013 seconds.
  path: Assets/ResourceData/51.UI/98.TempPackage/10238.png
  artifactKey: Guid(31afb124fb2f8af4cbc5d18aaf423994) Importer(815301076,1909f56bfc062723c751e8b465ee728b)
Start importing Assets/ResourceData/51.UI/98.TempPackage/10238.png using Guid(31afb124fb2f8af4cbc5d18aaf423994) Importer(815301076,1909f56bfc062723c751e8b465ee728b) [PhysX] Initialized MultithreadedTaskDispatcher with 16 workers.
[PhysX] Initialized MultithreadedTaskDispatcher with 16 workers.
 -> (artifact id: '74b5aebd8c78b7f0c18fa2ed6d34f187') in 0.009240 seconds
Number of updated asset objects reloaded before import = 0
Number of asset objects unloaded after import = 3
========================================================================
Received Import Request.
  Time since last request: 0.000008 seconds.
  path: Assets/ResourceData/51.UI/98.TempPackage/44922.png
  artifactKey: Guid(ebe38d06e3767184bb8ed913f6fad9cd) Importer(815301076,1909f56bfc062723c751e8b465ee728b)
Start importing Assets/ResourceData/51.UI/98.TempPackage/44922.png using Guid(ebe38d06e3767184bb8ed913f6fad9cd) Importer(815301076,1909f56bfc062723c751e8b465ee728b) [PhysX] Initialized MultithreadedTaskDispatcher with 16 workers.
[PhysX] Initialized MultithreadedTaskDispatcher with 16 workers.
 -> (artifact id: 'bfe7f57528d9a51ba63efe0e659acc8d') in 0.009082 seconds
Number of updated asset objects reloaded before import = 0
Number of asset objects unloaded after import = 3
========================================================================
Received Import Request.
  Time since last request: 0.000008 seconds.
  path: Assets/ResourceData/51.UI/98.TempPackage/41257.png
  artifactKey: Guid(93a195f1770ceed409932744bde26e23) Importer(815301076,1909f56bfc062723c751e8b465ee728b)
Start importing Assets/ResourceData/51.UI/98.TempPackage/41257.png using Guid(93a195f1770ceed409932744bde26e23) Importer(815301076,1909f56bfc062723c751e8b465ee728b) [PhysX] Initialized MultithreadedTaskDispatcher with 16 workers.
[PhysX] Initialized MultithreadedTaskDispatcher with 16 workers.
 -> (artifact id: '4303f3500dd37144a6bfd8e87bd37e3c') in 0.007840 seconds
Number of updated asset objects reloaded before import = 0
Number of asset objects unloaded after import = 3
========================================================================
Received Import Request.
  Time since last request: 0.000009 seconds.
  path: Assets/ResourceData/51.UI/98.TempPackage/41258.png
  artifactKey: Guid(75cb1335bb687c1459acb8af9311375b) Importer(815301076,1909f56bfc062723c751e8b465ee728b)
Start importing Assets/ResourceData/51.UI/98.TempPackage/41258.png using Guid(75cb1335bb687c1459acb8af9311375b) Importer(815301076,1909f56bfc062723c751e8b465ee728b) [PhysX] Initialized MultithreadedTaskDispatcher with 16 workers.
[PhysX] Initialized MultithreadedTaskDispatcher with 16 workers.
 -> (artifact id: '801664475e5a7a8d932ef46b090fb67b') in 0.008874 seconds
Number of updated asset objects reloaded before import = 0
Number of asset objects unloaded after import = 3
========================================================================
Received Import Request.
  Time since last request: 0.000009 seconds.
  path: Assets/ResourceData/51.UI/98.TempPackage/44920.png
  artifactKey: Guid(53fd8059448852d429030f4450c9149a) Importer(815301076,1909f56bfc062723c751e8b465ee728b)
Start importing Assets/ResourceData/51.UI/98.TempPackage/44920.png using Guid(53fd8059448852d429030f4450c9149a) Importer(815301076,1909f56bfc062723c751e8b465ee728b) [PhysX] Initialized MultithreadedTaskDispatcher with 16 workers.
[PhysX] Initialized MultithreadedTaskDispatcher with 16 workers.
 -> (artifact id: '18c48ad6c082a5c9676314470c41de52') in 0.008937 seconds
Number of updated asset objects reloaded before import = 0
Number of asset objects unloaded after import = 3
========================================================================
Received Import Request.
  Time since last request: 0.000009 seconds.
  path: Assets/ResourceData/51.UI/98.TempPackage/10654.png
  artifactKey: Guid(9bcfcb97addaace44be59e723f700b9c) Importer(815301076,1909f56bfc062723c751e8b465ee728b)
Start importing Assets/ResourceData/51.UI/98.TempPackage/10654.png using Guid(9bcfcb97addaace44be59e723f700b9c) Importer(815301076,1909f56bfc062723c751e8b465ee728b) [PhysX] Initialized MultithreadedTaskDispatcher with 16 workers.
[PhysX] Initialized MultithreadedTaskDispatcher with 16 workers.
 -> (artifact id: 'ee7ac6c75f296d743df19ba48719179a') in 0.010253 seconds
Number of updated asset objects reloaded before import = 0
Number of asset objects unloaded after import = 3
========================================================================
Received Import Request.
  Time since last request: 0.000010 seconds.
  path: Assets/ResourceData/51.UI/98.TempPackage/10230.png
  artifactKey: Guid(eb93704110052c04fb89cc4885b93d31) Importer(815301076,1909f56bfc062723c751e8b465ee728b)
Start importing Assets/ResourceData/51.UI/98.TempPackage/10230.png using Guid(eb93704110052c04fb89cc4885b93d31) Importer(815301076,1909f56bfc062723c751e8b465ee728b) [PhysX] Initialized MultithreadedTaskDispatcher with 16 workers.
[PhysX] Initialized MultithreadedTaskDispatcher with 16 workers.
 -> (artifact id: 'cd0a7b5c1d039c981cc9341d4cc5e2f2') in 0.009311 seconds
Number of updated asset objects reloaded before import = 0
Number of asset objects unloaded after import = 3
========================================================================
Received Import Request.
  Time since last request: 0.000009 seconds.
  path: Assets/ResourceData/51.UI/98.TempPackage/10644.png
  artifactKey: Guid(ff90ca9a44c8c1d4fb7fe0ec7c5f1d55) Importer(815301076,1909f56bfc062723c751e8b465ee728b)
Start importing Assets/ResourceData/51.UI/98.TempPackage/10644.png using Guid(ff90ca9a44c8c1d4fb7fe0ec7c5f1d55) Importer(815301076,1909f56bfc062723c751e8b465ee728b) [PhysX] Initialized MultithreadedTaskDispatcher with 16 workers.
[PhysX] Initialized MultithreadedTaskDispatcher with 16 workers.
 -> (artifact id: '633ba9c997d820a2c8f60b7a2c377d9b') in 0.009218 seconds
Number of updated asset objects reloaded before import = 0
Number of asset objects unloaded after import = 3
========================================================================
Received Import Request.
  Time since last request: 0.000008 seconds.
  path: Assets/ResourceData/51.UI/98.TempPackage/icon_button_PU_S_2042/1367.png
  artifactKey: Guid(d2893afc69a7f8c42aa190d718668d5c) Importer(815301076,1909f56bfc062723c751e8b465ee728b)
Start importing Assets/ResourceData/51.UI/98.TempPackage/icon_button_PU_S_2042/1367.png using Guid(d2893afc69a7f8c42aa190d718668d5c) Importer(815301076,1909f56bfc062723c751e8b465ee728b) [PhysX] Initialized MultithreadedTaskDispatcher with 16 workers.
[PhysX] Initialized MultithreadedTaskDispatcher with 16 workers.
 -> (artifact id: 'c5301d326faa83d506a0527eb88b7cfc') in 0.008684 seconds
Number of updated asset objects reloaded before import = 0
Number of asset objects unloaded after import = 3
========================================================================
Received Import Request.
  Time since last request: 0.000009 seconds.
  path: Assets/ResourceData/51.UI/98.TempPackage/icon_button_PU_S_2042/1337.png
  artifactKey: Guid(43213d6a67638704fa24a9210ebe81c7) Importer(815301076,1909f56bfc062723c751e8b465ee728b)
Start importing Assets/ResourceData/51.UI/98.TempPackage/icon_button_PU_S_2042/1337.png using Guid(43213d6a67638704fa24a9210ebe81c7) Importer(815301076,1909f56bfc062723c751e8b465ee728b) [PhysX] Initialized MultithreadedTaskDispatcher with 16 workers.
[PhysX] Initialized MultithreadedTaskDispatcher with 16 workers.
 -> (artifact id: '9826bf26d8bf97046997c2cbe9b79820') in 0.009745 seconds
Number of updated asset objects reloaded before import = 0
Number of asset objects unloaded after import = 3
========================================================================
Received Import Request.
  Time since last request: 0.000017 seconds.
  path: Assets/ResourceData/51.UI/98.TempPackage/icon_button_PU_S_2042/1349.png
  artifactKey: Guid(47bf25422c968964ba7734ffefecb0f0) Importer(815301076,1909f56bfc062723c751e8b465ee728b)
Start importing Assets/ResourceData/51.UI/98.TempPackage/icon_button_PU_S_2042/1349.png using Guid(47bf25422c968964ba7734ffefecb0f0) Importer(815301076,1909f56bfc062723c751e8b465ee728b) [PhysX] Initialized MultithreadedTaskDispatcher with 16 workers.
[PhysX] Initialized MultithreadedTaskDispatcher with 16 workers.
 -> (artifact id: 'd7067b0ad3eb5b78d768cd8663c7db47') in 0.008628 seconds
Number of updated asset objects reloaded before import = 0
Number of asset objects unloaded after import = 3
========================================================================
Received Import Request.
  Time since last request: 0.000010 seconds.
  path: Assets/ResourceData/51.UI/98.TempPackage/41255.png
  artifactKey: Guid(c76deda83da16ee4fa7b57039fcd599e) Importer(815301076,1909f56bfc062723c751e8b465ee728b)
Start importing Assets/ResourceData/51.UI/98.TempPackage/41255.png using Guid(c76deda83da16ee4fa7b57039fcd599e) Importer(815301076,1909f56bfc062723c751e8b465ee728b) [PhysX] Initialized MultithreadedTaskDispatcher with 16 workers.
[PhysX] Initialized MultithreadedTaskDispatcher with 16 workers.
 -> (artifact id: 'a23405083b1ba5cc9ee528934e15aba2') in 0.007539 seconds
Number of updated asset objects reloaded before import = 0
Number of asset objects unloaded after import = 3
========================================================================
Received Import Request.
  Time since last request: 3.288496 seconds.
  path: Assets/ResourceData/51.UI/98.TempPackage/44942.png
  artifactKey: Guid(266ec8ce58e1b07448cf3f5058403b4e) Importer(815301076,1909f56bfc062723c751e8b465ee728b)
Start importing Assets/ResourceData/51.UI/98.TempPackage/44942.png using Guid(266ec8ce58e1b07448cf3f5058403b4e) Importer(815301076,1909f56bfc062723c751e8b465ee728b) [PhysX] Initialized MultithreadedTaskDispatcher with 16 workers.
[PhysX] Initialized MultithreadedTaskDispatcher with 16 workers.
 -> (artifact id: 'cfce8a53f22b5d774c4b886e9b96ce02') in 0.013284 seconds
Number of updated asset objects reloaded before import = 0
Number of asset objects unloaded after import = 3
========================================================================
Received Import Request.
  Time since last request: 0.000011 seconds.
  path: Assets/ResourceData/51.UI/98.TempPackage/44945.png
  artifactKey: Guid(0c6a4241d4518fa4fb57e7801f5dda40) Importer(815301076,1909f56bfc062723c751e8b465ee728b)
Start importing Assets/ResourceData/51.UI/98.TempPackage/44945.png using Guid(0c6a4241d4518fa4fb57e7801f5dda40) Importer(815301076,1909f56bfc062723c751e8b465ee728b) [PhysX] Initialized MultithreadedTaskDispatcher with 16 workers.
[PhysX] Initialized MultithreadedTaskDispatcher with 16 workers.
 -> (artifact id: '1158e041d4ce2033dca86024975f4a0d') in 0.010100 seconds
Number of updated asset objects reloaded before import = 0
Number of asset objects unloaded after import = 3
========================================================================
Received Import Request.
  Time since last request: 0.000010 seconds.
  path: Assets/ResourceData/51.UI/98.TempPackage/45105.png
  artifactKey: Guid(836ce2ccdf02cc549ad01142b77c24e2) Importer(815301076,1909f56bfc062723c751e8b465ee728b)
Start importing Assets/ResourceData/51.UI/98.TempPackage/45105.png using Guid(836ce2ccdf02cc549ad01142b77c24e2) Importer(815301076,1909f56bfc062723c751e8b465ee728b) [PhysX] Initialized MultithreadedTaskDispatcher with 16 workers.
[PhysX] Initialized MultithreadedTaskDispatcher with 16 workers.
 -> (artifact id: '7d81fb4400ccafb716a9d5a5c2653b57') in 0.011102 seconds
Number of updated asset objects reloaded before import = 0
Number of asset objects unloaded after import = 3
========================================================================
Received Import Request.
  Time since last request: 0.000010 seconds.
  path: Assets/ResourceData/51.UI/98.TempPackage/45106.png
  artifactKey: Guid(c8da86d35e1740146a04855f78296dee) Importer(815301076,1909f56bfc062723c751e8b465ee728b)
Start importing Assets/ResourceData/51.UI/98.TempPackage/45106.png using Guid(c8da86d35e1740146a04855f78296dee) Importer(815301076,1909f56bfc062723c751e8b465ee728b) [PhysX] Initialized MultithreadedTaskDispatcher with 16 workers.
[PhysX] Initialized MultithreadedTaskDispatcher with 16 workers.
 -> (artifact id: '614834e60632d825f105113a00930675') in 0.011052 seconds
Number of updated asset objects reloaded before import = 0
Number of asset objects unloaded after import = 3
========================================================================
Received Import Request.
  Time since last request: 0.000010 seconds.
  path: Assets/ResourceData/51.UI/98.TempPackage/45107.png
  artifactKey: Guid(5c76a2fa39ea7d244bc8a246321f2676) Importer(815301076,1909f56bfc062723c751e8b465ee728b)
Start importing Assets/ResourceData/51.UI/98.TempPackage/45107.png using Guid(5c76a2fa39ea7d244bc8a246321f2676) Importer(815301076,1909f56bfc062723c751e8b465ee728b) [PhysX] Initialized MultithreadedTaskDispatcher with 16 workers.
[PhysX] Initialized MultithreadedTaskDispatcher with 16 workers.
 -> (artifact id: '91683a5933d1016b8936e27e8f23fc0d') in 0.013571 seconds
Number of updated asset objects reloaded before import = 0
Number of asset objects unloaded after import = 3
========================================================================
Received Import Request.
  Time since last request: 0.031387 seconds.
  path: Assets/ResourceData/51.UI/98.TempPackage/45109.png
  artifactKey: Guid(458a3a6c4661d174bbf27e25567cc742) Importer(815301076,1909f56bfc062723c751e8b465ee728b)
Start importing Assets/ResourceData/51.UI/98.TempPackage/45109.png using Guid(458a3a6c4661d174bbf27e25567cc742) Importer(815301076,1909f56bfc062723c751e8b465ee728b) [PhysX] Initialized MultithreadedTaskDispatcher with 16 workers.
[PhysX] Initialized MultithreadedTaskDispatcher with 16 workers.
 -> (artifact id: '4f6a5f8254726f1eb95303f921dece17') in 0.012963 seconds
Number of updated asset objects reloaded before import = 0
Number of asset objects unloaded after import = 3
========================================================================
Received Import Request.
  Time since last request: 0.000012 seconds.
  path: Assets/ResourceData/51.UI/98.TempPackage/45117.png
  artifactKey: Guid(e28d26f72a37a21498607b5dd8858e5d) Importer(815301076,1909f56bfc062723c751e8b465ee728b)
Start importing Assets/ResourceData/51.UI/98.TempPackage/45117.png using Guid(e28d26f72a37a21498607b5dd8858e5d) Importer(815301076,1909f56bfc062723c751e8b465ee728b) [PhysX] Initialized MultithreadedTaskDispatcher with 16 workers.
[PhysX] Initialized MultithreadedTaskDispatcher with 16 workers.
 -> (artifact id: 'a1a77e91261ade89bfd1750f41b6b884') in 0.012702 seconds
Number of updated asset objects reloaded before import = 0
Number of asset objects unloaded after import = 3
========================================================================
Received Import Request.
  Time since last request: 0.000016 seconds.
  path: Assets/ResourceData/51.UI/98.TempPackage/45115.png
  artifactKey: Guid(d50c8ec1198e4da45a0e3d4e6e0bf288) Importer(815301076,1909f56bfc062723c751e8b465ee728b)
Start importing Assets/ResourceData/51.UI/98.TempPackage/45115.png using Guid(d50c8ec1198e4da45a0e3d4e6e0bf288) Importer(815301076,1909f56bfc062723c751e8b465ee728b) [PhysX] Initialized MultithreadedTaskDispatcher with 16 workers.
[PhysX] Initialized MultithreadedTaskDispatcher with 16 workers.
 -> (artifact id: '0d033150ce74585652d191d6a77110e9') in 0.019173 seconds
Number of updated asset objects reloaded before import = 0
Number of asset objects unloaded after import = 3
========================================================================
Received Import Request.
  Time since last request: 0.031804 seconds.
  path: Assets/ResourceData/51.UI/98.TempPackage/45120.png
  artifactKey: Guid(89ee0f43ea5e02f448e775b5fc42f3c4) Importer(815301076,1909f56bfc062723c751e8b465ee728b)
Start importing Assets/ResourceData/51.UI/98.TempPackage/45120.png using Guid(89ee0f43ea5e02f448e775b5fc42f3c4) Importer(815301076,1909f56bfc062723c751e8b465ee728b) [PhysX] Initialized MultithreadedTaskDispatcher with 16 workers.
[PhysX] Initialized MultithreadedTaskDispatcher with 16 workers.
 -> (artifact id: '1c369c13a6469680f092c479670ec628') in 0.016548 seconds
Number of updated asset objects reloaded before import = 0
Number of asset objects unloaded after import = 3
========================================================================
Received Import Request.
  Time since last request: 0.000010 seconds.
  path: Assets/ResourceData/51.UI/98.TempPackage/54444.png
  artifactKey: Guid(4c6ef096be503c147b92962208da8112) Importer(815301076,1909f56bfc062723c751e8b465ee728b)
Start importing Assets/ResourceData/51.UI/98.TempPackage/54444.png using Guid(4c6ef096be503c147b92962208da8112) Importer(815301076,1909f56bfc062723c751e8b465ee728b) [PhysX] Initialized MultithreadedTaskDispatcher with 16 workers.
[PhysX] Initialized MultithreadedTaskDispatcher with 16 workers.
 -> (artifact id: '619b97a3bf8ab16874625058f7f20977') in 0.014881 seconds
Number of updated asset objects reloaded before import = 0
Number of asset objects unloaded after import = 3
========================================================================
Received Import Request.
  Time since last request: 0.000011 seconds.
  path: Assets/ResourceData/51.UI/98.TempPackage/54441.png
  artifactKey: Guid(497969d66af637346b803a36b713347f) Importer(815301076,1909f56bfc062723c751e8b465ee728b)
Start importing Assets/ResourceData/51.UI/98.TempPackage/54441.png using Guid(497969d66af637346b803a36b713347f) Importer(815301076,1909f56bfc062723c751e8b465ee728b) [PhysX] Initialized MultithreadedTaskDispatcher with 16 workers.
[PhysX] Initialized MultithreadedTaskDispatcher with 16 workers.
 -> (artifact id: 'f60eed730c654f8e3e095433282975b4') in 0.009927 seconds
Number of updated asset objects reloaded before import = 0
Number of asset objects unloaded after import = 3
========================================================================
Received Import Request.
  Time since last request: 0.031841 seconds.
  path: Assets/ResourceData/51.UI/98.TempPackage/65504.png
  artifactKey: Guid(d780dc779aecbc84d90f7fcaf543bb7f) Importer(815301076,1909f56bfc062723c751e8b465ee728b)
Start importing Assets/ResourceData/51.UI/98.TempPackage/65504.png using Guid(d780dc779aecbc84d90f7fcaf543bb7f) Importer(815301076,1909f56bfc062723c751e8b465ee728b) [PhysX] Initialized MultithreadedTaskDispatcher with 16 workers.
[PhysX] Initialized MultithreadedTaskDispatcher with 16 workers.
 -> (artifact id: '2ea1a388d47a815d4634f5fe632e1621') in 0.012938 seconds
Number of updated asset objects reloaded before import = 0
Number of asset objects unloaded after import = 3
========================================================================
Received Import Request.
  Time since last request: 0.000010 seconds.
  path: Assets/ResourceData/51.UI/98.TempPackage/72565.png
  artifactKey: Guid(07e4cfa0cd24b7148a09e3a3a752ca6d) Importer(815301076,1909f56bfc062723c751e8b465ee728b)
Start importing Assets/ResourceData/51.UI/98.TempPackage/72565.png using Guid(07e4cfa0cd24b7148a09e3a3a752ca6d) Importer(815301076,1909f56bfc062723c751e8b465ee728b) [PhysX] Initialized MultithreadedTaskDispatcher with 16 workers.
[PhysX] Initialized MultithreadedTaskDispatcher with 16 workers.
 -> (artifact id: '8f8015e59d07c41cb8a27814903b0f2d') in 0.010489 seconds
Number of updated asset objects reloaded before import = 0
Number of asset objects unloaded after import = 3
========================================================================
Received Import Request.
  Time since last request: 0.000010 seconds.
  path: Assets/ResourceData/51.UI/98.TempPackage/72561.png
  artifactKey: Guid(d93732d7b1cc09841ade5b951f38cc8d) Importer(815301076,1909f56bfc062723c751e8b465ee728b)
Start importing Assets/ResourceData/51.UI/98.TempPackage/72561.png using Guid(d93732d7b1cc09841ade5b951f38cc8d) Importer(815301076,1909f56bfc062723c751e8b465ee728b) [PhysX] Initialized MultithreadedTaskDispatcher with 16 workers.
[PhysX] Initialized MultithreadedTaskDispatcher with 16 workers.
 -> (artifact id: 'd15fcd2d22eedaa10b4fc1cb9be36a6f') in 0.009232 seconds
Number of updated asset objects reloaded before import = 0
Number of asset objects unloaded after import = 3
========================================================================
Received Import Request.
  Time since last request: 0.277419 seconds.
  path: Assets/ResourceData/51.UI/98.TempPackage/72568.png
  artifactKey: Guid(a3f9803da5cccf344ba5e4237b4b2d4b) Importer(815301076,1909f56bfc062723c751e8b465ee728b)
Start importing Assets/ResourceData/51.UI/98.TempPackage/72568.png using Guid(a3f9803da5cccf344ba5e4237b4b2d4b) Importer(815301076,1909f56bfc062723c751e8b465ee728b) [PhysX] Initialized MultithreadedTaskDispatcher with 16 workers.
[PhysX] Initialized MultithreadedTaskDispatcher with 16 workers.
 -> (artifact id: '1a80bee3af39f845d500f022f886db3a') in 0.012262 seconds
Number of updated asset objects reloaded before import = 0
Number of asset objects unloaded after import = 3
========================================================================
Received Import Request.
  Time since last request: 0.000012 seconds.
  path: Assets/ResourceData/51.UI/98.TempPackage/72571.png
  artifactKey: Guid(0dc4427195126bb4e864c7c9079c5d17) Importer(815301076,1909f56bfc062723c751e8b465ee728b)
Start importing Assets/ResourceData/51.UI/98.TempPackage/72571.png using Guid(0dc4427195126bb4e864c7c9079c5d17) Importer(815301076,1909f56bfc062723c751e8b465ee728b) [PhysX] Initialized MultithreadedTaskDispatcher with 16 workers.
[PhysX] Initialized MultithreadedTaskDispatcher with 16 workers.
 -> (artifact id: 'b75b23a3063894c4e4fe46e593bb8a71') in 0.014848 seconds
Number of updated asset objects reloaded before import = 0
Number of asset objects unloaded after import = 3
========================================================================
Received Import Request.
  Time since last request: 0.000012 seconds.
  path: Assets/ResourceData/51.UI/98.TempPackage/72574.png
  artifactKey: Guid(e755cd542376ec546b64063db2045cf4) Importer(815301076,1909f56bfc062723c751e8b465ee728b)
Start importing Assets/ResourceData/51.UI/98.TempPackage/72574.png using Guid(e755cd542376ec546b64063db2045cf4) Importer(815301076,1909f56bfc062723c751e8b465ee728b) [PhysX] Initialized MultithreadedTaskDispatcher with 16 workers.
[PhysX] Initialized MultithreadedTaskDispatcher with 16 workers.
 -> (artifact id: 'c7f8d907eb082ef3789d896e5bed96bc') in 0.009495 seconds
Number of updated asset objects reloaded before import = 0
Number of asset objects unloaded after import = 3
========================================================================
Received Import Request.
  Time since last request: 0.009885 seconds.
  path: Assets/ResourceData/51.UI/98.TempPackage/72579.png
  artifactKey: Guid(10aa6060321dd3145bb21b0036911cbb) Importer(815301076,1909f56bfc062723c751e8b465ee728b)
Start importing Assets/ResourceData/51.UI/98.TempPackage/72579.png using Guid(10aa6060321dd3145bb21b0036911cbb) Importer(815301076,1909f56bfc062723c751e8b465ee728b) [PhysX] Initialized MultithreadedTaskDispatcher with 16 workers.
[PhysX] Initialized MultithreadedTaskDispatcher with 16 workers.
 -> (artifact id: '9ef0c3119d82c891fe3509daa5d133dd') in 0.015667 seconds
Number of updated asset objects reloaded before import = 0
Number of asset objects unloaded after import = 3
========================================================================
Received Import Request.
  Time since last request: 0.000010 seconds.
  path: Assets/ResourceData/51.UI/98.TempPackage/72584.png
  artifactKey: Guid(39ca31e520054e04fbff3db349215f34) Importer(815301076,1909f56bfc062723c751e8b465ee728b)
Start importing Assets/ResourceData/51.UI/98.TempPackage/72584.png using Guid(39ca31e520054e04fbff3db349215f34) Importer(815301076,1909f56bfc062723c751e8b465ee728b) [PhysX] Initialized MultithreadedTaskDispatcher with 16 workers.
[PhysX] Initialized MultithreadedTaskDispatcher with 16 workers.
 -> (artifact id: '0db0a953357b92c2b86bd57663f81d72') in 0.009383 seconds
Number of updated asset objects reloaded before import = 0
Number of asset objects unloaded after import = 3
========================================================================
Received Import Request.
  Time since last request: 0.000010 seconds.
  path: Assets/ResourceData/51.UI/98.TempPackage/80556.png
  artifactKey: Guid(c505412b9ac9db64ea7c00834a3dafe2) Importer(815301076,1909f56bfc062723c751e8b465ee728b)
Start importing Assets/ResourceData/51.UI/98.TempPackage/80556.png using Guid(c505412b9ac9db64ea7c00834a3dafe2) Importer(815301076,1909f56bfc062723c751e8b465ee728b) [PhysX] Initialized MultithreadedTaskDispatcher with 16 workers.
[PhysX] Initialized MultithreadedTaskDispatcher with 16 workers.
 -> (artifact id: '193685c570587bcb295e06cc30233981') in 0.012523 seconds
Number of updated asset objects reloaded before import = 0
Number of asset objects unloaded after import = 3
========================================================================
Received Import Request.
  Time since last request: 0.000257 seconds.
  path: Assets/ResourceData/51.UI/98.TempPackage/87236.png
  artifactKey: Guid(40ea9e1276569c3409713afaf060f9ed) Importer(815301076,1909f56bfc062723c751e8b465ee728b)
Start importing Assets/ResourceData/51.UI/98.TempPackage/87236.png using Guid(40ea9e1276569c3409713afaf060f9ed) Importer(815301076,1909f56bfc062723c751e8b465ee728b) [PhysX] Initialized MultithreadedTaskDispatcher with 16 workers.
[PhysX] Initialized MultithreadedTaskDispatcher with 16 workers.
 -> (artifact id: '77050fc64585fa0dbea8d49b85dbca4f') in 0.013433 seconds
Number of updated asset objects reloaded before import = 0
Number of asset objects unloaded after import = 3
========================================================================
Received Import Request.
  Time since last request: 0.000011 seconds.
  path: Assets/ResourceData/51.UI/98.TempPackage/87239.png
  artifactKey: Guid(d19482589bd523544954dbb3dc5eb85d) Importer(815301076,1909f56bfc062723c751e8b465ee728b)
Start importing Assets/ResourceData/51.UI/98.TempPackage/87239.png using Guid(d19482589bd523544954dbb3dc5eb85d) Importer(815301076,1909f56bfc062723c751e8b465ee728b) [PhysX] Initialized MultithreadedTaskDispatcher with 16 workers.
[PhysX] Initialized MultithreadedTaskDispatcher with 16 workers.
 -> (artifact id: 'a092380fb49c991eaad7f4c56a07c821') in 0.011078 seconds
Number of updated asset objects reloaded before import = 0
Number of asset objects unloaded after import = 3
========================================================================
Received Import Request.
  Time since last request: 0.000010 seconds.
  path: Assets/ResourceData/51.UI/98.TempPackage/87241.png
  artifactKey: Guid(a19895309f3ace94e84c3e26849dfbf3) Importer(815301076,1909f56bfc062723c751e8b465ee728b)
Start importing Assets/ResourceData/51.UI/98.TempPackage/87241.png using Guid(a19895309f3ace94e84c3e26849dfbf3) Importer(815301076,1909f56bfc062723c751e8b465ee728b) [PhysX] Initialized MultithreadedTaskDispatcher with 16 workers.
[PhysX] Initialized MultithreadedTaskDispatcher with 16 workers.
 -> (artifact id: '3268927beaed01cd1d1ff97543221e4d') in 0.013616 seconds
Number of updated asset objects reloaded before import = 0
Number of asset objects unloaded after import = 3
========================================================================
Received Import Request.
  Time since last request: 0.001119 seconds.
  path: Assets/ResourceData/51.UI/11.HUD/BattleHUD_StageBack.png
  artifactKey: Guid(3e0197b4c71fd804393ec847a5fcaccd) Importer(815301076,1909f56bfc062723c751e8b465ee728b)
Start importing Assets/ResourceData/51.UI/11.HUD/BattleHUD_StageBack.png using Guid(3e0197b4c71fd804393ec847a5fcaccd) Importer(815301076,1909f56bfc062723c751e8b465ee728b) [PhysX] Initialized MultithreadedTaskDispatcher with 16 workers.
[PhysX] Initialized MultithreadedTaskDispatcher with 16 workers.
 -> (artifact id: '45fc8c5a3ad61af999ca322a1c957301') in 0.010922 seconds
Number of updated asset objects reloaded before import = 0
Number of asset objects unloaded after import = 3
========================================================================
Received Import Request.
  Time since last request: 0.000010 seconds.
  path: Assets/ResourceData/51.UI/11.HUD/BattleHUD_StructureInfo_NumberBack.png
  artifactKey: Guid(356d63891e275d74d8bda87960d1190d) Importer(815301076,1909f56bfc062723c751e8b465ee728b)
Start importing Assets/ResourceData/51.UI/11.HUD/BattleHUD_StructureInfo_NumberBack.png using Guid(356d63891e275d74d8bda87960d1190d) Importer(815301076,1909f56bfc062723c751e8b465ee728b) [PhysX] Initialized MultithreadedTaskDispatcher with 16 workers.
[PhysX] Initialized MultithreadedTaskDispatcher with 16 workers.
 -> (artifact id: '4581d97c53157d268b39715adda49888') in 0.008326 seconds
Number of updated asset objects reloaded before import = 0
Number of asset objects unloaded after import = 3
========================================================================
Received Import Request.
  Time since last request: 0.000011 seconds.
  path: Assets/ResourceData/51.UI/98.TempPackage/cell_lock_2.png
  artifactKey: Guid(e7169afc01dfea24bbab574f6c8402f3) Importer(815301076,1909f56bfc062723c751e8b465ee728b)
Start importing Assets/ResourceData/51.UI/98.TempPackage/cell_lock_2.png using Guid(e7169afc01dfea24bbab574f6c8402f3) Importer(815301076,1909f56bfc062723c751e8b465ee728b) [PhysX] Initialized MultithreadedTaskDispatcher with 16 workers.
[PhysX] Initialized MultithreadedTaskDispatcher with 16 workers.
 -> (artifact id: '85d5f35da899d0606897c4e1f71584ef') in 0.017194 seconds
Number of updated asset objects reloaded before import = 0
Number of asset objects unloaded after import = 3
========================================================================
Received Import Request.
  Time since last request: 0.017006 seconds.
  path: Assets/ResourceData/50.WOResource/Character/Character_08.png
  artifactKey: Guid(bc0c6873652c05142ac89a6dafc14c37) Importer(815301076,1909f56bfc062723c751e8b465ee728b)
Start importing Assets/ResourceData/50.WOResource/Character/Character_08.png using Guid(bc0c6873652c05142ac89a6dafc14c37) Importer(815301076,1909f56bfc062723c751e8b465ee728b) [PhysX] Initialized MultithreadedTaskDispatcher with 16 workers.
[PhysX] Initialized MultithreadedTaskDispatcher with 16 workers.
 -> (artifact id: '184ad0e1f11a22155e3c8f883e42db4f') in 0.010797 seconds
Number of updated asset objects reloaded before import = 0
Number of asset objects unloaded after import = 3
========================================================================
Received Import Request.
  Time since last request: 0.000013 seconds.
  path: Assets/ResourceData/51.UI/12.Portrait/CharacterPortrait_05.png
  artifactKey: Guid(c7b6ba1770b4b4948bd479b9ea524693) Importer(815301076,1909f56bfc062723c751e8b465ee728b)
Start importing Assets/ResourceData/51.UI/12.Portrait/CharacterPortrait_05.png using Guid(c7b6ba1770b4b4948bd479b9ea524693) Importer(815301076,1909f56bfc062723c751e8b465ee728b) [PhysX] Initialized MultithreadedTaskDispatcher with 16 workers.
[PhysX] Initialized MultithreadedTaskDispatcher with 16 workers.
 -> (artifact id: '226bfe393435c5d774958860282637ce') in 0.013204 seconds
Number of updated asset objects reloaded before import = 0
Number of asset objects unloaded after import = 3
========================================================================
Received Import Request.
  Time since last request: 0.000016 seconds.
  path: Assets/ResourceData/51.UI/12.Portrait/CharacterPortrait_04.png
  artifactKey: Guid(e9f4ac81f860155409fd60d2f7375cb7) Importer(815301076,1909f56bfc062723c751e8b465ee728b)
Start importing Assets/ResourceData/51.UI/12.Portrait/CharacterPortrait_04.png using Guid(e9f4ac81f860155409fd60d2f7375cb7) Importer(815301076,1909f56bfc062723c751e8b465ee728b) [PhysX] Initialized MultithreadedTaskDispatcher with 16 workers.
[PhysX] Initialized MultithreadedTaskDispatcher with 16 workers.
 -> (artifact id: '974f25cf39d24a96eed2db1e835e5e96') in 0.008703 seconds
Number of updated asset objects reloaded before import = 0
Number of asset objects unloaded after import = 3
========================================================================
Received Import Request.
  Time since last request: 0.060329 seconds.
  path: Assets/ResourceData/51.UI/12.Portrait/CharacterPortrait_08.png
  artifactKey: Guid(992e843c809f7224c8a0c1f175d79a1d) Importer(815301076,1909f56bfc062723c751e8b465ee728b)
Start importing Assets/ResourceData/51.UI/12.Portrait/CharacterPortrait_08.png using Guid(992e843c809f7224c8a0c1f175d79a1d) Importer(815301076,1909f56bfc062723c751e8b465ee728b) [PhysX] Initialized MultithreadedTaskDispatcher with 16 workers.
[PhysX] Initialized MultithreadedTaskDispatcher with 16 workers.
 -> (artifact id: 'd90b6678f1b2990b310eb2529cdad2e7') in 0.014133 seconds
Number of updated asset objects reloaded before import = 0
Number of asset objects unloaded after import = 3
========================================================================
Received Import Request.
  Time since last request: 0.000013 seconds.
  path: Assets/ResourceData/50.WOResource/Character/CharacterResource_02.png
  artifactKey: Guid(e4e282a699b63fc42996522f1181daa5) Importer(815301076,1909f56bfc062723c751e8b465ee728b)
Start importing Assets/ResourceData/50.WOResource/Character/CharacterResource_02.png using Guid(e4e282a699b63fc42996522f1181daa5) Importer(815301076,1909f56bfc062723c751e8b465ee728b) [PhysX] Initialized MultithreadedTaskDispatcher with 16 workers.
[PhysX] Initialized MultithreadedTaskDispatcher with 16 workers.
 -> (artifact id: 'c5db7545b3d9152e45154af8f6c72c6f') in 0.010921 seconds
Number of updated asset objects reloaded before import = 0
Number of asset objects unloaded after import = 3
========================================================================
Received Import Request.
  Time since last request: 0.000010 seconds.
  path: Assets/ResourceData/51.UI/12.Portrait/CharacterPortrait_18.png
  artifactKey: Guid(963ac5f274682474099e61e02c2b9a4b) Importer(815301076,1909f56bfc062723c751e8b465ee728b)
Start importing Assets/ResourceData/51.UI/12.Portrait/CharacterPortrait_18.png using Guid(963ac5f274682474099e61e02c2b9a4b) Importer(815301076,1909f56bfc062723c751e8b465ee728b) [PhysX] Initialized MultithreadedTaskDispatcher with 16 workers.
[PhysX] Initialized MultithreadedTaskDispatcher with 16 workers.
 -> (artifact id: '3f064ffa4702c04458c999422cddfae0') in 0.010354 seconds
Number of updated asset objects reloaded before import = 0
Number of asset objects unloaded after import = 3
========================================================================
Received Import Request.
  Time since last request: 0.299101 seconds.
  path: Assets/ResourceData/50.WOResource/Character/Character02_AnimFrame/Attack_L/CharacterResource_02_Attack_L_02.png
  artifactKey: Guid(a18d0de20c452b044ad0fce14a7bfad6) Importer(815301076,1909f56bfc062723c751e8b465ee728b)
Start importing Assets/ResourceData/50.WOResource/Character/Character02_AnimFrame/Attack_L/CharacterResource_02_Attack_L_02.png using Guid(a18d0de20c452b044ad0fce14a7bfad6) Importer(815301076,1909f56bfc062723c751e8b465ee728b) [PhysX] Initialized MultithreadedTaskDispatcher with 16 workers.
[PhysX] Initialized MultithreadedTaskDispatcher with 16 workers.
 -> (artifact id: '8366049b28c6f775421a77acc4d8b2ea') in 0.012905 seconds
Number of updated asset objects reloaded before import = 0
Number of asset objects unloaded after import = 3
========================================================================
Received Import Request.
  Time since last request: 0.000012 seconds.
  path: Assets/ResourceData/50.WOResource/Character/Character02_AnimFrame/Attack_R/CharacterResource_02_Attack_R_00-export.png
  artifactKey: Guid(be1af08f61988264581b7c753d9cb738) Importer(815301076,1909f56bfc062723c751e8b465ee728b)
Start importing Assets/ResourceData/50.WOResource/Character/Character02_AnimFrame/Attack_R/CharacterResource_02_Attack_R_00-export.png using Guid(be1af08f61988264581b7c753d9cb738) Importer(815301076,1909f56bfc062723c751e8b465ee728b) [PhysX] Initialized MultithreadedTaskDispatcher with 16 workers.
[PhysX] Initialized MultithreadedTaskDispatcher with 16 workers.
 -> (artifact id: '82fd2c0cc668f50c4a340dee64c9acbe') in 0.008564 seconds
Number of updated asset objects reloaded before import = 0
Number of asset objects unloaded after import = 3
========================================================================
Received Import Request.
  Time since last request: 0.000015 seconds.
  path: Assets/ResourceData/50.WOResource/Character/Character02_AnimFrame/Attack_R/CharacterResource_02_Attack_R_03-export.png
  artifactKey: Guid(45186ef784478b740b1d8a0d929d33f9) Importer(815301076,1909f56bfc062723c751e8b465ee728b)
Start importing Assets/ResourceData/50.WOResource/Character/Character02_AnimFrame/Attack_R/CharacterResource_02_Attack_R_03-export.png using Guid(45186ef784478b740b1d8a0d929d33f9) Importer(815301076,1909f56bfc062723c751e8b465ee728b) [PhysX] Initialized MultithreadedTaskDispatcher with 16 workers.
[PhysX] Initialized MultithreadedTaskDispatcher with 16 workers.
 -> (artifact id: '2b1cb446413d21f2a01fbad3057f04df') in 0.009774 seconds
Number of updated asset objects reloaded before import = 0
Number of asset objects unloaded after import = 3
========================================================================
Received Import Request.
  Time since last request: 0.016091 seconds.
  path: Assets/ResourceData/50.WOResource/Character/CharacterResource_12.png
  artifactKey: Guid(549b50a101d708a46b95e79a659fdc2e) Importer(815301076,1909f56bfc062723c751e8b465ee728b)
Start importing Assets/ResourceData/50.WOResource/Character/CharacterResource_12.png using Guid(549b50a101d708a46b95e79a659fdc2e) Importer(815301076,1909f56bfc062723c751e8b465ee728b) [PhysX] Initialized MultithreadedTaskDispatcher with 16 workers.
[PhysX] Initialized MultithreadedTaskDispatcher with 16 workers.
 -> (artifact id: '3f22a09ffc3acbb573001a621bd7c1f3') in 0.015936 seconds
Number of updated asset objects reloaded before import = 0
Number of asset objects unloaded after import = 3
========================================================================
Received Import Request.
  Time since last request: 0.000010 seconds.
  path: Assets/ResourceData/50.WOResource/Character/CharacterResource_15.png
  artifactKey: Guid(99133c30d941cf942a6a5b54699ea7f6) Importer(815301076,1909f56bfc062723c751e8b465ee728b)
Start importing Assets/ResourceData/50.WOResource/Character/CharacterResource_15.png using Guid(99133c30d941cf942a6a5b54699ea7f6) Importer(815301076,1909f56bfc062723c751e8b465ee728b) [PhysX] Initialized MultithreadedTaskDispatcher with 16 workers.
[PhysX] Initialized MultithreadedTaskDispatcher with 16 workers.
 -> (artifact id: 'e57a9619ff29a49db9c8326ecfaca75c') in 0.011619 seconds
Number of updated asset objects reloaded before import = 0
Number of asset objects unloaded after import = 3
========================================================================
Received Import Request.
  Time since last request: 0.000009 seconds.
  path: Assets/ResourceData/50.WOResource/Character/CharacterResource_23.png
  artifactKey: Guid(61a2c70b21529804194f197dda348c3c) Importer(815301076,1909f56bfc062723c751e8b465ee728b)
Start importing Assets/ResourceData/50.WOResource/Character/CharacterResource_23.png using Guid(61a2c70b21529804194f197dda348c3c) Importer(815301076,1909f56bfc062723c751e8b465ee728b) [PhysX] Initialized MultithreadedTaskDispatcher with 16 workers.
[PhysX] Initialized MultithreadedTaskDispatcher with 16 workers.
 -> (artifact id: '91a23a0b48a0d9c7252b1b8b25a9ccc0') in 0.010011 seconds
Number of updated asset objects reloaded before import = 0
Number of asset objects unloaded after import = 3
========================================================================
Received Import Request.
  Time since last request: 0.000011 seconds.
  path: Assets/ResourceData/51.UI/51.Icon/Icon_Attack.png
  artifactKey: Guid(d6f065ac5c376714e9397340bc86b363) Importer(815301076,1909f56bfc062723c751e8b465ee728b)
Start importing Assets/ResourceData/51.UI/51.Icon/Icon_Attack.png using Guid(d6f065ac5c376714e9397340bc86b363) Importer(815301076,1909f56bfc062723c751e8b465ee728b) [PhysX] Initialized MultithreadedTaskDispatcher with 16 workers.
[PhysX] Initialized MultithreadedTaskDispatcher with 16 workers.
 -> (artifact id: '7957a2b6ce8b0d139c450f5f40405f3f') in 0.011256 seconds
Number of updated asset objects reloaded before import = 0
Number of asset objects unloaded after import = 3
========================================================================
Received Import Request.
  Time since last request: 0.000009 seconds.
  path: Assets/ResourceData/51.UI/98.TempPackage/icon_1st.png
  artifactKey: Guid(a18ff1f941f85484abdfaa4443afa461) Importer(815301076,1909f56bfc062723c751e8b465ee728b)
Start importing Assets/ResourceData/51.UI/98.TempPackage/icon_1st.png using Guid(a18ff1f941f85484abdfaa4443afa461) Importer(815301076,1909f56bfc062723c751e8b465ee728b) [PhysX] Initialized MultithreadedTaskDispatcher with 16 workers.
[PhysX] Initialized MultithreadedTaskDispatcher with 16 workers.
 -> (artifact id: '2569c54b66b7eebe9c968fd33b9856db') in 0.013855 seconds
Number of updated asset objects reloaded before import = 0
Number of asset objects unloaded after import = 3
========================================================================
Received Import Request.
  Time since last request: 0.000009 seconds.
  path: Assets/ResourceData/51.UI/98.TempPackage/lobby_fever1.png
  artifactKey: Guid(76a12ee9c1b591a48a644cec067bf46a) Importer(815301076,1909f56bfc062723c751e8b465ee728b)
Start importing Assets/ResourceData/51.UI/98.TempPackage/lobby_fever1.png using Guid(76a12ee9c1b591a48a644cec067bf46a) Importer(815301076,1909f56bfc062723c751e8b465ee728b) [PhysX] Initialized MultithreadedTaskDispatcher with 16 workers.
[PhysX] Initialized MultithreadedTaskDispatcher with 16 workers.
 -> (artifact id: 'af4cdd489515ab6f90ff39b62ef4740a') in 0.014018 seconds
Number of updated asset objects reloaded before import = 0
Number of asset objects unloaded after import = 3
========================================================================
Received Import Request.
  Time since last request: 0.000010 seconds.
  path: Assets/ResourceData/51.UI/51.Icon/Icon_Freshness.png
  artifactKey: Guid(c93a46320098c9f4b94449a1ea68d066) Importer(815301076,1909f56bfc062723c751e8b465ee728b)
Start importing Assets/ResourceData/51.UI/51.Icon/Icon_Freshness.png using Guid(c93a46320098c9f4b94449a1ea68d066) Importer(815301076,1909f56bfc062723c751e8b465ee728b) [PhysX] Initialized MultithreadedTaskDispatcher with 16 workers.
[PhysX] Initialized MultithreadedTaskDispatcher with 16 workers.
 -> (artifact id: 'f75996f18be328039148e6104b94ad43') in 0.010694 seconds
Number of updated asset objects reloaded before import = 0
Number of asset objects unloaded after import = 3
========================================================================
Received Import Request.
  Time since last request: 0.000010 seconds.
  path: Assets/ResourceData/51.UI/98.TempPackage/lobby_fever2.png
  artifactKey: Guid(4b74863899fca3b40b85731870ae1c2b) Importer(815301076,1909f56bfc062723c751e8b465ee728b)
Start importing Assets/ResourceData/51.UI/98.TempPackage/lobby_fever2.png using Guid(4b74863899fca3b40b85731870ae1c2b) Importer(815301076,1909f56bfc062723c751e8b465ee728b) [PhysX] Initialized MultithreadedTaskDispatcher with 16 workers.
[PhysX] Initialized MultithreadedTaskDispatcher with 16 workers.
 -> (artifact id: '77fab56702a320f891c68e737ea06835') in 0.009895 seconds
Number of updated asset objects reloaded before import = 0
Number of asset objects unloaded after import = 3
========================================================================
Received Import Request.
  Time since last request: 0.000011 seconds.
  path: Assets/ResourceData/51.UI/98.TempPackage/popup_reward_cell_power.png
  artifactKey: Guid(456ec6856fce5e74fab471fbc730822a) Importer(815301076,1909f56bfc062723c751e8b465ee728b)
Start importing Assets/ResourceData/51.UI/98.TempPackage/popup_reward_cell_power.png using Guid(456ec6856fce5e74fab471fbc730822a) Importer(815301076,1909f56bfc062723c751e8b465ee728b) [PhysX] Initialized MultithreadedTaskDispatcher with 16 workers.
[PhysX] Initialized MultithreadedTaskDispatcher with 16 workers.
 -> (artifact id: '53eb369055c81430e60b272754c2f338') in 0.012313 seconds
Number of updated asset objects reloaded before import = 0
Number of asset objects unloaded after import = 3
========================================================================
Received Import Request.
  Time since last request: 0.000009 seconds.
  path: Assets/ResourceData/50.WOResource/MealFactory/MealFactory01.png
  artifactKey: Guid(c518cb63c3fce0849add1acd86ca7ec4) Importer(815301076,1909f56bfc062723c751e8b465ee728b)
Start importing Assets/ResourceData/50.WOResource/MealFactory/MealFactory01.png using Guid(c518cb63c3fce0849add1acd86ca7ec4) Importer(815301076,1909f56bfc062723c751e8b465ee728b) [PhysX] Initialized MultithreadedTaskDispatcher with 16 workers.
[PhysX] Initialized MultithreadedTaskDispatcher with 16 workers.
 -> (artifact id: '6bc84dbbda3c932ed6a1ad6aadb3a452') in 0.009709 seconds
Number of updated asset objects reloaded before import = 0
Number of asset objects unloaded after import = 3
========================================================================
Received Import Request.
  Time since last request: 0.000008 seconds.
  path: Assets/ResourceData/50.WOResource/Monster/MonsterResource_01.png
  artifactKey: Guid(448746574094b714da3c1f0ecbc8d66d) Importer(815301076,1909f56bfc062723c751e8b465ee728b)
Start importing Assets/ResourceData/50.WOResource/Monster/MonsterResource_01.png using Guid(448746574094b714da3c1f0ecbc8d66d) Importer(815301076,1909f56bfc062723c751e8b465ee728b) [PhysX] Initialized MultithreadedTaskDispatcher with 16 workers.
[PhysX] Initialized MultithreadedTaskDispatcher with 16 workers.
 -> (artifact id: 'f47fdcee2a2d75f2598206264eb4f407') in 0.010467 seconds
Number of updated asset objects reloaded before import = 0
Number of asset objects unloaded after import = 3
========================================================================
Received Import Request.
  Time since last request: 0.000010 seconds.
  path: Assets/ResourceData/51.UI/98.TempPackage/popup_upgrade_cell_pet6.png
  artifactKey: Guid(004532d920f2f144297cfd94a170467a) Importer(815301076,1909f56bfc062723c751e8b465ee728b)
Start importing Assets/ResourceData/51.UI/98.TempPackage/popup_upgrade_cell_pet6.png using Guid(004532d920f2f144297cfd94a170467a) Importer(815301076,1909f56bfc062723c751e8b465ee728b) [PhysX] Initialized MultithreadedTaskDispatcher with 16 workers.
[PhysX] Initialized MultithreadedTaskDispatcher with 16 workers.
 -> (artifact id: '5f7526167db139c317198366ae75db34') in 0.008958 seconds
Number of updated asset objects reloaded before import = 0
Number of asset objects unloaded after import = 3
========================================================================
Received Import Request.
  Time since last request: 0.000009 seconds.
  path: Assets/ResourceData/51.UI/98.TempPackage/popup_upgrade_cell.png
  artifactKey: Guid(51db09aff1be10b46bb836e6630c7ada) Importer(815301076,1909f56bfc062723c751e8b465ee728b)
Start importing Assets/ResourceData/51.UI/98.TempPackage/popup_upgrade_cell.png using Guid(51db09aff1be10b46bb836e6630c7ada) Importer(815301076,1909f56bfc062723c751e8b465ee728b) [PhysX] Initialized MultithreadedTaskDispatcher with 16 workers.
[PhysX] Initialized MultithreadedTaskDispatcher with 16 workers.
 -> (artifact id: '479be67e87e9feed32d5b209217fac26') in 0.007869 seconds
Number of updated asset objects reloaded before import = 0
Number of asset objects unloaded after import = 3
========================================================================
Received Import Request.
  Time since last request: 0.000009 seconds.
  path: Assets/ResourceData/51.UI/98.TempPackage/popup_upgrade_cell_pet4.png
  artifactKey: Guid(236633ce4fa33294eb6440f10c59a51f) Importer(815301076,1909f56bfc062723c751e8b465ee728b)
Start importing Assets/ResourceData/51.UI/98.TempPackage/popup_upgrade_cell_pet4.png using Guid(236633ce4fa33294eb6440f10c59a51f) Importer(815301076,1909f56bfc062723c751e8b465ee728b) [PhysX] Initialized MultithreadedTaskDispatcher with 16 workers.
[PhysX] Initialized MultithreadedTaskDispatcher with 16 workers.
 -> (artifact id: '8193298f8c7c37feb45303626def48d4') in 0.009064 seconds
Number of updated asset objects reloaded before import = 0
Number of asset objects unloaded after import = 3
========================================================================
Received Import Request.
  Time since last request: 0.374018 seconds.
  path: Assets/Cainos/Pixel Art Top Down - Basic/Texture/TX Plant.png
  artifactKey: Guid(c3a40e1c46727b94e959990527f8e7fa) Importer(815301076,1909f56bfc062723c751e8b465ee728b)
Start importing Assets/Cainos/Pixel Art Top Down - Basic/Texture/TX Plant.png using Guid(c3a40e1c46727b94e959990527f8e7fa) Importer(815301076,1909f56bfc062723c751e8b465ee728b) [PhysX] Initialized MultithreadedTaskDispatcher with 16 workers.
[PhysX] Initialized MultithreadedTaskDispatcher with 16 workers.
 -> (artifact id: '3c837c21c4e88bb09f8d02883176918a') in 0.048890 seconds
Number of updated asset objects reloaded before import = 0
Number of asset objects unloaded after import = 30
========================================================================
Received Import Request.
  Time since last request: 21.170578 seconds.
  path: Assets/Cainos/Pixel Art Top Down - Basic/Texture/TX Props.png
  artifactKey: Guid(29c9cded5e558164aaf8c9bf08aa1510) Importer(815301076,1909f56bfc062723c751e8b465ee728b)
Start importing Assets/Cainos/Pixel Art Top Down - Basic/Texture/TX Props.png using Guid(29c9cded5e558164aaf8c9bf08aa1510) Importer(815301076,1909f56bfc062723c751e8b465ee728b) [PhysX] Initialized MultithreadedTaskDispatcher with 16 workers.
[PhysX] Initialized MultithreadedTaskDispatcher with 16 workers.
 -> (artifact id: '7346962a46c122d0812593694025367c') in 0.204247 seconds
Number of updated asset objects reloaded before import = 0
Number of asset objects unloaded after import = 50
========================================================================
Received Prepare
Begin MonoManager ReloadAssembly
- Loaded All Assemblies, in  0.425 seconds
Refreshing native plugins compatible for Editor in 4.84 ms, found 4 plugins.
Native extension for WindowsStandalone target not found
Native extension for Android target not found
Native extension for WebGL target not found
Mono: successfully reloaded assembly
- Finished resetting the current domain, in  0.976 seconds
Domain Reload Profiling: 1396ms
	BeginReloadAssembly (137ms)
		ExecutionOrderSort (0ms)
		DisableScriptedObjects (8ms)
		BackupInstance (0ms)
		ReleaseScriptingObjects (0ms)
		CreateAndSetChildDomain (31ms)
	RebuildCommonClasses (23ms)
	RebuildNativeTypeToScriptingClass (7ms)
	initialDomainReloadingComplete (26ms)
	LoadAllAssembliesAndSetupDomain (226ms)
		LoadAssemblies (273ms)
		RebuildTransferFunctionScriptingTraits (0ms)
		AnalyzeDomain (25ms)
			TypeCache.Refresh (8ms)
				TypeCache.ScanAssembly (2ms)
			ScanForSourceGeneratedMonoScriptInfo (9ms)
			ResolveRequiredComponents (7ms)
	FinalizeReload (976ms)
		ReleaseScriptCaches (0ms)
		RebuildScriptCaches (0ms)
		SetupLoadedEditorAssemblies (360ms)
			LogAssemblyErrors (0ms)
			InitializePlatformSupportModulesInManaged (22ms)
			SetLoadedEditorAssemblies (3ms)
			RefreshPlugins (0ms)
			BeforeProcessingInitializeOnLoad (91ms)
			ProcessInitializeOnLoadAttributes (205ms)
			ProcessInitializeOnLoadMethodAttributes (31ms)
			AfterProcessingInitializeOnLoad (7ms)
			EditorAssembliesLoaded (0ms)
		ExecutionOrderSort2 (0ms)
		AwakeInstancesAfterBackupRestoration (12ms)
Refreshing native plugins compatible for Editor in 5.83 ms, found 4 plugins.
Preloading 0 native plugins for Editor in 0.00 ms.
Unloading 4972 Unused Serialized files (Serialized files now loaded: 0)
Unloading 58 unused Assets / (226.1 KB). Loaded Objects now: 5635.
Memory consumption went from 164.8 MB to 164.6 MB.
Total: 2.645700 ms (FindLiveObjects: 0.285200 ms CreateObjectMapping: 0.101100 ms MarkObjects: 2.138700 ms  DeleteObjects: 0.120300 ms)

Prepare: number of updated asset objects reloaded= 0
AssetImportParameters requested are different than current active one (requested -> active):
  custom:container-demuxer-ogg: 62fdf1f143b41e24485cea50d1cbac27 -> 
  custom:video-decoder-ogg-theora: a1e56fd34408186e4bbccfd4996cb3dc -> 
  custom:framework-win-MediaFoundation: 216162199b28c13a410421893ffa2e32 -> 
  custom:CustomObjectIndexerAttribute: 9a22284fe3817be447336de3de66b15e -> 
  custom:container-demuxer-webm: 4f35f7cbe854078d1ac9338744f61a02 -> 
  custom:container-muxer-webm: aa71ff27fc2769a1b78a27578f13a17b -> 
  custom:video-decoder-webm-vp8: 9c59270c3fd7afecdb556c50c9e8de78 -> 
  custom:SearchIndexIgnoredProperties: e643bd26f0fe6173181afceb89e7c659 -> 
  custom:AudioImporter_EditorPlatform: d09bf68614088b80899f8185d706f6e7 -> 
  custom:video-encoder-webm-vp8: eb34c28f22e8b96e1ab97ce403110664 -> 
  custom:audio-decoder-ogg-vorbis: bf7c407c2cedff20999df2af8eb42d56 -> 
  custom:audio-encoder-webm-vorbis: bf7c407c2cedff20999df2af8eb42d56 -> 
